<html xmlns:math="http://exslt.org/math" xmlns:testng="http://testng.org">
   <head>
      <title>TestNG Results</title>
      <meta http-equiv="content-type" content="text/html; charset=utf-8"></meta>
      <meta http-equiv="pragma" content="no-cache"></meta>
      <meta http-equiv="cache-control" content="max-age=0"></meta>
      <meta http-equiv="cache-control" content="no-cache"></meta>
      <meta http-equiv="cache-control" content="no-store"></meta>
      <LINK rel="stylesheet" href="style.css"></LINK>
      <script type="text/javascript" src="main.js"></script>
   </head>
   <body>
      <table width="100%" style="font-size: 16px; margin-bottom: 10px;" cellspacing="1">
         <tr>
            <td width="100%">
               Test case
               
               <b>My Account- Testing</b>
            </td>
            <td style="background-color: #FFBBBB; padding: 3px 3px 3px 0;" align="center">
               <div style="width: 50px;">1</div>
            </td>
            <td style="background-color: lightgreen; padding: 3px 3px 3px 0;" align="center">
               <div style="width: 50px;">5</div>
            </td>
            <td style="background-color: #FFFFBB; padding: 3px 3px 3px 0;" align="center">
               <div style="width: 50px;">0</div>
            </td>
            <td align="center" style="background-color: #eaf0f7; padding: 3px 3px 3px 0;">
               <div style="width: 50px;">6</div>
            </td>
            <td align="center"
                style="font-weight: bold; background-color: #eaf0f7; padding: 3px 3px 3px 0;">
               <div style="width: 50px;">83%</div>
            </td>
            <td style="background-color: #eaf0f7; padding: 3px 3px 3px 0;" align="center"
                nowrap="true">5m
               34s
               
            </td>
         </tr>
      </table>
      <div style="width: 200px;">
         <label for="groupMethodsCheckBox" style="font-weight: bold; margin: 0;">
            <input id="groupMethodsCheckBox" type="checkbox" onclick="switchTestMethodsView(this)"
                   checked=""></input>
            Group by class
            
         </label>
         <br></br>
         <label for="methodsFilter_ALL" style="font-weight: bold; margin: 0;">
            <input id="methodsFilter_ALL" type="checkbox"
                   onclick="testMethodsFilterChanged(this, 'ALL')"
                   checked=""></input>
            All
            
         </label>
      </div>
      <label for="methodsFilter_FAIL" style="margin-left: 20px;">
         <input id="methodsFilter_FAIL" type="checkbox"
                onclick="testMethodsFilterChanged(this, 'FAIL')"
                checked=""></input>
         Failed
         
      </label>
      <label for="methodsFilter_PASS">
         <input id="methodsFilter_PASS" type="checkbox"
                onclick="testMethodsFilterChanged(this, 'PASS')"
                checked=""></input>
         Passed
         
      </label>
      <label for="methodsFilter_SKIP">
         <input id="methodsFilter_SKIP" type="checkbox"
                onclick="testMethodsFilterChanged(this, 'SKIP')"
                checked=""></input>
         Skipped
         
      </label>
      <label for="methodsFilter_CONF">
         <input id="methodsFilter_CONF" type="checkbox"
                onclick="testMethodsFilterChanged(this, 'CONF')"
                checked=""></input>
         Config
         
      </label>
      <br></br>
      <div id="testMethodsByStatus" style="display: none;">
         <table class="testMethodsTable" cellpadding="0" cellspacing="0">
            <tr class="methodsTableHeader">
               <td width="100%">Name</td>
               <td nowrap="true">Started</td>
               <td nowrap="true">Duration</td>
               <td>Exception</td>
            </tr>
            <tr id="com.test.regression.cub.testscripts.MyAccount_ChangePwdValid_byStatus_failed_FAIL1_row"
                class="testMethodStatusFAIL">
               <td width="100%" class="firstMethodCell">
                  <a onclick="toggleDetailsVisibility('com.test.regression.cub.testscripts.MyAccount_ChangePwdValid_byStatus_failed_FAIL1_details')">ChangePwdValid()</a>
               </td>
               <td nowrap="true">15:20:50</td>
               <td nowrap="true" align="right">52s
                  
               </td>
               <td nowrap="true">
                  <a onclick="toggleDetailsVisibility('com.test.regression.cub.testscripts.MyAccount_ChangePwdValid_byStatus_failed_FAIL1_exception')">java.lang.AssertionError: 
                     unknown error: Element is not clickable at point (907, 87). Other element would receive the click: &lt;div class="ss-overlay"
                     style="display: block;"&gt;&lt;/div&gt;
                     (Session info: chrome=51.0.2704.103)
                     (Driver info: chromedriver=2.22.397933 (1cab651507b88dec79b2b2a22d1943c01833cc1b),platform=Windows NT 6.1.7601 SP1 x86_64)
                     (WARNING: The server did not provide any stacktrace information)
                     Command duration or timeout: 72 milliseconds
                     Build info: version: '2.53.0', revision: '35ae25b1534ae328c771e0856c93e187490ca824', time: '2016-03-15 10:43:46'
                     System info: host: 'SDEVPCSVU7112', ip: '10.15.142.48', os.name: 'Windows 7', os.arch: 'amd64', os.version: '6.1', java.version:
                     '1.8.0_91'
                     Driver info: org.openqa.selenium.chrome.ChromeDriver
                     Capabilities [{applicationCacheEnabled=false, rotatable=false, mobileEmulationEnabled=false, chrome={chromedriverVersion=2.22.397933
                     (1cab651507b88dec79b2b2a22d1943c01833cc1b), userDataDir=C:\Users\jrag00m\AppData\Local\Temp\scoped_dir731536_22148}, takesHeapSnapshot=true,
                     databaseEnabled=false, handlesAlerts=true, hasTouchScreen=false, version=51.0.2704.103, platform=XP, browserConnectionEnabled=false,
                     nativeEvents=true, acceptSslCerts=true, locationContextEnabled=true, webStorageEnabled=true, browserName=chrome, takesScreenshot=true,
                     javascriptEnabled=true, cssSelectorsEnabled=true}]
                     Session ID: 72f3b6e492cf64a6a0dcfaf613a41d02
                     
                  </a>
                   
                  
               </td>
            </tr>
            <tr>
               <td colspan="4" class="detailsBox">
                  <div id="com.test.regression.cub.testscripts.MyAccount_ChangePwdValid_byStatus_failed_FAIL1_details"
                       class="testMethodDetails">
                     <div>
                        <b>Name: </b>ChangePwdValid
                     </div>
                     <div>
                        <b>Signature: </b>ChangePwdValid()[pri:0, instance:com.test.regression.cub.testscripts.MyAccount@369f73a2]
                     </div>
                     <div>
                        <b>Start time: </b>15:20:50
                     </div>
                     <div>
                        <b>End time: </b>15:21:42
                     </div>
                     <div>
                        <b>Duration: </b>52s
                        
                     </div>
                  </div>
               </td>
            </tr>
            <tr>
               <td colspan="4" class="detailsBox">
                  <div id="com.test.regression.cub.testscripts.MyAccount_ChangePwdValid_byStatus_failed_FAIL1_exception"
                       class="testMethodDetails">
                     <pre style="padding: 5px; margin: 0;">java.lang.AssertionError: unknown error: Element is not clickable at point (907, 87). Other element would receive the click:
                        &lt;div class="ss-overlay" style="display: block;"&gt;&lt;/div&gt;
                        (Session info: chrome=51.0.2704.103)
                        (Driver info: chromedriver=2.22.397933 (1cab651507b88dec79b2b2a22d1943c01833cc1b),platform=Windows NT 6.1.7601 SP1 x86_64)
                        (WARNING: The server did not provide any stacktrace information)
                        Command duration or timeout: 72 milliseconds
                        Build info: version: '2.53.0', revision: '35ae25b1534ae328c771e0856c93e187490ca824', time: '2016-03-15 10:43:46'
                        System info: host: 'SDEVPCSVU7112', ip: '10.15.142.48', os.name: 'Windows 7', os.arch: 'amd64', os.version: '6.1', java.version:
                        '1.8.0_91'
                        Driver info: org.openqa.selenium.chrome.ChromeDriver
                        Capabilities [{applicationCacheEnabled=false, rotatable=false, mobileEmulationEnabled=false, chrome={chromedriverVersion=2.22.397933
                        (1cab651507b88dec79b2b2a22d1943c01833cc1b), userDataDir=C:\Users\jrag00m\AppData\Local\Temp\scoped_dir731536_22148}, takesHeapSnapshot=true,
                        databaseEnabled=false, handlesAlerts=true, hasTouchScreen=false, version=51.0.2704.103, platform=XP, browserConnectionEnabled=false,
                        nativeEvents=true, acceptSslCerts=true, locationContextEnabled=true, webStorageEnabled=true, browserName=chrome, takesScreenshot=true,
                        javascriptEnabled=true, cssSelectorsEnabled=true}]
                        Session ID: 72f3b6e492cf64a6a0dcfaf613a41d02
                        	at org.testng.Assert.fail(Assert.java:94)
                        	at com.test.regression.cub.testscripts.MyAccount.ChangePwdValid(MyAccount.java:105)
                        	at sun.reflect.NativeMethodAccessorImpl.invoke0(Native Method)
                        	at sun.reflect.NativeMethodAccessorImpl.invoke(Unknown Source)
                        	at sun.reflect.DelegatingMethodAccessorImpl.invoke(Unknown Source)
                        	at java.lang.reflect.Method.invoke(Unknown Source)
                        	at org.testng.internal.MethodInvocationHelper.invokeMethod(MethodInvocationHelper.java:80)
                        	at org.testng.internal.Invoker.invokeMethod(Invoker.java:714)
                        	at org.testng.internal.Invoker.invokeTestMethod(Invoker.java:901)
                        	at org.testng.internal.Invoker.invokeTestMethods(Invoker.java:1231)
                        	at org.testng.internal.TestMethodWorker.invokeTestMethods(TestMethodWorker.java:127)
                        	at org.testng.internal.TestMethodWorker.run(TestMethodWorker.java:111)
                        	at org.testng.TestRunner.privateRun(TestRunner.java:767)
                        	at org.testng.TestRunner.run(TestRunner.java:617)
                        	at org.testng.SuiteRunner.runTest(SuiteRunner.java:334)
                        	at org.testng.SuiteRunner.runSequentially(SuiteRunner.java:329)
                        	at org.testng.SuiteRunner.privateRun(SuiteRunner.java:291)
                        	at org.testng.SuiteRunner.run(SuiteRunner.java:240)
                        	at org.testng.SuiteRunnerWorker.runSuite(SuiteRunnerWorker.java:52)
                        	at org.testng.SuiteRunnerWorker.run(SuiteRunnerWorker.java:86)
                        	at org.testng.TestNG.runSuitesSequentially(TestNG.java:1198)
                        	at org.testng.TestNG.runSuitesLocally(TestNG.java:1123)
                        	at org.testng.TestNG.run(TestNG.java:1031)
                        	at org.testng.remote.AbstractRemoteTestNG.run(AbstractRemoteTestNG.java:126)
                        	at org.testng.remote.RemoteTestNG.initAndRun(RemoteTestNG.java:75)
                        	at org.testng.remote.RemoteTestNG.main(RemoteTestNG.java:46)
                     </pre>
                  </div>
               </td>
            </tr>
            <tr id="com.test.regression.cub.testscripts.MyAccount_initialization_byStatus_passed_PASS1_row"
                class="testMethodStatusPASS testMethodStatusCONF">
               <td width="100%" class="firstMethodCell">
                  <a onclick="toggleDetailsVisibility('com.test.regression.cub.testscripts.MyAccount_initialization_byStatus_passed_PASS1_details')">initialization(public void com.test.regression.cub.testscripts.MyAccount.ChangePwdValid())</a>
               </td>
               <td nowrap="true">15:20:34</td>
               <td nowrap="true" align="right">16s
                  
               </td>
               <td nowrap="true">
                   
                  
               </td>
            </tr>
            <tr>
               <td colspan="4" class="detailsBox">
                  <div id="com.test.regression.cub.testscripts.MyAccount_initialization_byStatus_passed_PASS1_details"
                       class="testMethodDetails">
                     <div>
                        <b>Name: </b>initialization
                     </div>
                     <div>
                        <b>Signature: </b>initialization(java.lang.reflect.Method)[pri:0, instance:com.test.regression.cub.testscripts.MyAccount@369f73a2]
                     </div>
                     <div>
                        <b>Parameters: </b>
                        
                        public void com.test.regression.cub.testscripts.MyAccount.ChangePwdValid()
                        
                        
                     </div>
                     <div>
                        <b>Start time: </b>15:20:34
                     </div>
                     <div>
                        <b>End time: </b>15:20:50
                     </div>
                     <div>
                        <b>Duration: </b>16s
                        
                     </div>
                  </div>
               </td>
            </tr>
            <tr></tr>
            <tr id="com.test.regression.cub.testscripts.MyAccount_breakDown_byStatus_passed_PASS2_row"
                class="testMethodStatusPASS testMethodStatusCONF">
               <td width="100%" class="firstMethodCell">
                  <a onclick="toggleDetailsVisibility('com.test.regression.cub.testscripts.MyAccount_breakDown_byStatus_passed_PASS2_details')">breakDown([TestResult name=ChangePwdValid status=FAILURE method=MyAccount.ChangePwdValid()[pri:0, instance:com.test.regression.cub.testscripts.MyAccount@369f73a2]
                     output={null}])
                  </a>
               </td>
               <td nowrap="true">15:21:42</td>
               <td nowrap="true" align="right">463 ms
                  
               </td>
               <td nowrap="true">
                   
                  
               </td>
            </tr>
            <tr>
               <td colspan="4" class="detailsBox">
                  <div id="com.test.regression.cub.testscripts.MyAccount_breakDown_byStatus_passed_PASS2_details"
                       class="testMethodDetails">
                     <div>
                        <b>Name: </b>breakDown
                     </div>
                     <div>
                        <b>Signature: </b>breakDown(org.testng.ITestResult)[pri:0, instance:com.test.regression.cub.testscripts.MyAccount@369f73a2]
                     </div>
                     <div>
                        <b>Parameters: </b>
                        
                        [TestResult name=ChangePwdValid status=FAILURE method=MyAccount.ChangePwdValid()[pri:0, instance:com.test.regression.cub.testscripts.MyAccount@369f73a2]
                        output={null}]
                        
                        
                     </div>
                     <div>
                        <b>Start time: </b>15:21:42
                     </div>
                     <div>
                        <b>End time: </b>15:21:43
                     </div>
                     <div>
                        <b>Duration: </b>463 ms
                        
                     </div>
                  </div>
               </td>
            </tr>
            <tr></tr>
            <tr id="com.test.regression.cub.testscripts.MyAccount_closeDriver_byStatus_passed_PASS3_row"
                class="testMethodStatusPASS testMethodStatusCONF">
               <td width="100%" class="firstMethodCell">
                  <a onclick="toggleDetailsVisibility('com.test.regression.cub.testscripts.MyAccount_closeDriver_byStatus_passed_PASS3_details')">closeDriver(public void com.test.regression.cub.testscripts.MyAccount.ChangePwdValid())</a>
               </td>
               <td nowrap="true">15:21:43</td>
               <td nowrap="true" align="right">3s
                  
               </td>
               <td nowrap="true">
                   
                  
               </td>
            </tr>
            <tr>
               <td colspan="4" class="detailsBox">
                  <div id="com.test.regression.cub.testscripts.MyAccount_closeDriver_byStatus_passed_PASS3_details"
                       class="testMethodDetails">
                     <div>
                        <b>Name: </b>closeDriver
                     </div>
                     <div>
                        <b>Signature: </b>closeDriver(java.lang.reflect.Method)[pri:0, instance:com.test.regression.cub.testscripts.MyAccount@369f73a2]
                     </div>
                     <div>
                        <b>Parameters: </b>
                        
                        public void com.test.regression.cub.testscripts.MyAccount.ChangePwdValid()
                        
                        
                     </div>
                     <div>
                        <b>Start time: </b>15:21:43
                     </div>
                     <div>
                        <b>End time: </b>15:21:46
                     </div>
                     <div>
                        <b>Duration: </b>3s
                        
                     </div>
                  </div>
               </td>
            </tr>
            <tr></tr>
            <tr id="com.test.regression.cub.testscripts.MyAccount_initialization_byStatus_passed_PASS4_row"
                class="testMethodStatusPASS testMethodStatusCONF">
               <td width="100%" class="firstMethodCell">
                  <a onclick="toggleDetailsVisibility('com.test.regression.cub.testscripts.MyAccount_initialization_byStatus_passed_PASS4_details')">initialization(public void com.test.regression.cub.testscripts.MyAccount.ChangePwdWrongOldPwd())</a>
               </td>
               <td nowrap="true">15:21:46</td>
               <td nowrap="true" align="right">16s
                  
               </td>
               <td nowrap="true">
                   
                  
               </td>
            </tr>
            <tr>
               <td colspan="4" class="detailsBox">
                  <div id="com.test.regression.cub.testscripts.MyAccount_initialization_byStatus_passed_PASS4_details"
                       class="testMethodDetails">
                     <div>
                        <b>Name: </b>initialization
                     </div>
                     <div>
                        <b>Signature: </b>initialization(java.lang.reflect.Method)[pri:0, instance:com.test.regression.cub.testscripts.MyAccount@369f73a2]
                     </div>
                     <div>
                        <b>Parameters: </b>
                        
                        public void com.test.regression.cub.testscripts.MyAccount.ChangePwdWrongOldPwd()
                        
                        
                     </div>
                     <div>
                        <b>Start time: </b>15:21:46
                     </div>
                     <div>
                        <b>End time: </b>15:22:03
                     </div>
                     <div>
                        <b>Duration: </b>16s
                        
                     </div>
                  </div>
               </td>
            </tr>
            <tr></tr>
            <tr id="com.test.regression.cub.testscripts.MyAccount_ChangePwdWrongOldPwd_byStatus_passed_PASS5_row"
                class="testMethodStatusPASS">
               <td width="100%" class="firstMethodCell">
                  <a onclick="toggleDetailsVisibility('com.test.regression.cub.testscripts.MyAccount_ChangePwdWrongOldPwd_byStatus_passed_PASS5_details')">ChangePwdWrongOldPwd()</a>
               </td>
               <td nowrap="true">15:22:03</td>
               <td nowrap="true" align="right">21s
                  
               </td>
               <td nowrap="true">
                   
                  
               </td>
            </tr>
            <tr>
               <td colspan="4" class="detailsBox">
                  <div id="com.test.regression.cub.testscripts.MyAccount_ChangePwdWrongOldPwd_byStatus_passed_PASS5_details"
                       class="testMethodDetails">
                     <div>
                        <b>Name: </b>ChangePwdWrongOldPwd
                     </div>
                     <div>
                        <b>Signature: </b>ChangePwdWrongOldPwd()[pri:0, instance:com.test.regression.cub.testscripts.MyAccount@369f73a2]
                     </div>
                     <div>
                        <b>Start time: </b>15:22:03
                     </div>
                     <div>
                        <b>End time: </b>15:22:24
                     </div>
                     <div>
                        <b>Duration: </b>21s
                        
                     </div>
                  </div>
               </td>
            </tr>
            <tr></tr>
            <tr id="com.test.regression.cub.testscripts.MyAccount_breakDown_byStatus_passed_PASS6_row"
                class="testMethodStatusPASS testMethodStatusCONF">
               <td width="100%" class="firstMethodCell">
                  <a onclick="toggleDetailsVisibility('com.test.regression.cub.testscripts.MyAccount_breakDown_byStatus_passed_PASS6_details')">breakDown([TestResult name=ChangePwdWrongOldPwd status=SUCCESS method=MyAccount.ChangePwdWrongOldPwd()[pri:0, instance:com.test.regression.cub.testscripts.MyAccount@369f73a2]
                     output={null}])
                  </a>
               </td>
               <td nowrap="true">15:22:24</td>
               <td nowrap="true" align="right">1 ms
                  
               </td>
               <td nowrap="true">
                   
                  
               </td>
            </tr>
            <tr>
               <td colspan="4" class="detailsBox">
                  <div id="com.test.regression.cub.testscripts.MyAccount_breakDown_byStatus_passed_PASS6_details"
                       class="testMethodDetails">
                     <div>
                        <b>Name: </b>breakDown
                     </div>
                     <div>
                        <b>Signature: </b>breakDown(org.testng.ITestResult)[pri:0, instance:com.test.regression.cub.testscripts.MyAccount@369f73a2]
                     </div>
                     <div>
                        <b>Parameters: </b>
                        
                        [TestResult name=ChangePwdWrongOldPwd status=SUCCESS method=MyAccount.ChangePwdWrongOldPwd()[pri:0, instance:com.test.regression.cub.testscripts.MyAccount@369f73a2]
                        output={null}]
                        
                        
                     </div>
                     <div>
                        <b>Start time: </b>15:22:24
                     </div>
                     <div>
                        <b>End time: </b>15:22:24
                     </div>
                     <div>
                        <b>Duration: </b>1 ms
                        
                     </div>
                  </div>
               </td>
            </tr>
            <tr></tr>
            <tr id="com.test.regression.cub.testscripts.MyAccount_closeDriver_byStatus_passed_PASS7_row"
                class="testMethodStatusPASS testMethodStatusCONF">
               <td width="100%" class="firstMethodCell">
                  <a onclick="toggleDetailsVisibility('com.test.regression.cub.testscripts.MyAccount_closeDriver_byStatus_passed_PASS7_details')">closeDriver(public void com.test.regression.cub.testscripts.MyAccount.ChangePwdWrongOldPwd())</a>
               </td>
               <td nowrap="true">15:22:24</td>
               <td nowrap="true" align="right">3s
                  
               </td>
               <td nowrap="true">
                   
                  
               </td>
            </tr>
            <tr>
               <td colspan="4" class="detailsBox">
                  <div id="com.test.regression.cub.testscripts.MyAccount_closeDriver_byStatus_passed_PASS7_details"
                       class="testMethodDetails">
                     <div>
                        <b>Name: </b>closeDriver
                     </div>
                     <div>
                        <b>Signature: </b>closeDriver(java.lang.reflect.Method)[pri:0, instance:com.test.regression.cub.testscripts.MyAccount@369f73a2]
                     </div>
                     <div>
                        <b>Parameters: </b>
                        
                        public void com.test.regression.cub.testscripts.MyAccount.ChangePwdWrongOldPwd()
                        
                        
                     </div>
                     <div>
                        <b>Start time: </b>15:22:24
                     </div>
                     <div>
                        <b>End time: </b>15:22:28
                     </div>
                     <div>
                        <b>Duration: </b>3s
                        
                     </div>
                  </div>
               </td>
            </tr>
            <tr></tr>
            <tr id="com.test.regression.cub.testscripts.MyAccount_initialization_byStatus_passed_PASS8_row"
                class="testMethodStatusPASS testMethodStatusCONF">
               <td width="100%" class="firstMethodCell">
                  <a onclick="toggleDetailsVisibility('com.test.regression.cub.testscripts.MyAccount_initialization_byStatus_passed_PASS8_details')">initialization(public void com.test.regression.cub.testscripts.MyAccount.ChangePwdSpace())</a>
               </td>
               <td nowrap="true">15:22:28</td>
               <td nowrap="true" align="right">15s
                  
               </td>
               <td nowrap="true">
                   
                  
               </td>
            </tr>
            <tr>
               <td colspan="4" class="detailsBox">
                  <div id="com.test.regression.cub.testscripts.MyAccount_initialization_byStatus_passed_PASS8_details"
                       class="testMethodDetails">
                     <div>
                        <b>Name: </b>initialization
                     </div>
                     <div>
                        <b>Signature: </b>initialization(java.lang.reflect.Method)[pri:0, instance:com.test.regression.cub.testscripts.MyAccount@369f73a2]
                     </div>
                     <div>
                        <b>Parameters: </b>
                        
                        public void com.test.regression.cub.testscripts.MyAccount.ChangePwdSpace()
                        
                        
                     </div>
                     <div>
                        <b>Start time: </b>15:22:28
                     </div>
                     <div>
                        <b>End time: </b>15:22:44
                     </div>
                     <div>
                        <b>Duration: </b>15s
                        
                     </div>
                  </div>
               </td>
            </tr>
            <tr></tr>
            <tr id="com.test.regression.cub.testscripts.MyAccount_ChangePwdSpace_byStatus_passed_PASS9_row"
                class="testMethodStatusPASS">
               <td width="100%" class="firstMethodCell">
                  <a onclick="toggleDetailsVisibility('com.test.regression.cub.testscripts.MyAccount_ChangePwdSpace_byStatus_passed_PASS9_details')">ChangePwdSpace()</a>
               </td>
               <td nowrap="true">15:22:44</td>
               <td nowrap="true" align="right">28s
                  
               </td>
               <td nowrap="true">
                   
                  
               </td>
            </tr>
            <tr>
               <td colspan="4" class="detailsBox">
                  <div id="com.test.regression.cub.testscripts.MyAccount_ChangePwdSpace_byStatus_passed_PASS9_details"
                       class="testMethodDetails">
                     <div>
                        <b>Name: </b>ChangePwdSpace
                     </div>
                     <div>
                        <b>Signature: </b>ChangePwdSpace()[pri:0, instance:com.test.regression.cub.testscripts.MyAccount@369f73a2]
                     </div>
                     <div>
                        <b>Start time: </b>15:22:44
                     </div>
                     <div>
                        <b>End time: </b>15:23:12
                     </div>
                     <div>
                        <b>Duration: </b>28s
                        
                     </div>
                  </div>
               </td>
            </tr>
            <tr></tr>
            <tr id="com.test.regression.cub.testscripts.MyAccount_closeDriver_byStatus_passed_PASS10_row"
                class="testMethodStatusPASS testMethodStatusCONF">
               <td width="100%" class="firstMethodCell">
                  <a onclick="toggleDetailsVisibility('com.test.regression.cub.testscripts.MyAccount_closeDriver_byStatus_passed_PASS10_details')">closeDriver(public void com.test.regression.cub.testscripts.MyAccount.ChangePwdSpace())</a>
               </td>
               <td nowrap="true">15:23:12</td>
               <td nowrap="true" align="right">2s
                  
               </td>
               <td nowrap="true">
                   
                  
               </td>
            </tr>
            <tr>
               <td colspan="4" class="detailsBox">
                  <div id="com.test.regression.cub.testscripts.MyAccount_closeDriver_byStatus_passed_PASS10_details"
                       class="testMethodDetails">
                     <div>
                        <b>Name: </b>closeDriver
                     </div>
                     <div>
                        <b>Signature: </b>closeDriver(java.lang.reflect.Method)[pri:0, instance:com.test.regression.cub.testscripts.MyAccount@369f73a2]
                     </div>
                     <div>
                        <b>Parameters: </b>
                        
                        public void com.test.regression.cub.testscripts.MyAccount.ChangePwdSpace()
                        
                        
                     </div>
                     <div>
                        <b>Start time: </b>15:23:12
                     </div>
                     <div>
                        <b>End time: </b>15:23:15
                     </div>
                     <div>
                        <b>Duration: </b>2s
                        
                     </div>
                  </div>
               </td>
            </tr>
            <tr></tr>
            <tr id="com.test.regression.cub.testscripts.MyAccount_breakDown_byStatus_passed_PASS11_row"
                class="testMethodStatusPASS testMethodStatusCONF">
               <td width="100%" class="firstMethodCell">
                  <a onclick="toggleDetailsVisibility('com.test.regression.cub.testscripts.MyAccount_breakDown_byStatus_passed_PASS11_details')">breakDown([TestResult name=ChangePwdSpace status=SUCCESS method=MyAccount.ChangePwdSpace()[pri:0, instance:com.test.regression.cub.testscripts.MyAccount@369f73a2]
                     output={null}])
                  </a>
               </td>
               <td nowrap="true">15:23:12</td>
               <td nowrap="true" align="right">0 ms
                  
               </td>
               <td nowrap="true">
                   
                  
               </td>
            </tr>
            <tr>
               <td colspan="4" class="detailsBox">
                  <div id="com.test.regression.cub.testscripts.MyAccount_breakDown_byStatus_passed_PASS11_details"
                       class="testMethodDetails">
                     <div>
                        <b>Name: </b>breakDown
                     </div>
                     <div>
                        <b>Signature: </b>breakDown(org.testng.ITestResult)[pri:0, instance:com.test.regression.cub.testscripts.MyAccount@369f73a2]
                     </div>
                     <div>
                        <b>Parameters: </b>
                        
                        [TestResult name=ChangePwdSpace status=SUCCESS method=MyAccount.ChangePwdSpace()[pri:0, instance:com.test.regression.cub.testscripts.MyAccount@369f73a2]
                        output={null}]
                        
                        
                     </div>
                     <div>
                        <b>Start time: </b>15:23:12
                     </div>
                     <div>
                        <b>End time: </b>15:23:12
                     </div>
                     <div>
                        <b>Duration: </b>0 ms
                        
                     </div>
                  </div>
               </td>
            </tr>
            <tr></tr>
            <tr id="com.test.regression.cub.testscripts.MyAccount_initialization_byStatus_passed_PASS12_row"
                class="testMethodStatusPASS testMethodStatusCONF">
               <td width="100%" class="firstMethodCell">
                  <a onclick="toggleDetailsVisibility('com.test.regression.cub.testscripts.MyAccount_initialization_byStatus_passed_PASS12_details')">initialization(public void com.test.regression.cub.testscripts.MyAccount.ChangePwdLengthyPwd())</a>
               </td>
               <td nowrap="true">15:23:15</td>
               <td nowrap="true" align="right">17s
                  
               </td>
               <td nowrap="true">
                   
                  
               </td>
            </tr>
            <tr>
               <td colspan="4" class="detailsBox">
                  <div id="com.test.regression.cub.testscripts.MyAccount_initialization_byStatus_passed_PASS12_details"
                       class="testMethodDetails">
                     <div>
                        <b>Name: </b>initialization
                     </div>
                     <div>
                        <b>Signature: </b>initialization(java.lang.reflect.Method)[pri:0, instance:com.test.regression.cub.testscripts.MyAccount@369f73a2]
                     </div>
                     <div>
                        <b>Parameters: </b>
                        
                        public void com.test.regression.cub.testscripts.MyAccount.ChangePwdLengthyPwd()
                        
                        
                     </div>
                     <div>
                        <b>Start time: </b>15:23:15
                     </div>
                     <div>
                        <b>End time: </b>15:23:32
                     </div>
                     <div>
                        <b>Duration: </b>17s
                        
                     </div>
                  </div>
               </td>
            </tr>
            <tr></tr>
            <tr id="com.test.regression.cub.testscripts.MyAccount_ChangePwdLengthyPwd_byStatus_passed_PASS13_row"
                class="testMethodStatusPASS">
               <td width="100%" class="firstMethodCell">
                  <a onclick="toggleDetailsVisibility('com.test.regression.cub.testscripts.MyAccount_ChangePwdLengthyPwd_byStatus_passed_PASS13_details')">ChangePwdLengthyPwd()</a>
               </td>
               <td nowrap="true">15:23:32</td>
               <td nowrap="true" align="right">1m
                  8s
                  
               </td>
               <td nowrap="true">
                   
                  
               </td>
            </tr>
            <tr>
               <td colspan="4" class="detailsBox">
                  <div id="com.test.regression.cub.testscripts.MyAccount_ChangePwdLengthyPwd_byStatus_passed_PASS13_details"
                       class="testMethodDetails">
                     <div>
                        <b>Name: </b>ChangePwdLengthyPwd
                     </div>
                     <div>
                        <b>Signature: </b>ChangePwdLengthyPwd()[pri:0, instance:com.test.regression.cub.testscripts.MyAccount@369f73a2]
                     </div>
                     <div>
                        <b>Start time: </b>15:23:32
                     </div>
                     <div>
                        <b>End time: </b>15:24:40
                     </div>
                     <div>
                        <b>Duration: </b>1m
                        8s
                        
                     </div>
                  </div>
               </td>
            </tr>
            <tr></tr>
            <tr id="com.test.regression.cub.testscripts.MyAccount_breakDown_byStatus_passed_PASS14_row"
                class="testMethodStatusPASS testMethodStatusCONF">
               <td width="100%" class="firstMethodCell">
                  <a onclick="toggleDetailsVisibility('com.test.regression.cub.testscripts.MyAccount_breakDown_byStatus_passed_PASS14_details')">breakDown([TestResult name=ChangePwdLengthyPwd status=SUCCESS method=MyAccount.ChangePwdLengthyPwd()[pri:0, instance:com.test.regression.cub.testscripts.MyAccount@369f73a2]
                     output={null}])
                  </a>
               </td>
               <td nowrap="true">15:24:40</td>
               <td nowrap="true" align="right">0 ms
                  
               </td>
               <td nowrap="true">
                   
                  
               </td>
            </tr>
            <tr>
               <td colspan="4" class="detailsBox">
                  <div id="com.test.regression.cub.testscripts.MyAccount_breakDown_byStatus_passed_PASS14_details"
                       class="testMethodDetails">
                     <div>
                        <b>Name: </b>breakDown
                     </div>
                     <div>
                        <b>Signature: </b>breakDown(org.testng.ITestResult)[pri:0, instance:com.test.regression.cub.testscripts.MyAccount@369f73a2]
                     </div>
                     <div>
                        <b>Parameters: </b>
                        
                        [TestResult name=ChangePwdLengthyPwd status=SUCCESS method=MyAccount.ChangePwdLengthyPwd()[pri:0, instance:com.test.regression.cub.testscripts.MyAccount@369f73a2]
                        output={null}]
                        
                        
                     </div>
                     <div>
                        <b>Start time: </b>15:24:40
                     </div>
                     <div>
                        <b>End time: </b>15:24:40
                     </div>
                     <div>
                        <b>Duration: </b>0 ms
                        
                     </div>
                  </div>
               </td>
            </tr>
            <tr></tr>
            <tr id="com.test.regression.cub.testscripts.MyAccount_closeDriver_byStatus_passed_PASS15_row"
                class="testMethodStatusPASS testMethodStatusCONF">
               <td width="100%" class="firstMethodCell">
                  <a onclick="toggleDetailsVisibility('com.test.regression.cub.testscripts.MyAccount_closeDriver_byStatus_passed_PASS15_details')">closeDriver(public void com.test.regression.cub.testscripts.MyAccount.ChangePwdLengthyPwd())</a>
               </td>
               <td nowrap="true">15:24:40</td>
               <td nowrap="true" align="right">5s
                  
               </td>
               <td nowrap="true">
                   
                  
               </td>
            </tr>
            <tr>
               <td colspan="4" class="detailsBox">
                  <div id="com.test.regression.cub.testscripts.MyAccount_closeDriver_byStatus_passed_PASS15_details"
                       class="testMethodDetails">
                     <div>
                        <b>Name: </b>closeDriver
                     </div>
                     <div>
                        <b>Signature: </b>closeDriver(java.lang.reflect.Method)[pri:0, instance:com.test.regression.cub.testscripts.MyAccount@369f73a2]
                     </div>
                     <div>
                        <b>Parameters: </b>
                        
                        public void com.test.regression.cub.testscripts.MyAccount.ChangePwdLengthyPwd()
                        
                        
                     </div>
                     <div>
                        <b>Start time: </b>15:24:40
                     </div>
                     <div>
                        <b>End time: </b>15:24:45
                     </div>
                     <div>
                        <b>Duration: </b>5s
                        
                     </div>
                  </div>
               </td>
            </tr>
            <tr></tr>
            <tr id="com.test.regression.cub.testscripts.MyAccount_initialization_byStatus_passed_PASS16_row"
                class="testMethodStatusPASS testMethodStatusCONF">
               <td width="100%" class="firstMethodCell">
                  <a onclick="toggleDetailsVisibility('com.test.regression.cub.testscripts.MyAccount_initialization_byStatus_passed_PASS16_details')">initialization(public void com.test.regression.cub.testscripts.MyAccount.ChangePwdShortPwd())</a>
               </td>
               <td nowrap="true">15:24:45</td>
               <td nowrap="true" align="right">16s
                  
               </td>
               <td nowrap="true">
                   
                  
               </td>
            </tr>
            <tr>
               <td colspan="4" class="detailsBox">
                  <div id="com.test.regression.cub.testscripts.MyAccount_initialization_byStatus_passed_PASS16_details"
                       class="testMethodDetails">
                     <div>
                        <b>Name: </b>initialization
                     </div>
                     <div>
                        <b>Signature: </b>initialization(java.lang.reflect.Method)[pri:0, instance:com.test.regression.cub.testscripts.MyAccount@369f73a2]
                     </div>
                     <div>
                        <b>Parameters: </b>
                        
                        public void com.test.regression.cub.testscripts.MyAccount.ChangePwdShortPwd()
                        
                        
                     </div>
                     <div>
                        <b>Start time: </b>15:24:45
                     </div>
                     <div>
                        <b>End time: </b>15:25:02
                     </div>
                     <div>
                        <b>Duration: </b>16s
                        
                     </div>
                  </div>
               </td>
            </tr>
            <tr></tr>
            <tr id="com.test.regression.cub.testscripts.MyAccount_ChangePwdShortPwd_byStatus_passed_PASS17_row"
                class="testMethodStatusPASS">
               <td width="100%" class="firstMethodCell">
                  <a onclick="toggleDetailsVisibility('com.test.regression.cub.testscripts.MyAccount_ChangePwdShortPwd_byStatus_passed_PASS17_details')">ChangePwdShortPwd()</a>
               </td>
               <td nowrap="true">15:25:02</td>
               <td nowrap="true" align="right">20s
                  
               </td>
               <td nowrap="true">
                   
                  
               </td>
            </tr>
            <tr>
               <td colspan="4" class="detailsBox">
                  <div id="com.test.regression.cub.testscripts.MyAccount_ChangePwdShortPwd_byStatus_passed_PASS17_details"
                       class="testMethodDetails">
                     <div>
                        <b>Name: </b>ChangePwdShortPwd
                     </div>
                     <div>
                        <b>Signature: </b>ChangePwdShortPwd()[pri:0, instance:com.test.regression.cub.testscripts.MyAccount@369f73a2]
                     </div>
                     <div>
                        <b>Start time: </b>15:25:02
                     </div>
                     <div>
                        <b>End time: </b>15:25:23
                     </div>
                     <div>
                        <b>Duration: </b>20s
                        
                     </div>
                  </div>
               </td>
            </tr>
            <tr></tr>
            <tr id="com.test.regression.cub.testscripts.MyAccount_breakDown_byStatus_passed_PASS18_row"
                class="testMethodStatusPASS testMethodStatusCONF">
               <td width="100%" class="firstMethodCell">
                  <a onclick="toggleDetailsVisibility('com.test.regression.cub.testscripts.MyAccount_breakDown_byStatus_passed_PASS18_details')">breakDown([TestResult name=ChangePwdShortPwd status=SUCCESS method=MyAccount.ChangePwdShortPwd()[pri:0, instance:com.test.regression.cub.testscripts.MyAccount@369f73a2]
                     output={null}])
                  </a>
               </td>
               <td nowrap="true">15:25:23</td>
               <td nowrap="true" align="right">1 ms
                  
               </td>
               <td nowrap="true">
                   
                  
               </td>
            </tr>
            <tr>
               <td colspan="4" class="detailsBox">
                  <div id="com.test.regression.cub.testscripts.MyAccount_breakDown_byStatus_passed_PASS18_details"
                       class="testMethodDetails">
                     <div>
                        <b>Name: </b>breakDown
                     </div>
                     <div>
                        <b>Signature: </b>breakDown(org.testng.ITestResult)[pri:0, instance:com.test.regression.cub.testscripts.MyAccount@369f73a2]
                     </div>
                     <div>
                        <b>Parameters: </b>
                        
                        [TestResult name=ChangePwdShortPwd status=SUCCESS method=MyAccount.ChangePwdShortPwd()[pri:0, instance:com.test.regression.cub.testscripts.MyAccount@369f73a2]
                        output={null}]
                        
                        
                     </div>
                     <div>
                        <b>Start time: </b>15:25:23
                     </div>
                     <div>
                        <b>End time: </b>15:25:23
                     </div>
                     <div>
                        <b>Duration: </b>1 ms
                        
                     </div>
                  </div>
               </td>
            </tr>
            <tr></tr>
            <tr id="com.test.regression.cub.testscripts.MyAccount_closeDriver_byStatus_passed_PASS19_row"
                class="testMethodStatusPASS testMethodStatusCONF">
               <td width="100%" class="firstMethodCell">
                  <a onclick="toggleDetailsVisibility('com.test.regression.cub.testscripts.MyAccount_closeDriver_byStatus_passed_PASS19_details')">closeDriver(public void com.test.regression.cub.testscripts.MyAccount.ChangePwdShortPwd())</a>
               </td>
               <td nowrap="true">15:25:23</td>
               <td nowrap="true" align="right">3s
                  
               </td>
               <td nowrap="true">
                   
                  
               </td>
            </tr>
            <tr>
               <td colspan="4" class="detailsBox">
                  <div id="com.test.regression.cub.testscripts.MyAccount_closeDriver_byStatus_passed_PASS19_details"
                       class="testMethodDetails">
                     <div>
                        <b>Name: </b>closeDriver
                     </div>
                     <div>
                        <b>Signature: </b>closeDriver(java.lang.reflect.Method)[pri:0, instance:com.test.regression.cub.testscripts.MyAccount@369f73a2]
                     </div>
                     <div>
                        <b>Parameters: </b>
                        
                        public void com.test.regression.cub.testscripts.MyAccount.ChangePwdShortPwd()
                        
                        
                     </div>
                     <div>
                        <b>Start time: </b>15:25:23
                     </div>
                     <div>
                        <b>End time: </b>15:25:27
                     </div>
                     <div>
                        <b>Duration: </b>3s
                        
                     </div>
                  </div>
               </td>
            </tr>
            <tr></tr>
            <tr id="com.test.regression.cub.testscripts.MyAccount_initialization_byStatus_passed_PASS20_row"
                class="testMethodStatusPASS testMethodStatusCONF">
               <td width="100%" class="firstMethodCell">
                  <a onclick="toggleDetailsVisibility('com.test.regression.cub.testscripts.MyAccount_initialization_byStatus_passed_PASS20_details')">initialization(public void com.test.regression.cub.testscripts.MyAccount.ChangePwdDifferentNewPwds())</a>
               </td>
               <td nowrap="true">15:25:27</td>
               <td nowrap="true" align="right">15s
                  
               </td>
               <td nowrap="true">
                   
                  
               </td>
            </tr>
            <tr>
               <td colspan="4" class="detailsBox">
                  <div id="com.test.regression.cub.testscripts.MyAccount_initialization_byStatus_passed_PASS20_details"
                       class="testMethodDetails">
                     <div>
                        <b>Name: </b>initialization
                     </div>
                     <div>
                        <b>Signature: </b>initialization(java.lang.reflect.Method)[pri:0, instance:com.test.regression.cub.testscripts.MyAccount@369f73a2]
                     </div>
                     <div>
                        <b>Parameters: </b>
                        
                        public void com.test.regression.cub.testscripts.MyAccount.ChangePwdDifferentNewPwds()
                        
                        
                     </div>
                     <div>
                        <b>Start time: </b>15:25:27
                     </div>
                     <div>
                        <b>End time: </b>15:25:42
                     </div>
                     <div>
                        <b>Duration: </b>15s
                        
                     </div>
                  </div>
               </td>
            </tr>
            <tr></tr>
            <tr id="com.test.regression.cub.testscripts.MyAccount_ChangePwdDifferentNewPwds_byStatus_passed_PASS21_row"
                class="testMethodStatusPASS">
               <td width="100%" class="firstMethodCell">
                  <a onclick="toggleDetailsVisibility('com.test.regression.cub.testscripts.MyAccount_ChangePwdDifferentNewPwds_byStatus_passed_PASS21_details')">ChangePwdDifferentNewPwds()</a>
               </td>
               <td nowrap="true">15:25:42</td>
               <td nowrap="true" align="right">21s
                  
               </td>
               <td nowrap="true">
                   
                  
               </td>
            </tr>
            <tr>
               <td colspan="4" class="detailsBox">
                  <div id="com.test.regression.cub.testscripts.MyAccount_ChangePwdDifferentNewPwds_byStatus_passed_PASS21_details"
                       class="testMethodDetails">
                     <div>
                        <b>Name: </b>ChangePwdDifferentNewPwds
                     </div>
                     <div>
                        <b>Signature: </b>ChangePwdDifferentNewPwds()[pri:0, instance:com.test.regression.cub.testscripts.MyAccount@369f73a2]
                     </div>
                     <div>
                        <b>Start time: </b>15:25:42
                     </div>
                     <div>
                        <b>End time: </b>15:26:04
                     </div>
                     <div>
                        <b>Duration: </b>21s
                        
                     </div>
                  </div>
               </td>
            </tr>
            <tr></tr>
            <tr id="com.test.regression.cub.testscripts.MyAccount_closeDriver_byStatus_passed_PASS22_row"
                class="testMethodStatusPASS testMethodStatusCONF">
               <td width="100%" class="firstMethodCell">
                  <a onclick="toggleDetailsVisibility('com.test.regression.cub.testscripts.MyAccount_closeDriver_byStatus_passed_PASS22_details')">closeDriver(public void com.test.regression.cub.testscripts.MyAccount.ChangePwdDifferentNewPwds())</a>
               </td>
               <td nowrap="true">15:26:04</td>
               <td nowrap="true" align="right">4s
                  
               </td>
               <td nowrap="true">
                   
                  
               </td>
            </tr>
            <tr>
               <td colspan="4" class="detailsBox">
                  <div id="com.test.regression.cub.testscripts.MyAccount_closeDriver_byStatus_passed_PASS22_details"
                       class="testMethodDetails">
                     <div>
                        <b>Name: </b>closeDriver
                     </div>
                     <div>
                        <b>Signature: </b>closeDriver(java.lang.reflect.Method)[pri:0, instance:com.test.regression.cub.testscripts.MyAccount@369f73a2]
                     </div>
                     <div>
                        <b>Parameters: </b>
                        
                        public void com.test.regression.cub.testscripts.MyAccount.ChangePwdDifferentNewPwds()
                        
                        
                     </div>
                     <div>
                        <b>Start time: </b>15:26:04
                     </div>
                     <div>
                        <b>End time: </b>15:26:09
                     </div>
                     <div>
                        <b>Duration: </b>4s
                        
                     </div>
                  </div>
               </td>
            </tr>
            <tr></tr>
            <tr id="com.test.regression.cub.testscripts.MyAccount_breakDown_byStatus_passed_PASS23_row"
                class="testMethodStatusPASS testMethodStatusCONF">
               <td width="100%" class="firstMethodCell">
                  <a onclick="toggleDetailsVisibility('com.test.regression.cub.testscripts.MyAccount_breakDown_byStatus_passed_PASS23_details')">breakDown([TestResult name=ChangePwdDifferentNewPwds status=SUCCESS method=MyAccount.ChangePwdDifferentNewPwds()[pri:0, instance:com.test.regression.cub.testscripts.MyAccount@369f73a2]
                     output={null}])
                  </a>
               </td>
               <td nowrap="true">15:26:04</td>
               <td nowrap="true" align="right">0 ms
                  
               </td>
               <td nowrap="true">
                   
                  
               </td>
            </tr>
            <tr>
               <td colspan="4" class="detailsBox">
                  <div id="com.test.regression.cub.testscripts.MyAccount_breakDown_byStatus_passed_PASS23_details"
                       class="testMethodDetails">
                     <div>
                        <b>Name: </b>breakDown
                     </div>
                     <div>
                        <b>Signature: </b>breakDown(org.testng.ITestResult)[pri:0, instance:com.test.regression.cub.testscripts.MyAccount@369f73a2]
                     </div>
                     <div>
                        <b>Parameters: </b>
                        
                        [TestResult name=ChangePwdDifferentNewPwds status=SUCCESS method=MyAccount.ChangePwdDifferentNewPwds()[pri:0, instance:com.test.regression.cub.testscripts.MyAccount@369f73a2]
                        output={null}]
                        
                        
                     </div>
                     <div>
                        <b>Start time: </b>15:26:04
                     </div>
                     <div>
                        <b>End time: </b>15:26:04
                     </div>
                     <div>
                        <b>Duration: </b>0 ms
                        
                     </div>
                  </div>
               </td>
            </tr>
            <tr></tr>
         </table>
      </div>
      <div id="testMethodsByClass">
         <table class="testMethodsTable" cellpadding="0" cellspacing="0">
            <tr>
               <td colspan="4">
                  <h3 style="display: inline;">com.test.regression.cub.testscripts.MyAccount</h3>
               </td>
            </tr>
            <tr class="methodsTableHeader">
               <td width="100%">Name</td>
               <td nowrap="true">Started</td>
               <td nowrap="true">Duration</td>
               <td>Exception</td>
            </tr>
            <tr id="com.test.regression.cub.testscripts.MyAccount_initialization_byClass_PASS1_row"
                class="testMethodStatusPASS testMethodStatusCONF">
               <td width="100%" class="firstMethodCell">
                  <a onclick="toggleDetailsVisibility('com.test.regression.cub.testscripts.MyAccount_initialization_byClass_PASS1_details')">initialization(public void com.test.regression.cub.testscripts.MyAccount.ChangePwdValid())</a>
               </td>
               <td nowrap="true">15:20:34</td>
               <td nowrap="true" align="right">16s
                  
               </td>
               <td nowrap="true">
                   
                  
               </td>
            </tr>
            <tr>
               <td colspan="4" class="detailsBox">
                  <div id="com.test.regression.cub.testscripts.MyAccount_initialization_byClass_PASS1_details"
                       class="testMethodDetails">
                     <div>
                        <b>Name: </b>initialization
                     </div>
                     <div>
                        <b>Signature: </b>initialization(java.lang.reflect.Method)[pri:0, instance:com.test.regression.cub.testscripts.MyAccount@369f73a2]
                     </div>
                     <div>
                        <b>Parameters: </b>
                        
                        public void com.test.regression.cub.testscripts.MyAccount.ChangePwdValid()
                        
                        
                     </div>
                     <div>
                        <b>Start time: </b>15:20:34
                     </div>
                     <div>
                        <b>End time: </b>15:20:50
                     </div>
                     <div>
                        <b>Duration: </b>16s
                        
                     </div>
                  </div>
               </td>
            </tr>
            <tr></tr>
            <tr id="com.test.regression.cub.testscripts.MyAccount_ChangePwdValid_byClass_FAIL2_row"
                class="testMethodStatusFAIL">
               <td width="100%" class="firstMethodCell">
                  <a onclick="toggleDetailsVisibility('com.test.regression.cub.testscripts.MyAccount_ChangePwdValid_byClass_FAIL2_details')">ChangePwdValid()</a>
               </td>
               <td nowrap="true">15:20:50</td>
               <td nowrap="true" align="right">52s
                  
               </td>
               <td nowrap="true">
                  <a onclick="toggleDetailsVisibility('com.test.regression.cub.testscripts.MyAccount_ChangePwdValid_byClass_FAIL2_exception')">java.lang.AssertionError: 
                     unknown error: Element is not clickable at point (907, 87). Other element would receive the click: &lt;div class="ss-overlay"
                     style="display: block;"&gt;&lt;/div&gt;
                     (Session info: chrome=51.0.2704.103)
                     (Driver info: chromedriver=2.22.397933 (1cab651507b88dec79b2b2a22d1943c01833cc1b),platform=Windows NT 6.1.7601 SP1 x86_64)
                     (WARNING: The server did not provide any stacktrace information)
                     Command duration or timeout: 72 milliseconds
                     Build info: version: '2.53.0', revision: '35ae25b1534ae328c771e0856c93e187490ca824', time: '2016-03-15 10:43:46'
                     System info: host: 'SDEVPCSVU7112', ip: '10.15.142.48', os.name: 'Windows 7', os.arch: 'amd64', os.version: '6.1', java.version:
                     '1.8.0_91'
                     Driver info: org.openqa.selenium.chrome.ChromeDriver
                     Capabilities [{applicationCacheEnabled=false, rotatable=false, mobileEmulationEnabled=false, chrome={chromedriverVersion=2.22.397933
                     (1cab651507b88dec79b2b2a22d1943c01833cc1b), userDataDir=C:\Users\jrag00m\AppData\Local\Temp\scoped_dir731536_22148}, takesHeapSnapshot=true,
                     databaseEnabled=false, handlesAlerts=true, hasTouchScreen=false, version=51.0.2704.103, platform=XP, browserConnectionEnabled=false,
                     nativeEvents=true, acceptSslCerts=true, locationContextEnabled=true, webStorageEnabled=true, browserName=chrome, takesScreenshot=true,
                     javascriptEnabled=true, cssSelectorsEnabled=true}]
                     Session ID: 72f3b6e492cf64a6a0dcfaf613a41d02
                     
                  </a>
                   
                  
               </td>
            </tr>
            <tr>
               <td colspan="4" class="detailsBox">
                  <div id="com.test.regression.cub.testscripts.MyAccount_ChangePwdValid_byClass_FAIL2_details"
                       class="testMethodDetails">
                     <div>
                        <b>Name: </b>ChangePwdValid
                     </div>
                     <div>
                        <b>Signature: </b>ChangePwdValid()[pri:0, instance:com.test.regression.cub.testscripts.MyAccount@369f73a2]
                     </div>
                     <div>
                        <b>Start time: </b>15:20:50
                     </div>
                     <div>
                        <b>End time: </b>15:21:42
                     </div>
                     <div>
                        <b>Duration: </b>52s
                        
                     </div>
                  </div>
               </td>
            </tr>
            <tr>
               <td colspan="4" class="detailsBox">
                  <div id="com.test.regression.cub.testscripts.MyAccount_ChangePwdValid_byClass_FAIL2_exception"
                       class="testMethodDetails">
                     <pre style="padding: 5px; margin: 0;">java.lang.AssertionError: unknown error: Element is not clickable at point (907, 87). Other element would receive the click:
                        &lt;div class="ss-overlay" style="display: block;"&gt;&lt;/div&gt;
                        (Session info: chrome=51.0.2704.103)
                        (Driver info: chromedriver=2.22.397933 (1cab651507b88dec79b2b2a22d1943c01833cc1b),platform=Windows NT 6.1.7601 SP1 x86_64)
                        (WARNING: The server did not provide any stacktrace information)
                        Command duration or timeout: 72 milliseconds
                        Build info: version: '2.53.0', revision: '35ae25b1534ae328c771e0856c93e187490ca824', time: '2016-03-15 10:43:46'
                        System info: host: 'SDEVPCSVU7112', ip: '10.15.142.48', os.name: 'Windows 7', os.arch: 'amd64', os.version: '6.1', java.version:
                        '1.8.0_91'
                        Driver info: org.openqa.selenium.chrome.ChromeDriver
                        Capabilities [{applicationCacheEnabled=false, rotatable=false, mobileEmulationEnabled=false, chrome={chromedriverVersion=2.22.397933
                        (1cab651507b88dec79b2b2a22d1943c01833cc1b), userDataDir=C:\Users\jrag00m\AppData\Local\Temp\scoped_dir731536_22148}, takesHeapSnapshot=true,
                        databaseEnabled=false, handlesAlerts=true, hasTouchScreen=false, version=51.0.2704.103, platform=XP, browserConnectionEnabled=false,
                        nativeEvents=true, acceptSslCerts=true, locationContextEnabled=true, webStorageEnabled=true, browserName=chrome, takesScreenshot=true,
                        javascriptEnabled=true, cssSelectorsEnabled=true}]
                        Session ID: 72f3b6e492cf64a6a0dcfaf613a41d02
                        	at org.testng.Assert.fail(Assert.java:94)
                        	at com.test.regression.cub.testscripts.MyAccount.ChangePwdValid(MyAccount.java:105)
                        	at sun.reflect.NativeMethodAccessorImpl.invoke0(Native Method)
                        	at sun.reflect.NativeMethodAccessorImpl.invoke(Unknown Source)
                        	at sun.reflect.DelegatingMethodAccessorImpl.invoke(Unknown Source)
                        	at java.lang.reflect.Method.invoke(Unknown Source)
                        	at org.testng.internal.MethodInvocationHelper.invokeMethod(MethodInvocationHelper.java:80)
                        	at org.testng.internal.Invoker.invokeMethod(Invoker.java:714)
                        	at org.testng.internal.Invoker.invokeTestMethod(Invoker.java:901)
                        	at org.testng.internal.Invoker.invokeTestMethods(Invoker.java:1231)
                        	at org.testng.internal.TestMethodWorker.invokeTestMethods(TestMethodWorker.java:127)
                        	at org.testng.internal.TestMethodWorker.run(TestMethodWorker.java:111)
                        	at org.testng.TestRunner.privateRun(TestRunner.java:767)
                        	at org.testng.TestRunner.run(TestRunner.java:617)
                        	at org.testng.SuiteRunner.runTest(SuiteRunner.java:334)
                        	at org.testng.SuiteRunner.runSequentially(SuiteRunner.java:329)
                        	at org.testng.SuiteRunner.privateRun(SuiteRunner.java:291)
                        	at org.testng.SuiteRunner.run(SuiteRunner.java:240)
                        	at org.testng.SuiteRunnerWorker.runSuite(SuiteRunnerWorker.java:52)
                        	at org.testng.SuiteRunnerWorker.run(SuiteRunnerWorker.java:86)
                        	at org.testng.TestNG.runSuitesSequentially(TestNG.java:1198)
                        	at org.testng.TestNG.runSuitesLocally(TestNG.java:1123)
                        	at org.testng.TestNG.run(TestNG.java:1031)
                        	at org.testng.remote.AbstractRemoteTestNG.run(AbstractRemoteTestNG.java:126)
                        	at org.testng.remote.RemoteTestNG.initAndRun(RemoteTestNG.java:75)
                        	at org.testng.remote.RemoteTestNG.main(RemoteTestNG.java:46)
                     </pre>
                  </div>
               </td>
            </tr>
            <tr id="com.test.regression.cub.testscripts.MyAccount_breakDown_byClass_PASS3_row"
                class="testMethodStatusPASS testMethodStatusCONF">
               <td width="100%" class="firstMethodCell">
                  <a onclick="toggleDetailsVisibility('com.test.regression.cub.testscripts.MyAccount_breakDown_byClass_PASS3_details')">breakDown([TestResult name=ChangePwdValid status=FAILURE method=MyAccount.ChangePwdValid()[pri:0, instance:com.test.regression.cub.testscripts.MyAccount@369f73a2]
                     output={null}])
                  </a>
               </td>
               <td nowrap="true">15:21:42</td>
               <td nowrap="true" align="right">463 ms
                  
               </td>
               <td nowrap="true">
                   
                  
               </td>
            </tr>
            <tr>
               <td colspan="4" class="detailsBox">
                  <div id="com.test.regression.cub.testscripts.MyAccount_breakDown_byClass_PASS3_details"
                       class="testMethodDetails">
                     <div>
                        <b>Name: </b>breakDown
                     </div>
                     <div>
                        <b>Signature: </b>breakDown(org.testng.ITestResult)[pri:0, instance:com.test.regression.cub.testscripts.MyAccount@369f73a2]
                     </div>
                     <div>
                        <b>Parameters: </b>
                        
                        [TestResult name=ChangePwdValid status=FAILURE method=MyAccount.ChangePwdValid()[pri:0, instance:com.test.regression.cub.testscripts.MyAccount@369f73a2]
                        output={null}]
                        
                        
                     </div>
                     <div>
                        <b>Start time: </b>15:21:42
                     </div>
                     <div>
                        <b>End time: </b>15:21:43
                     </div>
                     <div>
                        <b>Duration: </b>463 ms
                        
                     </div>
                  </div>
               </td>
            </tr>
            <tr></tr>
            <tr id="com.test.regression.cub.testscripts.MyAccount_closeDriver_byClass_PASS4_row"
                class="testMethodStatusPASS testMethodStatusCONF">
               <td width="100%" class="firstMethodCell">
                  <a onclick="toggleDetailsVisibility('com.test.regression.cub.testscripts.MyAccount_closeDriver_byClass_PASS4_details')">closeDriver(public void com.test.regression.cub.testscripts.MyAccount.ChangePwdValid())</a>
               </td>
               <td nowrap="true">15:21:43</td>
               <td nowrap="true" align="right">3s
                  
               </td>
               <td nowrap="true">
                   
                  
               </td>
            </tr>
            <tr>
               <td colspan="4" class="detailsBox">
                  <div id="com.test.regression.cub.testscripts.MyAccount_closeDriver_byClass_PASS4_details"
                       class="testMethodDetails">
                     <div>
                        <b>Name: </b>closeDriver
                     </div>
                     <div>
                        <b>Signature: </b>closeDriver(java.lang.reflect.Method)[pri:0, instance:com.test.regression.cub.testscripts.MyAccount@369f73a2]
                     </div>
                     <div>
                        <b>Parameters: </b>
                        
                        public void com.test.regression.cub.testscripts.MyAccount.ChangePwdValid()
                        
                        
                     </div>
                     <div>
                        <b>Start time: </b>15:21:43
                     </div>
                     <div>
                        <b>End time: </b>15:21:46
                     </div>
                     <div>
                        <b>Duration: </b>3s
                        
                     </div>
                  </div>
               </td>
            </tr>
            <tr></tr>
            <tr id="com.test.regression.cub.testscripts.MyAccount_initialization_byClass_PASS5_row"
                class="testMethodStatusPASS testMethodStatusCONF">
               <td width="100%" class="firstMethodCell">
                  <a onclick="toggleDetailsVisibility('com.test.regression.cub.testscripts.MyAccount_initialization_byClass_PASS5_details')">initialization(public void com.test.regression.cub.testscripts.MyAccount.ChangePwdWrongOldPwd())</a>
               </td>
               <td nowrap="true">15:21:46</td>
               <td nowrap="true" align="right">16s
                  
               </td>
               <td nowrap="true">
                   
                  
               </td>
            </tr>
            <tr>
               <td colspan="4" class="detailsBox">
                  <div id="com.test.regression.cub.testscripts.MyAccount_initialization_byClass_PASS5_details"
                       class="testMethodDetails">
                     <div>
                        <b>Name: </b>initialization
                     </div>
                     <div>
                        <b>Signature: </b>initialization(java.lang.reflect.Method)[pri:0, instance:com.test.regression.cub.testscripts.MyAccount@369f73a2]
                     </div>
                     <div>
                        <b>Parameters: </b>
                        
                        public void com.test.regression.cub.testscripts.MyAccount.ChangePwdWrongOldPwd()
                        
                        
                     </div>
                     <div>
                        <b>Start time: </b>15:21:46
                     </div>
                     <div>
                        <b>End time: </b>15:22:03
                     </div>
                     <div>
                        <b>Duration: </b>16s
                        
                     </div>
                  </div>
               </td>
            </tr>
            <tr></tr>
            <tr id="com.test.regression.cub.testscripts.MyAccount_ChangePwdWrongOldPwd_byClass_PASS6_row"
                class="testMethodStatusPASS">
               <td width="100%" class="firstMethodCell">
                  <a onclick="toggleDetailsVisibility('com.test.regression.cub.testscripts.MyAccount_ChangePwdWrongOldPwd_byClass_PASS6_details')">ChangePwdWrongOldPwd()</a>
               </td>
               <td nowrap="true">15:22:03</td>
               <td nowrap="true" align="right">21s
                  
               </td>
               <td nowrap="true">
                   
                  
               </td>
            </tr>
            <tr>
               <td colspan="4" class="detailsBox">
                  <div id="com.test.regression.cub.testscripts.MyAccount_ChangePwdWrongOldPwd_byClass_PASS6_details"
                       class="testMethodDetails">
                     <div>
                        <b>Name: </b>ChangePwdWrongOldPwd
                     </div>
                     <div>
                        <b>Signature: </b>ChangePwdWrongOldPwd()[pri:0, instance:com.test.regression.cub.testscripts.MyAccount@369f73a2]
                     </div>
                     <div>
                        <b>Start time: </b>15:22:03
                     </div>
                     <div>
                        <b>End time: </b>15:22:24
                     </div>
                     <div>
                        <b>Duration: </b>21s
                        
                     </div>
                  </div>
               </td>
            </tr>
            <tr></tr>
            <tr id="com.test.regression.cub.testscripts.MyAccount_breakDown_byClass_PASS7_row"
                class="testMethodStatusPASS testMethodStatusCONF">
               <td width="100%" class="firstMethodCell">
                  <a onclick="toggleDetailsVisibility('com.test.regression.cub.testscripts.MyAccount_breakDown_byClass_PASS7_details')">breakDown([TestResult name=ChangePwdWrongOldPwd status=SUCCESS method=MyAccount.ChangePwdWrongOldPwd()[pri:0, instance:com.test.regression.cub.testscripts.MyAccount@369f73a2]
                     output={null}])
                  </a>
               </td>
               <td nowrap="true">15:22:24</td>
               <td nowrap="true" align="right">1 ms
                  
               </td>
               <td nowrap="true">
                   
                  
               </td>
            </tr>
            <tr>
               <td colspan="4" class="detailsBox">
                  <div id="com.test.regression.cub.testscripts.MyAccount_breakDown_byClass_PASS7_details"
                       class="testMethodDetails">
                     <div>
                        <b>Name: </b>breakDown
                     </div>
                     <div>
                        <b>Signature: </b>breakDown(org.testng.ITestResult)[pri:0, instance:com.test.regression.cub.testscripts.MyAccount@369f73a2]
                     </div>
                     <div>
                        <b>Parameters: </b>
                        
                        [TestResult name=ChangePwdWrongOldPwd status=SUCCESS method=MyAccount.ChangePwdWrongOldPwd()[pri:0, instance:com.test.regression.cub.testscripts.MyAccount@369f73a2]
                        output={null}]
                        
                        
                     </div>
                     <div>
                        <b>Start time: </b>15:22:24
                     </div>
                     <div>
                        <b>End time: </b>15:22:24
                     </div>
                     <div>
                        <b>Duration: </b>1 ms
                        
                     </div>
                  </div>
               </td>
            </tr>
            <tr></tr>
            <tr id="com.test.regression.cub.testscripts.MyAccount_closeDriver_byClass_PASS8_row"
                class="testMethodStatusPASS testMethodStatusCONF">
               <td width="100%" class="firstMethodCell">
                  <a onclick="toggleDetailsVisibility('com.test.regression.cub.testscripts.MyAccount_closeDriver_byClass_PASS8_details')">closeDriver(public void com.test.regression.cub.testscripts.MyAccount.ChangePwdWrongOldPwd())</a>
               </td>
               <td nowrap="true">15:22:24</td>
               <td nowrap="true" align="right">3s
                  
               </td>
               <td nowrap="true">
                   
                  
               </td>
            </tr>
            <tr>
               <td colspan="4" class="detailsBox">
                  <div id="com.test.regression.cub.testscripts.MyAccount_closeDriver_byClass_PASS8_details"
                       class="testMethodDetails">
                     <div>
                        <b>Name: </b>closeDriver
                     </div>
                     <div>
                        <b>Signature: </b>closeDriver(java.lang.reflect.Method)[pri:0, instance:com.test.regression.cub.testscripts.MyAccount@369f73a2]
                     </div>
                     <div>
                        <b>Parameters: </b>
                        
                        public void com.test.regression.cub.testscripts.MyAccount.ChangePwdWrongOldPwd()
                        
                        
                     </div>
                     <div>
                        <b>Start time: </b>15:22:24
                     </div>
                     <div>
                        <b>End time: </b>15:22:28
                     </div>
                     <div>
                        <b>Duration: </b>3s
                        
                     </div>
                  </div>
               </td>
            </tr>
            <tr></tr>
            <tr id="com.test.regression.cub.testscripts.MyAccount_initialization_byClass_PASS9_row"
                class="testMethodStatusPASS testMethodStatusCONF">
               <td width="100%" class="firstMethodCell">
                  <a onclick="toggleDetailsVisibility('com.test.regression.cub.testscripts.MyAccount_initialization_byClass_PASS9_details')">initialization(public void com.test.regression.cub.testscripts.MyAccount.ChangePwdSpace())</a>
               </td>
               <td nowrap="true">15:22:28</td>
               <td nowrap="true" align="right">15s
                  
               </td>
               <td nowrap="true">
                   
                  
               </td>
            </tr>
            <tr>
               <td colspan="4" class="detailsBox">
                  <div id="com.test.regression.cub.testscripts.MyAccount_initialization_byClass_PASS9_details"
                       class="testMethodDetails">
                     <div>
                        <b>Name: </b>initialization
                     </div>
                     <div>
                        <b>Signature: </b>initialization(java.lang.reflect.Method)[pri:0, instance:com.test.regression.cub.testscripts.MyAccount@369f73a2]
                     </div>
                     <div>
                        <b>Parameters: </b>
                        
                        public void com.test.regression.cub.testscripts.MyAccount.ChangePwdSpace()
                        
                        
                     </div>
                     <div>
                        <b>Start time: </b>15:22:28
                     </div>
                     <div>
                        <b>End time: </b>15:22:44
                     </div>
                     <div>
                        <b>Duration: </b>15s
                        
                     </div>
                  </div>
               </td>
            </tr>
            <tr></tr>
            <tr id="com.test.regression.cub.testscripts.MyAccount_ChangePwdSpace_byClass_PASS10_row"
                class="testMethodStatusPASS">
               <td width="100%" class="firstMethodCell">
                  <a onclick="toggleDetailsVisibility('com.test.regression.cub.testscripts.MyAccount_ChangePwdSpace_byClass_PASS10_details')">ChangePwdSpace()</a>
               </td>
               <td nowrap="true">15:22:44</td>
               <td nowrap="true" align="right">28s
                  
               </td>
               <td nowrap="true">
                   
                  
               </td>
            </tr>
            <tr>
               <td colspan="4" class="detailsBox">
                  <div id="com.test.regression.cub.testscripts.MyAccount_ChangePwdSpace_byClass_PASS10_details"
                       class="testMethodDetails">
                     <div>
                        <b>Name: </b>ChangePwdSpace
                     </div>
                     <div>
                        <b>Signature: </b>ChangePwdSpace()[pri:0, instance:com.test.regression.cub.testscripts.MyAccount@369f73a2]
                     </div>
                     <div>
                        <b>Start time: </b>15:22:44
                     </div>
                     <div>
                        <b>End time: </b>15:23:12
                     </div>
                     <div>
                        <b>Duration: </b>28s
                        
                     </div>
                  </div>
               </td>
            </tr>
            <tr></tr>
            <tr id="com.test.regression.cub.testscripts.MyAccount_closeDriver_byClass_PASS11_row"
                class="testMethodStatusPASS testMethodStatusCONF">
               <td width="100%" class="firstMethodCell">
                  <a onclick="toggleDetailsVisibility('com.test.regression.cub.testscripts.MyAccount_closeDriver_byClass_PASS11_details')">closeDriver(public void com.test.regression.cub.testscripts.MyAccount.ChangePwdSpace())</a>
               </td>
               <td nowrap="true">15:23:12</td>
               <td nowrap="true" align="right">2s
                  
               </td>
               <td nowrap="true">
                   
                  
               </td>
            </tr>
            <tr>
               <td colspan="4" class="detailsBox">
                  <div id="com.test.regression.cub.testscripts.MyAccount_closeDriver_byClass_PASS11_details"
                       class="testMethodDetails">
                     <div>
                        <b>Name: </b>closeDriver
                     </div>
                     <div>
                        <b>Signature: </b>closeDriver(java.lang.reflect.Method)[pri:0, instance:com.test.regression.cub.testscripts.MyAccount@369f73a2]
                     </div>
                     <div>
                        <b>Parameters: </b>
                        
                        public void com.test.regression.cub.testscripts.MyAccount.ChangePwdSpace()
                        
                        
                     </div>
                     <div>
                        <b>Start time: </b>15:23:12
                     </div>
                     <div>
                        <b>End time: </b>15:23:15
                     </div>
                     <div>
                        <b>Duration: </b>2s
                        
                     </div>
                  </div>
               </td>
            </tr>
            <tr></tr>
            <tr id="com.test.regression.cub.testscripts.MyAccount_breakDown_byClass_PASS12_row"
                class="testMethodStatusPASS testMethodStatusCONF">
               <td width="100%" class="firstMethodCell">
                  <a onclick="toggleDetailsVisibility('com.test.regression.cub.testscripts.MyAccount_breakDown_byClass_PASS12_details')">breakDown([TestResult name=ChangePwdSpace status=SUCCESS method=MyAccount.ChangePwdSpace()[pri:0, instance:com.test.regression.cub.testscripts.MyAccount@369f73a2]
                     output={null}])
                  </a>
               </td>
               <td nowrap="true">15:23:12</td>
               <td nowrap="true" align="right">0 ms
                  
               </td>
               <td nowrap="true">
                   
                  
               </td>
            </tr>
            <tr>
               <td colspan="4" class="detailsBox">
                  <div id="com.test.regression.cub.testscripts.MyAccount_breakDown_byClass_PASS12_details"
                       class="testMethodDetails">
                     <div>
                        <b>Name: </b>breakDown
                     </div>
                     <div>
                        <b>Signature: </b>breakDown(org.testng.ITestResult)[pri:0, instance:com.test.regression.cub.testscripts.MyAccount@369f73a2]
                     </div>
                     <div>
                        <b>Parameters: </b>
                        
                        [TestResult name=ChangePwdSpace status=SUCCESS method=MyAccount.ChangePwdSpace()[pri:0, instance:com.test.regression.cub.testscripts.MyAccount@369f73a2]
                        output={null}]
                        
                        
                     </div>
                     <div>
                        <b>Start time: </b>15:23:12
                     </div>
                     <div>
                        <b>End time: </b>15:23:12
                     </div>
                     <div>
                        <b>Duration: </b>0 ms
                        
                     </div>
                  </div>
               </td>
            </tr>
            <tr></tr>
            <tr id="com.test.regression.cub.testscripts.MyAccount_initialization_byClass_PASS13_row"
                class="testMethodStatusPASS testMethodStatusCONF">
               <td width="100%" class="firstMethodCell">
                  <a onclick="toggleDetailsVisibility('com.test.regression.cub.testscripts.MyAccount_initialization_byClass_PASS13_details')">initialization(public void com.test.regression.cub.testscripts.MyAccount.ChangePwdLengthyPwd())</a>
               </td>
               <td nowrap="true">15:23:15</td>
               <td nowrap="true" align="right">17s
                  
               </td>
               <td nowrap="true">
                   
                  
               </td>
            </tr>
            <tr>
               <td colspan="4" class="detailsBox">
                  <div id="com.test.regression.cub.testscripts.MyAccount_initialization_byClass_PASS13_details"
                       class="testMethodDetails">
                     <div>
                        <b>Name: </b>initialization
                     </div>
                     <div>
                        <b>Signature: </b>initialization(java.lang.reflect.Method)[pri:0, instance:com.test.regression.cub.testscripts.MyAccount@369f73a2]
                     </div>
                     <div>
                        <b>Parameters: </b>
                        
                        public void com.test.regression.cub.testscripts.MyAccount.ChangePwdLengthyPwd()
                        
                        
                     </div>
                     <div>
                        <b>Start time: </b>15:23:15
                     </div>
                     <div>
                        <b>End time: </b>15:23:32
                     </div>
                     <div>
                        <b>Duration: </b>17s
                        
                     </div>
                  </div>
               </td>
            </tr>
            <tr></tr>
            <tr id="com.test.regression.cub.testscripts.MyAccount_ChangePwdLengthyPwd_byClass_PASS14_row"
                class="testMethodStatusPASS">
               <td width="100%" class="firstMethodCell">
                  <a onclick="toggleDetailsVisibility('com.test.regression.cub.testscripts.MyAccount_ChangePwdLengthyPwd_byClass_PASS14_details')">ChangePwdLengthyPwd()</a>
               </td>
               <td nowrap="true">15:23:32</td>
               <td nowrap="true" align="right">1m
                  8s
                  
               </td>
               <td nowrap="true">
                   
                  
               </td>
            </tr>
            <tr>
               <td colspan="4" class="detailsBox">
                  <div id="com.test.regression.cub.testscripts.MyAccount_ChangePwdLengthyPwd_byClass_PASS14_details"
                       class="testMethodDetails">
                     <div>
                        <b>Name: </b>ChangePwdLengthyPwd
                     </div>
                     <div>
                        <b>Signature: </b>ChangePwdLengthyPwd()[pri:0, instance:com.test.regression.cub.testscripts.MyAccount@369f73a2]
                     </div>
                     <div>
                        <b>Start time: </b>15:23:32
                     </div>
                     <div>
                        <b>End time: </b>15:24:40
                     </div>
                     <div>
                        <b>Duration: </b>1m
                        8s
                        
                     </div>
                  </div>
               </td>
            </tr>
            <tr></tr>
            <tr id="com.test.regression.cub.testscripts.MyAccount_breakDown_byClass_PASS15_row"
                class="testMethodStatusPASS testMethodStatusCONF">
               <td width="100%" class="firstMethodCell">
                  <a onclick="toggleDetailsVisibility('com.test.regression.cub.testscripts.MyAccount_breakDown_byClass_PASS15_details')">breakDown([TestResult name=ChangePwdLengthyPwd status=SUCCESS method=MyAccount.ChangePwdLengthyPwd()[pri:0, instance:com.test.regression.cub.testscripts.MyAccount@369f73a2]
                     output={null}])
                  </a>
               </td>
               <td nowrap="true">15:24:40</td>
               <td nowrap="true" align="right">0 ms
                  
               </td>
               <td nowrap="true">
                   
                  
               </td>
            </tr>
            <tr>
               <td colspan="4" class="detailsBox">
                  <div id="com.test.regression.cub.testscripts.MyAccount_breakDown_byClass_PASS15_details"
                       class="testMethodDetails">
                     <div>
                        <b>Name: </b>breakDown
                     </div>
                     <div>
                        <b>Signature: </b>breakDown(org.testng.ITestResult)[pri:0, instance:com.test.regression.cub.testscripts.MyAccount@369f73a2]
                     </div>
                     <div>
                        <b>Parameters: </b>
                        
                        [TestResult name=ChangePwdLengthyPwd status=SUCCESS method=MyAccount.ChangePwdLengthyPwd()[pri:0, instance:com.test.regression.cub.testscripts.MyAccount@369f73a2]
                        output={null}]
                        
                        
                     </div>
                     <div>
                        <b>Start time: </b>15:24:40
                     </div>
                     <div>
                        <b>End time: </b>15:24:40
                     </div>
                     <div>
                        <b>Duration: </b>0 ms
                        
                     </div>
                  </div>
               </td>
            </tr>
            <tr></tr>
            <tr id="com.test.regression.cub.testscripts.MyAccount_closeDriver_byClass_PASS16_row"
                class="testMethodStatusPASS testMethodStatusCONF">
               <td width="100%" class="firstMethodCell">
                  <a onclick="toggleDetailsVisibility('com.test.regression.cub.testscripts.MyAccount_closeDriver_byClass_PASS16_details')">closeDriver(public void com.test.regression.cub.testscripts.MyAccount.ChangePwdLengthyPwd())</a>
               </td>
               <td nowrap="true">15:24:40</td>
               <td nowrap="true" align="right">5s
                  
               </td>
               <td nowrap="true">
                   
                  
               </td>
            </tr>
            <tr>
               <td colspan="4" class="detailsBox">
                  <div id="com.test.regression.cub.testscripts.MyAccount_closeDriver_byClass_PASS16_details"
                       class="testMethodDetails">
                     <div>
                        <b>Name: </b>closeDriver
                     </div>
                     <div>
                        <b>Signature: </b>closeDriver(java.lang.reflect.Method)[pri:0, instance:com.test.regression.cub.testscripts.MyAccount@369f73a2]
                     </div>
                     <div>
                        <b>Parameters: </b>
                        
                        public void com.test.regression.cub.testscripts.MyAccount.ChangePwdLengthyPwd()
                        
                        
                     </div>
                     <div>
                        <b>Start time: </b>15:24:40
                     </div>
                     <div>
                        <b>End time: </b>15:24:45
                     </div>
                     <div>
                        <b>Duration: </b>5s
                        
                     </div>
                  </div>
               </td>
            </tr>
            <tr></tr>
            <tr id="com.test.regression.cub.testscripts.MyAccount_initialization_byClass_PASS17_row"
                class="testMethodStatusPASS testMethodStatusCONF">
               <td width="100%" class="firstMethodCell">
                  <a onclick="toggleDetailsVisibility('com.test.regression.cub.testscripts.MyAccount_initialization_byClass_PASS17_details')">initialization(public void com.test.regression.cub.testscripts.MyAccount.ChangePwdShortPwd())</a>
               </td>
               <td nowrap="true">15:24:45</td>
               <td nowrap="true" align="right">16s
                  
               </td>
               <td nowrap="true">
                   
                  
               </td>
            </tr>
            <tr>
               <td colspan="4" class="detailsBox">
                  <div id="com.test.regression.cub.testscripts.MyAccount_initialization_byClass_PASS17_details"
                       class="testMethodDetails">
                     <div>
                        <b>Name: </b>initialization
                     </div>
                     <div>
                        <b>Signature: </b>initialization(java.lang.reflect.Method)[pri:0, instance:com.test.regression.cub.testscripts.MyAccount@369f73a2]
                     </div>
                     <div>
                        <b>Parameters: </b>
                        
                        public void com.test.regression.cub.testscripts.MyAccount.ChangePwdShortPwd()
                        
                        
                     </div>
                     <div>
                        <b>Start time: </b>15:24:45
                     </div>
                     <div>
                        <b>End time: </b>15:25:02
                     </div>
                     <div>
                        <b>Duration: </b>16s
                        
                     </div>
                  </div>
               </td>
            </tr>
            <tr></tr>
            <tr id="com.test.regression.cub.testscripts.MyAccount_ChangePwdShortPwd_byClass_PASS18_row"
                class="testMethodStatusPASS">
               <td width="100%" class="firstMethodCell">
                  <a onclick="toggleDetailsVisibility('com.test.regression.cub.testscripts.MyAccount_ChangePwdShortPwd_byClass_PASS18_details')">ChangePwdShortPwd()</a>
               </td>
               <td nowrap="true">15:25:02</td>
               <td nowrap="true" align="right">20s
                  
               </td>
               <td nowrap="true">
                   
                  
               </td>
            </tr>
            <tr>
               <td colspan="4" class="detailsBox">
                  <div id="com.test.regression.cub.testscripts.MyAccount_ChangePwdShortPwd_byClass_PASS18_details"
                       class="testMethodDetails">
                     <div>
                        <b>Name: </b>ChangePwdShortPwd
                     </div>
                     <div>
                        <b>Signature: </b>ChangePwdShortPwd()[pri:0, instance:com.test.regression.cub.testscripts.MyAccount@369f73a2]
                     </div>
                     <div>
                        <b>Start time: </b>15:25:02
                     </div>
                     <div>
                        <b>End time: </b>15:25:23
                     </div>
                     <div>
                        <b>Duration: </b>20s
                        
                     </div>
                  </div>
               </td>
            </tr>
            <tr></tr>
            <tr id="com.test.regression.cub.testscripts.MyAccount_breakDown_byClass_PASS19_row"
                class="testMethodStatusPASS testMethodStatusCONF">
               <td width="100%" class="firstMethodCell">
                  <a onclick="toggleDetailsVisibility('com.test.regression.cub.testscripts.MyAccount_breakDown_byClass_PASS19_details')">breakDown([TestResult name=ChangePwdShortPwd status=SUCCESS method=MyAccount.ChangePwdShortPwd()[pri:0, instance:com.test.regression.cub.testscripts.MyAccount@369f73a2]
                     output={null}])
                  </a>
               </td>
               <td nowrap="true">15:25:23</td>
               <td nowrap="true" align="right">1 ms
                  
               </td>
               <td nowrap="true">
                   
                  
               </td>
            </tr>
            <tr>
               <td colspan="4" class="detailsBox">
                  <div id="com.test.regression.cub.testscripts.MyAccount_breakDown_byClass_PASS19_details"
                       class="testMethodDetails">
                     <div>
                        <b>Name: </b>breakDown
                     </div>
                     <div>
                        <b>Signature: </b>breakDown(org.testng.ITestResult)[pri:0, instance:com.test.regression.cub.testscripts.MyAccount@369f73a2]
                     </div>
                     <div>
                        <b>Parameters: </b>
                        
                        [TestResult name=ChangePwdShortPwd status=SUCCESS method=MyAccount.ChangePwdShortPwd()[pri:0, instance:com.test.regression.cub.testscripts.MyAccount@369f73a2]
                        output={null}]
                        
                        
                     </div>
                     <div>
                        <b>Start time: </b>15:25:23
                     </div>
                     <div>
                        <b>End time: </b>15:25:23
                     </div>
                     <div>
                        <b>Duration: </b>1 ms
                        
                     </div>
                  </div>
               </td>
            </tr>
            <tr></tr>
            <tr id="com.test.regression.cub.testscripts.MyAccount_closeDriver_byClass_PASS20_row"
                class="testMethodStatusPASS testMethodStatusCONF">
               <td width="100%" class="firstMethodCell">
                  <a onclick="toggleDetailsVisibility('com.test.regression.cub.testscripts.MyAccount_closeDriver_byClass_PASS20_details')">closeDriver(public void com.test.regression.cub.testscripts.MyAccount.ChangePwdShortPwd())</a>
               </td>
               <td nowrap="true">15:25:23</td>
               <td nowrap="true" align="right">3s
                  
               </td>
               <td nowrap="true">
                   
                  
               </td>
            </tr>
            <tr>
               <td colspan="4" class="detailsBox">
                  <div id="com.test.regression.cub.testscripts.MyAccount_closeDriver_byClass_PASS20_details"
                       class="testMethodDetails">
                     <div>
                        <b>Name: </b>closeDriver
                     </div>
                     <div>
                        <b>Signature: </b>closeDriver(java.lang.reflect.Method)[pri:0, instance:com.test.regression.cub.testscripts.MyAccount@369f73a2]
                     </div>
                     <div>
                        <b>Parameters: </b>
                        
                        public void com.test.regression.cub.testscripts.MyAccount.ChangePwdShortPwd()
                        
                        
                     </div>
                     <div>
                        <b>Start time: </b>15:25:23
                     </div>
                     <div>
                        <b>End time: </b>15:25:27
                     </div>
                     <div>
                        <b>Duration: </b>3s
                        
                     </div>
                  </div>
               </td>
            </tr>
            <tr></tr>
            <tr id="com.test.regression.cub.testscripts.MyAccount_initialization_byClass_PASS21_row"
                class="testMethodStatusPASS testMethodStatusCONF">
               <td width="100%" class="firstMethodCell">
                  <a onclick="toggleDetailsVisibility('com.test.regression.cub.testscripts.MyAccount_initialization_byClass_PASS21_details')">initialization(public void com.test.regression.cub.testscripts.MyAccount.ChangePwdDifferentNewPwds())</a>
               </td>
               <td nowrap="true">15:25:27</td>
               <td nowrap="true" align="right">15s
                  
               </td>
               <td nowrap="true">
                   
                  
               </td>
            </tr>
            <tr>
               <td colspan="4" class="detailsBox">
                  <div id="com.test.regression.cub.testscripts.MyAccount_initialization_byClass_PASS21_details"
                       class="testMethodDetails">
                     <div>
                        <b>Name: </b>initialization
                     </div>
                     <div>
                        <b>Signature: </b>initialization(java.lang.reflect.Method)[pri:0, instance:com.test.regression.cub.testscripts.MyAccount@369f73a2]
                     </div>
                     <div>
                        <b>Parameters: </b>
                        
                        public void com.test.regression.cub.testscripts.MyAccount.ChangePwdDifferentNewPwds()
                        
                        
                     </div>
                     <div>
                        <b>Start time: </b>15:25:27
                     </div>
                     <div>
                        <b>End time: </b>15:25:42
                     </div>
                     <div>
                        <b>Duration: </b>15s
                        
                     </div>
                  </div>
               </td>
            </tr>
            <tr></tr>
            <tr id="com.test.regression.cub.testscripts.MyAccount_ChangePwdDifferentNewPwds_byClass_PASS22_row"
                class="testMethodStatusPASS">
               <td width="100%" class="firstMethodCell">
                  <a onclick="toggleDetailsVisibility('com.test.regression.cub.testscripts.MyAccount_ChangePwdDifferentNewPwds_byClass_PASS22_details')">ChangePwdDifferentNewPwds()</a>
               </td>
               <td nowrap="true">15:25:42</td>
               <td nowrap="true" align="right">21s
                  
               </td>
               <td nowrap="true">
                   
                  
               </td>
            </tr>
            <tr>
               <td colspan="4" class="detailsBox">
                  <div id="com.test.regression.cub.testscripts.MyAccount_ChangePwdDifferentNewPwds_byClass_PASS22_details"
                       class="testMethodDetails">
                     <div>
                        <b>Name: </b>ChangePwdDifferentNewPwds
                     </div>
                     <div>
                        <b>Signature: </b>ChangePwdDifferentNewPwds()[pri:0, instance:com.test.regression.cub.testscripts.MyAccount@369f73a2]
                     </div>
                     <div>
                        <b>Start time: </b>15:25:42
                     </div>
                     <div>
                        <b>End time: </b>15:26:04
                     </div>
                     <div>
                        <b>Duration: </b>21s
                        
                     </div>
                  </div>
               </td>
            </tr>
            <tr></tr>
            <tr id="com.test.regression.cub.testscripts.MyAccount_closeDriver_byClass_PASS23_row"
                class="testMethodStatusPASS testMethodStatusCONF">
               <td width="100%" class="firstMethodCell">
                  <a onclick="toggleDetailsVisibility('com.test.regression.cub.testscripts.MyAccount_closeDriver_byClass_PASS23_details')">closeDriver(public void com.test.regression.cub.testscripts.MyAccount.ChangePwdDifferentNewPwds())</a>
               </td>
               <td nowrap="true">15:26:04</td>
               <td nowrap="true" align="right">4s
                  
               </td>
               <td nowrap="true">
                   
                  
               </td>
            </tr>
            <tr>
               <td colspan="4" class="detailsBox">
                  <div id="com.test.regression.cub.testscripts.MyAccount_closeDriver_byClass_PASS23_details"
                       class="testMethodDetails">
                     <div>
                        <b>Name: </b>closeDriver
                     </div>
                     <div>
                        <b>Signature: </b>closeDriver(java.lang.reflect.Method)[pri:0, instance:com.test.regression.cub.testscripts.MyAccount@369f73a2]
                     </div>
                     <div>
                        <b>Parameters: </b>
                        
                        public void com.test.regression.cub.testscripts.MyAccount.ChangePwdDifferentNewPwds()
                        
                        
                     </div>
                     <div>
                        <b>Start time: </b>15:26:04
                     </div>
                     <div>
                        <b>End time: </b>15:26:09
                     </div>
                     <div>
                        <b>Duration: </b>4s
                        
                     </div>
                  </div>
               </td>
            </tr>
            <tr></tr>
            <tr id="com.test.regression.cub.testscripts.MyAccount_breakDown_byClass_PASS24_row"
                class="testMethodStatusPASS testMethodStatusCONF">
               <td width="100%" class="firstMethodCell">
                  <a onclick="toggleDetailsVisibility('com.test.regression.cub.testscripts.MyAccount_breakDown_byClass_PASS24_details')">breakDown([TestResult name=ChangePwdDifferentNewPwds status=SUCCESS method=MyAccount.ChangePwdDifferentNewPwds()[pri:0, instance:com.test.regression.cub.testscripts.MyAccount@369f73a2]
                     output={null}])
                  </a>
               </td>
               <td nowrap="true">15:26:04</td>
               <td nowrap="true" align="right">0 ms
                  
               </td>
               <td nowrap="true">
                   
                  
               </td>
            </tr>
            <tr>
               <td colspan="4" class="detailsBox">
                  <div id="com.test.regression.cub.testscripts.MyAccount_breakDown_byClass_PASS24_details"
                       class="testMethodDetails">
                     <div>
                        <b>Name: </b>breakDown
                     </div>
                     <div>
                        <b>Signature: </b>breakDown(org.testng.ITestResult)[pri:0, instance:com.test.regression.cub.testscripts.MyAccount@369f73a2]
                     </div>
                     <div>
                        <b>Parameters: </b>
                        
                        [TestResult name=ChangePwdDifferentNewPwds status=SUCCESS method=MyAccount.ChangePwdDifferentNewPwds()[pri:0, instance:com.test.regression.cub.testscripts.MyAccount@369f73a2]
                        output={null}]
                        
                        
                     </div>
                     <div>
                        <b>Start time: </b>15:26:04
                     </div>
                     <div>
                        <b>End time: </b>15:26:04
                     </div>
                     <div>
                        <b>Duration: </b>0 ms
                        
                     </div>
                  </div>
               </td>
            </tr>
            <tr></tr>
         </table>
         <br></br>
      </div>
      <div style="margin-top: 15px; color: gray; text-align: center; font-size: 9px;">
         Generated with
         
         <a href="http://code.google.com/p/testng-xslt/" style="color: #8888aa;"
            target="_blank">
            TestNG XSLT
            
         </a>
      </div>
   </body>
</html>