<?xml version="1.0" encoding="UTF-8"?>
<!-- Generated by org.testng.reporters.JUnitXMLReporter -->
<testsuite hostname="SDWVPCTCS2310" name="eDeals Regression" tests="2" failures="0" timestamp="7 Oct 2016 07:02:08 GMT" time="150.807" errors="0">
  <testcase name="NegDeal" time="58.99" classname="com.test.regression.eDeals.testscripts.NegativeFlow"/>
  <testcase name="Disabled" time="64.291" classname="com.test.regression.eDeals.testscripts.NegativeFlow"/>
</testsuite> <!-- eDeals Regression -->
