<?xml version="1.0" encoding="UTF-8"?>
<!-- Generated by org.testng.reporters.JUnitXMLReporter -->
<testsuite hostname="SDWVPCTCS2310" name="eDeals Regression" tests="5" failures="0" timestamp="18 Oct 2016 06:12:20 GMT" time="0.237" errors="0">
  <testcase name="@BeforeMethod initialization" time="0.0" classname="com.test.regression.eDeals.testscripts.CreateFlow">
    <failure type="java.lang.NullPointerException">
      <![CDATA[java.lang.NullPointerException
	at com.test.regression.eDeals.utils.SuiteBase.InitializeDriver(SuiteBase.java:120)
	at com.test.regression.eDeals.utils.SuiteBase.initialization(SuiteBase.java:70)
... Removed 26 stack frames]]>
    </failure>
  </testcase> <!-- @BeforeMethod initialization -->
  <testcase name="@AfterMethod closeDriver" time="0.0" classname="com.test.regression.eDeals.testscripts.CreateFlow">
    <skipped/>
  </testcase> <!-- @AfterMethod closeDriver -->
  <testcase name="@BeforeMethod initialization" time="0.0" classname="com.test.regression.eDeals.testscripts.ReviewFlow">
    <skipped/>
  </testcase> <!-- @BeforeMethod initialization -->
  <testcase name="@AfterMethod closeDriver" time="0.0" classname="com.test.regression.eDeals.testscripts.ReviewFlow">
    <skipped/>
  </testcase> <!-- @AfterMethod closeDriver -->
  <testcase name="@BeforeMethod initialization" time="0.0" classname="com.test.regression.eDeals.testscripts.NegativeFlow">
    <skipped/>
  </testcase> <!-- @BeforeMethod initialization -->
  <testcase name="@AfterMethod closeDriver" time="0.0" classname="com.test.regression.eDeals.testscripts.NegativeFlow">
    <skipped/>
  </testcase> <!-- @AfterMethod closeDriver -->
  <testcase name="@BeforeMethod initialization" time="0.0" classname="com.test.regression.eDeals.testscripts.NegativeFlow">
    <skipped/>
  </testcase> <!-- @BeforeMethod initialization -->
  <testcase name="@AfterMethod closeDriver" time="0.0" classname="com.test.regression.eDeals.testscripts.NegativeFlow">
    <skipped/>
  </testcase> <!-- @AfterMethod closeDriver -->
  <testcase name="@BeforeMethod initialization" time="0.0" classname="com.test.regression.eDeals.testscripts.CouponContentValidationFlow">
    <skipped/>
  </testcase> <!-- @BeforeMethod initialization -->
  <testcase name="@AfterMethod closeDriver" time="0.0" classname="com.test.regression.eDeals.testscripts.CouponContentValidationFlow">
    <skipped/>
  </testcase> <!-- @AfterMethod closeDriver -->
  <testcase name="createDeal" time="0.012" classname="com.test.regression.eDeals.testscripts.CreateFlow">
    <skipped/>
  </testcase> <!-- createDeal -->
  <testcase name="reviewDeal" time="0.004" classname="com.test.regression.eDeals.testscripts.ReviewFlow">
    <skipped/>
  </testcase> <!-- reviewDeal -->
  <testcase name="NegDeal" time="0.003" classname="com.test.regression.eDeals.testscripts.NegativeFlow">
    <skipped/>
  </testcase> <!-- NegDeal -->
  <testcase name="Disabled" time="0.009" classname="com.test.regression.eDeals.testscripts.NegativeFlow">
    <skipped/>
  </testcase> <!-- Disabled -->
  <testcase name="couponContentValidation" time="0.003" classname="com.test.regression.eDeals.testscripts.CouponContentValidationFlow">
    <skipped/>
  </testcase> <!-- couponContentValidation -->
</testsuite> <!-- eDeals Regression -->
