<?xml version="1.0" encoding="UTF-8"?>
<!-- Generated by org.testng.reporters.JUnitXMLReporter -->
<testsuite hostname="sdwvpctcs2813" name="Find a Store - Testing" tests="15" failures="0" timestamp="17 Aug 2016 10:40:53 GMT" time="1122.583" errors="0">
  <testcase name="setStoreGuestZipCode" time="11.293" classname="com.test.regression.cub.testscripts.FindAStore"/>
  <testcase name="setStoreGuestCityState" time="9.776" classname="com.test.regression.cub.testscripts.FindAStore"/>
  <testcase name="setStoreGueststreetname" time="21.343" classname="com.test.regression.cub.testscripts.FindAStore"/>
  <testcase name="setStoreAuthorizedZipcode" time="49.881" classname="com.test.regression.cub.testscripts.FindAStore"/>
  <testcase name="setStoreAuthorizedCityState" time="64.16" classname="com.test.regression.cub.testscripts.FindAStore"/>
  <testcase name="Miles20" time="16.112" classname="com.test.regression.cub.testscripts.FindAStore"/>
  <testcase name="Miles50" time="20.034" classname="com.test.regression.cub.testscripts.FindAStore"/>
  <testcase name="changeStoreFromDifferentPages" time="177.221" classname="com.test.regression.cub.testscripts.FindAStore"/>
  <testcase name="StoresbyState" time="23.675" classname="com.test.regression.cub.testscripts.FindAStore"/>
  <testcase name="mapanddriving" time="103.146" classname="com.test.regression.cub.testscripts.FindAStore"/>
  <testcase name="invalidzipcode" time="45.524" classname="com.test.regression.cub.testscripts.FindAStore"/>
  <testcase name="Pagination" time="69.597" classname="com.test.regression.cub.testscripts.FindAStore"/>
  <testcase name="validSignUpandsetstore" time="274.552" classname="com.test.regression.cub.testscripts.FindAStore"/>
  <testcase name="invalidCityStreet" time="42.188" classname="com.test.regression.cub.testscripts.FindAStore"/>
  <testcase name="pharmacyFASwidget" time="28.885" classname="com.test.regression.cub.testscripts.FindAStore"/>
</testsuite> <!-- Find a Store - Testing -->
