<?xml version="1.0" encoding="UTF-8"?>
<!-- Generated by org.testng.reporters.JUnitXMLReporter -->
<testsuite hostname="sdwvpctcs2813" name="Recipes - Testing" tests="6" failures="0" timestamp="17 Aug 2016 11:29:48 GMT" time="400.573" errors="0">
  <testcase name="Guest_Recipes_Pagination" time="41.166" classname="com.test.regression.cub.testscripts.Recipes"/>
  <testcase name="Guest_Search_ResultContent" time="77.302" classname="com.test.regression.cub.testscripts.Recipes"/>
  <testcase name="Guest_Recipes_Category" time="120.812" classname="com.test.regression.cub.testscripts.Recipes"/>
  <testcase name="Guest_Recipes_Print_Tweet" time="19.956" classname="com.test.regression.cub.testscripts.Recipes"/>
  <testcase name="Guest_Recipes_Sorting" time="33.294" classname="com.test.regression.cub.testscripts.Recipes"/>
  <testcase name="Guest_Recipes_Sorting_Time" time="46.704" classname="com.test.regression.cub.testscripts.Recipes"/>
</testsuite> <!-- Recipes - Testing -->
