<?xml version="1.0" encoding="UTF-8"?>
<!-- Generated by org.testng.reporters.JUnitXMLReporter -->
<testsuite hostname="sdwvpctcs2813" name="Navigation - Testing" tests="4" failures="0" timestamp="17 Aug 2016 11:23:08 GMT" time="339.77" errors="0">
  <testcase name="NavigatetoDepartments_GuestUser" time="79.619" classname="com.test.regression.cub.testscripts.Navigation"/>
  <testcase name="NavigatetoDepartments_SignedInuser" time="96.472" classname="com.test.regression.cub.testscripts.Navigation"/>
  <testcase name="NavigatetoPharmacy_GuestUser" time="54.436" classname="com.test.regression.cub.testscripts.Navigation"/>
  <testcase name="NavigatetoPharmacy_SignedInUser" time="71.356" classname="com.test.regression.cub.testscripts.Navigation"/>
</testsuite> <!-- Navigation - Testing -->
