<html xmlns:math="http://exslt.org/math" xmlns:testng="http://testng.org">
   <head>
      <title>TestNG Results</title>
      <meta http-equiv="content-type" content="text/html; charset=utf-8"></meta>
      <meta http-equiv="pragma" content="no-cache"></meta>
      <meta http-equiv="cache-control" content="max-age=0"></meta>
      <meta http-equiv="cache-control" content="no-cache"></meta>
      <meta http-equiv="cache-control" content="no-store"></meta>
      <LINK rel="stylesheet" href="style.css"></LINK>
      <script type="text/javascript" src="main.js"></script>
   </head>
   <body>
      <table width="100%" style="font-size: 16px; margin-bottom: 10px;" cellspacing="1">
         <tr>
            <td width="100%">
               Test case
               
               <b>Find a Store - Testing</b>
            </td>
            <td style="background-color: #FFBBBB; padding: 3px 3px 3px 0;" align="center">
               <div style="width: 50px;">3</div>
            </td>
            <td style="background-color: lightgreen; padding: 3px 3px 3px 0;" align="center">
               <div style="width: 50px;">5</div>
            </td>
            <td style="background-color: #FFFFBB; padding: 3px 3px 3px 0;" align="center">
               <div style="width: 50px;">0</div>
            </td>
            <td align="center" style="background-color: #eaf0f7; padding: 3px 3px 3px 0;">
               <div style="width: 50px;">8</div>
            </td>
            <td align="center"
                style="font-weight: bold; background-color: #eaf0f7; padding: 3px 3px 3px 0;">
               <div style="width: 50px;">62%</div>
            </td>
            <td style="background-color: #eaf0f7; padding: 3px 3px 3px 0;" align="center"
                nowrap="true">8m
               51s
               
            </td>
         </tr>
      </table>
      <div style="width: 200px;">
         <label for="groupMethodsCheckBox" style="font-weight: bold; margin: 0;">
            <input id="groupMethodsCheckBox" type="checkbox" onclick="switchTestMethodsView(this)"
                   checked=""></input>
            Group by class
            
         </label>
         <br></br>
         <label for="methodsFilter_ALL" style="font-weight: bold; margin: 0;">
            <input id="methodsFilter_ALL" type="checkbox"
                   onclick="testMethodsFilterChanged(this, 'ALL')"
                   checked=""></input>
            All
            
         </label>
      </div>
      <label for="methodsFilter_FAIL" style="margin-left: 20px;">
         <input id="methodsFilter_FAIL" type="checkbox"
                onclick="testMethodsFilterChanged(this, 'FAIL')"
                checked=""></input>
         Failed
         
      </label>
      <label for="methodsFilter_PASS">
         <input id="methodsFilter_PASS" type="checkbox"
                onclick="testMethodsFilterChanged(this, 'PASS')"
                checked=""></input>
         Passed
         
      </label>
      <label for="methodsFilter_SKIP">
         <input id="methodsFilter_SKIP" type="checkbox"
                onclick="testMethodsFilterChanged(this, 'SKIP')"
                checked=""></input>
         Skipped
         
      </label>
      <label for="methodsFilter_CONF">
         <input id="methodsFilter_CONF" type="checkbox"
                onclick="testMethodsFilterChanged(this, 'CONF')"
                checked=""></input>
         Config
         
      </label>
      <br></br>
      <div id="testMethodsByStatus" style="display: none;">
         <table class="testMethodsTable" cellpadding="0" cellspacing="0">
            <tr class="methodsTableHeader">
               <td width="100%">Name</td>
               <td nowrap="true">Started</td>
               <td nowrap="true">Duration</td>
               <td>Exception</td>
            </tr>
            <tr id="com.test.regression.cub.testscripts.FindAStore_setStoreAuthorizedZipcode_byStatus_failed_FAIL1_row"
                class="testMethodStatusFAIL">
               <td width="100%" class="firstMethodCell">
                  <a onclick="toggleDetailsVisibility('com.test.regression.cub.testscripts.FindAStore_setStoreAuthorizedZipcode_byStatus_failed_FAIL1_details')">setStoreAuthorizedZipcode()</a>
               </td>
               <td nowrap="true">15:28:13</td>
               <td nowrap="true" align="right">1m
                  16s
                  
               </td>
               <td nowrap="true">
                  <a onclick="toggleDetailsVisibility('com.test.regression.cub.testscripts.FindAStore_setStoreAuthorizedZipcode_byStatus_failed_FAIL1_exception')">java.lang.AssertionError: 
                     no such element: Unable to locate element: {"method":"xpath","selector":"//*[@id='store-search-result']/tbody/tr[1]/td[4]/div/a"}
                     (Session info: chrome=51.0.2704.103)
                     (Driver info: chromedriver=2.22.397933 (1cab651507b88dec79b2b2a22d1943c01833cc1b),platform=Windows NT 6.1.7601 SP1 x86_64)
                     (WARNING: The server did not provide any stacktrace information)
                     Command duration or timeout: 20.22 seconds
                     For documentation on this error, please visit: http://seleniumhq.org/exceptions/no_such_element.html
                     Build info: version: '2.53.0', revision: '35ae25b1534ae328c771e0856c93e187490ca824', time: '2016-03-15 10:43:46'
                     System info: host: 'SDEVPCSVU7112', ip: '10.15.142.48', os.name: 'Windows 7', os.arch: 'amd64', os.version: '6.1', java.version:
                     '1.8.0_91'
                     Driver info: org.openqa.selenium.chrome.ChromeDriver
                     Capabilities [{applicationCacheEnabled=false, rotatable=false, mobileEmulationEnabled=false, chrome={chromedriverVersion=2.22.397933
                     (1cab651507b88dec79b2b2a22d1943c01833cc1b), userDataDir=C:\Users\jrag00m\AppData\Local\Temp\scoped_dir734292_21425}, takesHeapSnapshot=true,
                     databaseEnabled=false, handlesAlerts=true, hasTouchScreen=false, version=51.0.2704.103, platform=XP, browserConnectionEnabled=false,
                     nativeEvents=true, acceptSslCerts=true, locationContextEnabled=true, webStorageEnabled=true, browserName=chrome, takesScreenshot=true,
                     javascriptEnabled=true, cssSelectorsEnabled=true}]
                     Session ID: f7570eb43467b27cad3ca9efe18f06ca
                     *** Element info: {Using=xpath, value=//*[@id='store-search-result']/tbody/tr[1]/td[4]/div/a}
                     
                  </a>
                   
                  
               </td>
            </tr>
            <tr>
               <td colspan="4" class="detailsBox">
                  <div id="com.test.regression.cub.testscripts.FindAStore_setStoreAuthorizedZipcode_byStatus_failed_FAIL1_details"
                       class="testMethodDetails">
                     <div>
                        <b>Name: </b>setStoreAuthorizedZipcode
                     </div>
                     <div>
                        <b>Signature: </b>setStoreAuthorizedZipcode()[pri:0, instance:com.test.regression.cub.testscripts.FindAStore@2b9627bc]
                     </div>
                     <div>
                        <b>Start time: </b>15:28:13
                     </div>
                     <div>
                        <b>End time: </b>15:29:29
                     </div>
                     <div>
                        <b>Duration: </b>1m
                        16s
                        
                     </div>
                  </div>
               </td>
            </tr>
            <tr>
               <td colspan="4" class="detailsBox">
                  <div id="com.test.regression.cub.testscripts.FindAStore_setStoreAuthorizedZipcode_byStatus_failed_FAIL1_exception"
                       class="testMethodDetails">
                     <pre style="padding: 5px; margin: 0;">java.lang.AssertionError: no such element: Unable to locate element: {"method":"xpath","selector":"//*[@id='store-search-result']/tbody/tr[1]/td[4]/div/a"}
                        (Session info: chrome=51.0.2704.103)
                        (Driver info: chromedriver=2.22.397933 (1cab651507b88dec79b2b2a22d1943c01833cc1b),platform=Windows NT 6.1.7601 SP1 x86_64)
                        (WARNING: The server did not provide any stacktrace information)
                        Command duration or timeout: 20.22 seconds
                        For documentation on this error, please visit: http://seleniumhq.org/exceptions/no_such_element.html
                        Build info: version: '2.53.0', revision: '35ae25b1534ae328c771e0856c93e187490ca824', time: '2016-03-15 10:43:46'
                        System info: host: 'SDEVPCSVU7112', ip: '10.15.142.48', os.name: 'Windows 7', os.arch: 'amd64', os.version: '6.1', java.version:
                        '1.8.0_91'
                        Driver info: org.openqa.selenium.chrome.ChromeDriver
                        Capabilities [{applicationCacheEnabled=false, rotatable=false, mobileEmulationEnabled=false, chrome={chromedriverVersion=2.22.397933
                        (1cab651507b88dec79b2b2a22d1943c01833cc1b), userDataDir=C:\Users\jrag00m\AppData\Local\Temp\scoped_dir734292_21425}, takesHeapSnapshot=true,
                        databaseEnabled=false, handlesAlerts=true, hasTouchScreen=false, version=51.0.2704.103, platform=XP, browserConnectionEnabled=false,
                        nativeEvents=true, acceptSslCerts=true, locationContextEnabled=true, webStorageEnabled=true, browserName=chrome, takesScreenshot=true,
                        javascriptEnabled=true, cssSelectorsEnabled=true}]
                        Session ID: f7570eb43467b27cad3ca9efe18f06ca
                        *** Element info: {Using=xpath, value=//*[@id='store-search-result']/tbody/tr[1]/td[4]/div/a}
                        	at org.testng.Assert.fail(Assert.java:94)
                        	at com.test.regression.cub.testscripts.FindAStore.setStoreAuthorizedZipcode(FindAStore.java:192)
                        	at sun.reflect.NativeMethodAccessorImpl.invoke0(Native Method)
                        	at sun.reflect.NativeMethodAccessorImpl.invoke(Unknown Source)
                        	at sun.reflect.DelegatingMethodAccessorImpl.invoke(Unknown Source)
                        	at java.lang.reflect.Method.invoke(Unknown Source)
                        	at org.testng.internal.MethodInvocationHelper.invokeMethod(MethodInvocationHelper.java:80)
                        	at org.testng.internal.Invoker.invokeMethod(Invoker.java:714)
                        	at org.testng.internal.Invoker.invokeTestMethod(Invoker.java:901)
                        	at org.testng.internal.Invoker.invokeTestMethods(Invoker.java:1231)
                        	at org.testng.internal.TestMethodWorker.invokeTestMethods(TestMethodWorker.java:127)
                        	at org.testng.internal.TestMethodWorker.run(TestMethodWorker.java:111)
                        	at org.testng.TestRunner.privateRun(TestRunner.java:767)
                        	at org.testng.TestRunner.run(TestRunner.java:617)
                        	at org.testng.SuiteRunner.runTest(SuiteRunner.java:334)
                        	at org.testng.SuiteRunner.runSequentially(SuiteRunner.java:329)
                        	at org.testng.SuiteRunner.privateRun(SuiteRunner.java:291)
                        	at org.testng.SuiteRunner.run(SuiteRunner.java:240)
                        	at org.testng.SuiteRunnerWorker.runSuite(SuiteRunnerWorker.java:52)
                        	at org.testng.SuiteRunnerWorker.run(SuiteRunnerWorker.java:86)
                        	at org.testng.TestNG.runSuitesSequentially(TestNG.java:1198)
                        	at org.testng.TestNG.runSuitesLocally(TestNG.java:1123)
                        	at org.testng.TestNG.run(TestNG.java:1031)
                        	at org.testng.remote.AbstractRemoteTestNG.run(AbstractRemoteTestNG.java:126)
                        	at org.testng.remote.RemoteTestNG.initAndRun(RemoteTestNG.java:75)
                        	at org.testng.remote.RemoteTestNG.main(RemoteTestNG.java:46)
                     </pre>
                  </div>
               </td>
            </tr>
            <tr id="com.test.regression.cub.testscripts.FindAStore_setStoreAuthorizedCityState_byStatus_failed_FAIL2_row"
                class="testMethodStatusFAIL">
               <td width="100%" class="firstMethodCell">
                  <a onclick="toggleDetailsVisibility('com.test.regression.cub.testscripts.FindAStore_setStoreAuthorizedCityState_byStatus_failed_FAIL2_details')">setStoreAuthorizedCityState()</a>
               </td>
               <td nowrap="true">15:29:52</td>
               <td nowrap="true" align="right">51s
                  
               </td>
               <td nowrap="true">
                  <a onclick="toggleDetailsVisibility('com.test.regression.cub.testscripts.FindAStore_setStoreAuthorizedCityState_byStatus_failed_FAIL2_exception')">java.lang.AssertionError: 
                     expected [Cub Foods - Store Search Results] but found [Cub Foods - View Store]
                     
                  </a>
                   
                  
               </td>
            </tr>
            <tr>
               <td colspan="4" class="detailsBox">
                  <div id="com.test.regression.cub.testscripts.FindAStore_setStoreAuthorizedCityState_byStatus_failed_FAIL2_details"
                       class="testMethodDetails">
                     <div>
                        <b>Name: </b>setStoreAuthorizedCityState
                     </div>
                     <div>
                        <b>Signature: </b>setStoreAuthorizedCityState()[pri:0, instance:com.test.regression.cub.testscripts.FindAStore@2b9627bc]
                     </div>
                     <div>
                        <b>Start time: </b>15:29:52
                     </div>
                     <div>
                        <b>End time: </b>15:30:44
                     </div>
                     <div>
                        <b>Duration: </b>51s
                        
                     </div>
                  </div>
               </td>
            </tr>
            <tr>
               <td colspan="4" class="detailsBox">
                  <div id="com.test.regression.cub.testscripts.FindAStore_setStoreAuthorizedCityState_byStatus_failed_FAIL2_exception"
                       class="testMethodDetails">
                     <pre style="padding: 5px; margin: 0;">java.lang.AssertionError: expected [Cub Foods - Store Search Results] but found [Cub Foods - View Store]
                        	at org.testng.Assert.fail(Assert.java:94)
                        	at org.testng.Assert.failNotEquals(Assert.java:494)
                        	at org.testng.Assert.assertEquals(Assert.java:123)
                        	at org.testng.Assert.assertEquals(Assert.java:176)
                        	at org.testng.Assert.assertEquals(Assert.java:186)
                        	at com.test.regression.cub.testscripts.FindAStore.setStoreAuthorizedCityState(FindAStore.java:253)
                        	at sun.reflect.NativeMethodAccessorImpl.invoke0(Native Method)
                        	at sun.reflect.NativeMethodAccessorImpl.invoke(Unknown Source)
                        	at sun.reflect.DelegatingMethodAccessorImpl.invoke(Unknown Source)
                        	at java.lang.reflect.Method.invoke(Unknown Source)
                        	at org.testng.internal.MethodInvocationHelper.invokeMethod(MethodInvocationHelper.java:80)
                        	at org.testng.internal.Invoker.invokeMethod(Invoker.java:714)
                        	at org.testng.internal.Invoker.invokeTestMethod(Invoker.java:901)
                        	at org.testng.internal.Invoker.invokeTestMethods(Invoker.java:1231)
                        	at org.testng.internal.TestMethodWorker.invokeTestMethods(TestMethodWorker.java:127)
                        	at org.testng.internal.TestMethodWorker.run(TestMethodWorker.java:111)
                        	at org.testng.TestRunner.privateRun(TestRunner.java:767)
                        	at org.testng.TestRunner.run(TestRunner.java:617)
                        	at org.testng.SuiteRunner.runTest(SuiteRunner.java:334)
                        	at org.testng.SuiteRunner.runSequentially(SuiteRunner.java:329)
                        	at org.testng.SuiteRunner.privateRun(SuiteRunner.java:291)
                        	at org.testng.SuiteRunner.run(SuiteRunner.java:240)
                        	at org.testng.SuiteRunnerWorker.runSuite(SuiteRunnerWorker.java:52)
                        	at org.testng.SuiteRunnerWorker.run(SuiteRunnerWorker.java:86)
                        	at org.testng.TestNG.runSuitesSequentially(TestNG.java:1198)
                        	at org.testng.TestNG.runSuitesLocally(TestNG.java:1123)
                        	at org.testng.TestNG.run(TestNG.java:1031)
                        	at org.testng.remote.AbstractRemoteTestNG.run(AbstractRemoteTestNG.java:126)
                        	at org.testng.remote.RemoteTestNG.initAndRun(RemoteTestNG.java:75)
                        	at org.testng.remote.RemoteTestNG.main(RemoteTestNG.java:46)
                     </pre>
                  </div>
               </td>
            </tr>
            <tr id="com.test.regression.cub.testscripts.FindAStore_changeStoreFromDifferentPages_byStatus_failed_FAIL3_row"
                class="testMethodStatusFAIL">
               <td width="100%" class="firstMethodCell">
                  <a onclick="toggleDetailsVisibility('com.test.regression.cub.testscripts.FindAStore_changeStoreFromDifferentPages_byStatus_failed_FAIL3_details')">changeStoreFromDifferentPages()</a>
               </td>
               <td nowrap="true">15:33:16</td>
               <td nowrap="true" align="right">35s
                  
               </td>
               <td nowrap="true">
                  <a onclick="toggleDetailsVisibility('com.test.regression.cub.testscripts.FindAStore_changeStoreFromDifferentPages_byStatus_failed_FAIL3_exception')">java.lang.AssertionError: 
                     expected [true] but found [false]
                     
                  </a>
                   
                  
               </td>
            </tr>
            <tr>
               <td colspan="4" class="detailsBox">
                  <div id="com.test.regression.cub.testscripts.FindAStore_changeStoreFromDifferentPages_byStatus_failed_FAIL3_details"
                       class="testMethodDetails">
                     <div>
                        <b>Name: </b>changeStoreFromDifferentPages
                     </div>
                     <div>
                        <b>Signature: </b>changeStoreFromDifferentPages()[pri:0, instance:com.test.regression.cub.testscripts.FindAStore@2b9627bc]
                     </div>
                     <div>
                        <b>Start time: </b>15:33:16
                     </div>
                     <div>
                        <b>End time: </b>15:33:51
                     </div>
                     <div>
                        <b>Duration: </b>35s
                        
                     </div>
                  </div>
               </td>
            </tr>
            <tr>
               <td colspan="4" class="detailsBox">
                  <div id="com.test.regression.cub.testscripts.FindAStore_changeStoreFromDifferentPages_byStatus_failed_FAIL3_exception"
                       class="testMethodDetails">
                     <pre style="padding: 5px; margin: 0;">java.lang.AssertionError: expected [true] but found [false]
                        	at org.testng.Assert.fail(Assert.java:94)
                        	at org.testng.Assert.failNotEquals(Assert.java:494)
                        	at org.testng.Assert.assertTrue(Assert.java:42)
                        	at org.testng.Assert.assertTrue(Assert.java:52)
                        	at com.test.regression.cub.testscripts.FindAStore.changeStoreFromDifferentPages(FindAStore.java:427)
                        	at sun.reflect.NativeMethodAccessorImpl.invoke0(Native Method)
                        	at sun.reflect.NativeMethodAccessorImpl.invoke(Unknown Source)
                        	at sun.reflect.DelegatingMethodAccessorImpl.invoke(Unknown Source)
                        	at java.lang.reflect.Method.invoke(Unknown Source)
                        	at org.testng.internal.MethodInvocationHelper.invokeMethod(MethodInvocationHelper.java:80)
                        	at org.testng.internal.Invoker.invokeMethod(Invoker.java:714)
                        	at org.testng.internal.Invoker.invokeTestMethod(Invoker.java:901)
                        	at org.testng.internal.Invoker.invokeTestMethods(Invoker.java:1231)
                        	at org.testng.internal.TestMethodWorker.invokeTestMethods(TestMethodWorker.java:127)
                        	at org.testng.internal.TestMethodWorker.run(TestMethodWorker.java:111)
                        	at org.testng.TestRunner.privateRun(TestRunner.java:767)
                        	at org.testng.TestRunner.run(TestRunner.java:617)
                        	at org.testng.SuiteRunner.runTest(SuiteRunner.java:334)
                        	at org.testng.SuiteRunner.runSequentially(SuiteRunner.java:329)
                        	at org.testng.SuiteRunner.privateRun(SuiteRunner.java:291)
                        	at org.testng.SuiteRunner.run(SuiteRunner.java:240)
                        	at org.testng.SuiteRunnerWorker.runSuite(SuiteRunnerWorker.java:52)
                        	at org.testng.SuiteRunnerWorker.run(SuiteRunnerWorker.java:86)
                        	at org.testng.TestNG.runSuitesSequentially(TestNG.java:1198)
                        	at org.testng.TestNG.runSuitesLocally(TestNG.java:1123)
                        	at org.testng.TestNG.run(TestNG.java:1031)
                        	at org.testng.remote.AbstractRemoteTestNG.run(AbstractRemoteTestNG.java:126)
                        	at org.testng.remote.RemoteTestNG.initAndRun(RemoteTestNG.java:75)
                        	at org.testng.remote.RemoteTestNG.main(RemoteTestNG.java:46)
                     </pre>
                  </div>
               </td>
            </tr>
            <tr id="com.test.regression.cub.testscripts.FindAStore_initialization_byStatus_passed_PASS1_row"
                class="testMethodStatusPASS testMethodStatusCONF">
               <td width="100%" class="firstMethodCell">
                  <a onclick="toggleDetailsVisibility('com.test.regression.cub.testscripts.FindAStore_initialization_byStatus_passed_PASS1_details')">initialization(public void com.test.regression.cub.testscripts.FindAStore.setStoreGuestZipCode())</a>
               </td>
               <td nowrap="true">15:26:09</td>
               <td nowrap="true" align="right">20s
                  
               </td>
               <td nowrap="true">
                   
                  
               </td>
            </tr>
            <tr>
               <td colspan="4" class="detailsBox">
                  <div id="com.test.regression.cub.testscripts.FindAStore_initialization_byStatus_passed_PASS1_details"
                       class="testMethodDetails">
                     <div>
                        <b>Name: </b>initialization
                     </div>
                     <div>
                        <b>Signature: </b>initialization(java.lang.reflect.Method)[pri:0, instance:com.test.regression.cub.testscripts.FindAStore@2b9627bc]
                     </div>
                     <div>
                        <b>Parameters: </b>
                        
                        public void com.test.regression.cub.testscripts.FindAStore.setStoreGuestZipCode()
                        
                        
                     </div>
                     <div>
                        <b>Start time: </b>15:26:09
                     </div>
                     <div>
                        <b>End time: </b>15:26:29
                     </div>
                     <div>
                        <b>Duration: </b>20s
                        
                     </div>
                  </div>
               </td>
            </tr>
            <tr></tr>
            <tr id="com.test.regression.cub.testscripts.FindAStore_setStoreGuestZipCode_byStatus_passed_PASS2_row"
                class="testMethodStatusPASS">
               <td width="100%" class="firstMethodCell">
                  <a onclick="toggleDetailsVisibility('com.test.regression.cub.testscripts.FindAStore_setStoreGuestZipCode_byStatus_passed_PASS2_details')">setStoreGuestZipCode()</a>
               </td>
               <td nowrap="true">15:26:29</td>
               <td nowrap="true" align="right">26s
                  
               </td>
               <td nowrap="true">
                   
                  
               </td>
            </tr>
            <tr>
               <td colspan="4" class="detailsBox">
                  <div id="com.test.regression.cub.testscripts.FindAStore_setStoreGuestZipCode_byStatus_passed_PASS2_details"
                       class="testMethodDetails">
                     <div>
                        <b>Name: </b>setStoreGuestZipCode
                     </div>
                     <div>
                        <b>Signature: </b>setStoreGuestZipCode()[pri:0, instance:com.test.regression.cub.testscripts.FindAStore@2b9627bc]
                     </div>
                     <div>
                        <b>Start time: </b>15:26:29
                     </div>
                     <div>
                        <b>End time: </b>15:26:55
                     </div>
                     <div>
                        <b>Duration: </b>26s
                        
                     </div>
                  </div>
               </td>
            </tr>
            <tr></tr>
            <tr id="com.test.regression.cub.testscripts.FindAStore_breakDown_byStatus_passed_PASS3_row"
                class="testMethodStatusPASS testMethodStatusCONF">
               <td width="100%" class="firstMethodCell">
                  <a onclick="toggleDetailsVisibility('com.test.regression.cub.testscripts.FindAStore_breakDown_byStatus_passed_PASS3_details')">breakDown([TestResult name=setStoreGuestZipCode status=SUCCESS method=FindAStore.setStoreGuestZipCode()[pri:0, instance:com.test.regression.cub.testscripts.FindAStore@2b9627bc]
                     output={null}])
                  </a>
               </td>
               <td nowrap="true">15:26:55</td>
               <td nowrap="true" align="right">1 ms
                  
               </td>
               <td nowrap="true">
                   
                  
               </td>
            </tr>
            <tr>
               <td colspan="4" class="detailsBox">
                  <div id="com.test.regression.cub.testscripts.FindAStore_breakDown_byStatus_passed_PASS3_details"
                       class="testMethodDetails">
                     <div>
                        <b>Name: </b>breakDown
                     </div>
                     <div>
                        <b>Signature: </b>breakDown(org.testng.ITestResult)[pri:0, instance:com.test.regression.cub.testscripts.FindAStore@2b9627bc]
                     </div>
                     <div>
                        <b>Parameters: </b>
                        
                        [TestResult name=setStoreGuestZipCode status=SUCCESS method=FindAStore.setStoreGuestZipCode()[pri:0, instance:com.test.regression.cub.testscripts.FindAStore@2b9627bc]
                        output={null}]
                        
                        
                     </div>
                     <div>
                        <b>Start time: </b>15:26:55
                     </div>
                     <div>
                        <b>End time: </b>15:26:55
                     </div>
                     <div>
                        <b>Duration: </b>1 ms
                        
                     </div>
                  </div>
               </td>
            </tr>
            <tr></tr>
            <tr id="com.test.regression.cub.testscripts.FindAStore_closeDriver_byStatus_passed_PASS4_row"
                class="testMethodStatusPASS testMethodStatusCONF">
               <td width="100%" class="firstMethodCell">
                  <a onclick="toggleDetailsVisibility('com.test.regression.cub.testscripts.FindAStore_closeDriver_byStatus_passed_PASS4_details')">closeDriver(public void com.test.regression.cub.testscripts.FindAStore.setStoreGuestZipCode())</a>
               </td>
               <td nowrap="true">15:26:55</td>
               <td nowrap="true" align="right">3s
                  
               </td>
               <td nowrap="true">
                   
                  
               </td>
            </tr>
            <tr>
               <td colspan="4" class="detailsBox">
                  <div id="com.test.regression.cub.testscripts.FindAStore_closeDriver_byStatus_passed_PASS4_details"
                       class="testMethodDetails">
                     <div>
                        <b>Name: </b>closeDriver
                     </div>
                     <div>
                        <b>Signature: </b>closeDriver(java.lang.reflect.Method)[pri:0, instance:com.test.regression.cub.testscripts.FindAStore@2b9627bc]
                     </div>
                     <div>
                        <b>Parameters: </b>
                        
                        public void com.test.regression.cub.testscripts.FindAStore.setStoreGuestZipCode()
                        
                        
                     </div>
                     <div>
                        <b>Start time: </b>15:26:55
                     </div>
                     <div>
                        <b>End time: </b>15:26:59
                     </div>
                     <div>
                        <b>Duration: </b>3s
                        
                     </div>
                  </div>
               </td>
            </tr>
            <tr></tr>
            <tr id="com.test.regression.cub.testscripts.FindAStore_initialization_byStatus_passed_PASS5_row"
                class="testMethodStatusPASS testMethodStatusCONF">
               <td width="100%" class="firstMethodCell">
                  <a onclick="toggleDetailsVisibility('com.test.regression.cub.testscripts.FindAStore_initialization_byStatus_passed_PASS5_details')">initialization(public void com.test.regression.cub.testscripts.FindAStore.setStoreGuestCityState())</a>
               </td>
               <td nowrap="true">15:26:59</td>
               <td nowrap="true" align="right">18s
                  
               </td>
               <td nowrap="true">
                   
                  
               </td>
            </tr>
            <tr>
               <td colspan="4" class="detailsBox">
                  <div id="com.test.regression.cub.testscripts.FindAStore_initialization_byStatus_passed_PASS5_details"
                       class="testMethodDetails">
                     <div>
                        <b>Name: </b>initialization
                     </div>
                     <div>
                        <b>Signature: </b>initialization(java.lang.reflect.Method)[pri:0, instance:com.test.regression.cub.testscripts.FindAStore@2b9627bc]
                     </div>
                     <div>
                        <b>Parameters: </b>
                        
                        public void com.test.regression.cub.testscripts.FindAStore.setStoreGuestCityState()
                        
                        
                     </div>
                     <div>
                        <b>Start time: </b>15:26:59
                     </div>
                     <div>
                        <b>End time: </b>15:27:17
                     </div>
                     <div>
                        <b>Duration: </b>18s
                        
                     </div>
                  </div>
               </td>
            </tr>
            <tr></tr>
            <tr id="com.test.regression.cub.testscripts.FindAStore_setStoreGuestCityState_byStatus_passed_PASS6_row"
                class="testMethodStatusPASS">
               <td width="100%" class="firstMethodCell">
                  <a onclick="toggleDetailsVisibility('com.test.regression.cub.testscripts.FindAStore_setStoreGuestCityState_byStatus_passed_PASS6_details')">setStoreGuestCityState()</a>
               </td>
               <td nowrap="true">15:27:17</td>
               <td nowrap="true" align="right">28s
                  
               </td>
               <td nowrap="true">
                   
                  
               </td>
            </tr>
            <tr>
               <td colspan="4" class="detailsBox">
                  <div id="com.test.regression.cub.testscripts.FindAStore_setStoreGuestCityState_byStatus_passed_PASS6_details"
                       class="testMethodDetails">
                     <div>
                        <b>Name: </b>setStoreGuestCityState
                     </div>
                     <div>
                        <b>Signature: </b>setStoreGuestCityState()[pri:0, instance:com.test.regression.cub.testscripts.FindAStore@2b9627bc]
                     </div>
                     <div>
                        <b>Start time: </b>15:27:17
                     </div>
                     <div>
                        <b>End time: </b>15:27:46
                     </div>
                     <div>
                        <b>Duration: </b>28s
                        
                     </div>
                  </div>
               </td>
            </tr>
            <tr></tr>
            <tr id="com.test.regression.cub.testscripts.FindAStore_closeDriver_byStatus_passed_PASS7_row"
                class="testMethodStatusPASS testMethodStatusCONF">
               <td width="100%" class="firstMethodCell">
                  <a onclick="toggleDetailsVisibility('com.test.regression.cub.testscripts.FindAStore_closeDriver_byStatus_passed_PASS7_details')">closeDriver(public void com.test.regression.cub.testscripts.FindAStore.setStoreGuestCityState())</a>
               </td>
               <td nowrap="true">15:27:46</td>
               <td nowrap="true" align="right">8s
                  
               </td>
               <td nowrap="true">
                   
                  
               </td>
            </tr>
            <tr>
               <td colspan="4" class="detailsBox">
                  <div id="com.test.regression.cub.testscripts.FindAStore_closeDriver_byStatus_passed_PASS7_details"
                       class="testMethodDetails">
                     <div>
                        <b>Name: </b>closeDriver
                     </div>
                     <div>
                        <b>Signature: </b>closeDriver(java.lang.reflect.Method)[pri:0, instance:com.test.regression.cub.testscripts.FindAStore@2b9627bc]
                     </div>
                     <div>
                        <b>Parameters: </b>
                        
                        public void com.test.regression.cub.testscripts.FindAStore.setStoreGuestCityState()
                        
                        
                     </div>
                     <div>
                        <b>Start time: </b>15:27:46
                     </div>
                     <div>
                        <b>End time: </b>15:27:54
                     </div>
                     <div>
                        <b>Duration: </b>8s
                        
                     </div>
                  </div>
               </td>
            </tr>
            <tr></tr>
            <tr id="com.test.regression.cub.testscripts.FindAStore_breakDown_byStatus_passed_PASS8_row"
                class="testMethodStatusPASS testMethodStatusCONF">
               <td width="100%" class="firstMethodCell">
                  <a onclick="toggleDetailsVisibility('com.test.regression.cub.testscripts.FindAStore_breakDown_byStatus_passed_PASS8_details')">breakDown([TestResult name=setStoreGuestCityState status=SUCCESS method=FindAStore.setStoreGuestCityState()[pri:0, instance:com.test.regression.cub.testscripts.FindAStore@2b9627bc]
                     output={null}])
                  </a>
               </td>
               <td nowrap="true">15:27:46</td>
               <td nowrap="true" align="right">0 ms
                  
               </td>
               <td nowrap="true">
                   
                  
               </td>
            </tr>
            <tr>
               <td colspan="4" class="detailsBox">
                  <div id="com.test.regression.cub.testscripts.FindAStore_breakDown_byStatus_passed_PASS8_details"
                       class="testMethodDetails">
                     <div>
                        <b>Name: </b>breakDown
                     </div>
                     <div>
                        <b>Signature: </b>breakDown(org.testng.ITestResult)[pri:0, instance:com.test.regression.cub.testscripts.FindAStore@2b9627bc]
                     </div>
                     <div>
                        <b>Parameters: </b>
                        
                        [TestResult name=setStoreGuestCityState status=SUCCESS method=FindAStore.setStoreGuestCityState()[pri:0, instance:com.test.regression.cub.testscripts.FindAStore@2b9627bc]
                        output={null}]
                        
                        
                     </div>
                     <div>
                        <b>Start time: </b>15:27:46
                     </div>
                     <div>
                        <b>End time: </b>15:27:46
                     </div>
                     <div>
                        <b>Duration: </b>0 ms
                        
                     </div>
                  </div>
               </td>
            </tr>
            <tr></tr>
            <tr id="com.test.regression.cub.testscripts.FindAStore_initialization_byStatus_passed_PASS9_row"
                class="testMethodStatusPASS testMethodStatusCONF">
               <td width="100%" class="firstMethodCell">
                  <a onclick="toggleDetailsVisibility('com.test.regression.cub.testscripts.FindAStore_initialization_byStatus_passed_PASS9_details')">initialization(public void com.test.regression.cub.testscripts.FindAStore.setStoreAuthorizedZipcode())</a>
               </td>
               <td nowrap="true">15:27:54</td>
               <td nowrap="true" align="right">18s
                  
               </td>
               <td nowrap="true">
                   
                  
               </td>
            </tr>
            <tr>
               <td colspan="4" class="detailsBox">
                  <div id="com.test.regression.cub.testscripts.FindAStore_initialization_byStatus_passed_PASS9_details"
                       class="testMethodDetails">
                     <div>
                        <b>Name: </b>initialization
                     </div>
                     <div>
                        <b>Signature: </b>initialization(java.lang.reflect.Method)[pri:0, instance:com.test.regression.cub.testscripts.FindAStore@2b9627bc]
                     </div>
                     <div>
                        <b>Parameters: </b>
                        
                        public void com.test.regression.cub.testscripts.FindAStore.setStoreAuthorizedZipcode()
                        
                        
                     </div>
                     <div>
                        <b>Start time: </b>15:27:54
                     </div>
                     <div>
                        <b>End time: </b>15:28:13
                     </div>
                     <div>
                        <b>Duration: </b>18s
                        
                     </div>
                  </div>
               </td>
            </tr>
            <tr></tr>
            <tr id="com.test.regression.cub.testscripts.FindAStore_breakDown_byStatus_passed_PASS10_row"
                class="testMethodStatusPASS testMethodStatusCONF">
               <td width="100%" class="firstMethodCell">
                  <a onclick="toggleDetailsVisibility('com.test.regression.cub.testscripts.FindAStore_breakDown_byStatus_passed_PASS10_details')">breakDown([TestResult name=setStoreAuthorizedZipcode status=FAILURE method=FindAStore.setStoreAuthorizedZipcode()[pri:0, instance:com.test.regression.cub.testscripts.FindAStore@2b9627bc]
                     output={null}])
                  </a>
               </td>
               <td nowrap="true">15:29:29</td>
               <td nowrap="true" align="right">566 ms
                  
               </td>
               <td nowrap="true">
                   
                  
               </td>
            </tr>
            <tr>
               <td colspan="4" class="detailsBox">
                  <div id="com.test.regression.cub.testscripts.FindAStore_breakDown_byStatus_passed_PASS10_details"
                       class="testMethodDetails">
                     <div>
                        <b>Name: </b>breakDown
                     </div>
                     <div>
                        <b>Signature: </b>breakDown(org.testng.ITestResult)[pri:0, instance:com.test.regression.cub.testscripts.FindAStore@2b9627bc]
                     </div>
                     <div>
                        <b>Parameters: </b>
                        
                        [TestResult name=setStoreAuthorizedZipcode status=FAILURE method=FindAStore.setStoreAuthorizedZipcode()[pri:0, instance:com.test.regression.cub.testscripts.FindAStore@2b9627bc]
                        output={null}]
                        
                        
                     </div>
                     <div>
                        <b>Start time: </b>15:29:29
                     </div>
                     <div>
                        <b>End time: </b>15:29:30
                     </div>
                     <div>
                        <b>Duration: </b>566 ms
                        
                     </div>
                  </div>
               </td>
            </tr>
            <tr></tr>
            <tr id="com.test.regression.cub.testscripts.FindAStore_closeDriver_byStatus_passed_PASS11_row"
                class="testMethodStatusPASS testMethodStatusCONF">
               <td width="100%" class="firstMethodCell">
                  <a onclick="toggleDetailsVisibility('com.test.regression.cub.testscripts.FindAStore_closeDriver_byStatus_passed_PASS11_details')">closeDriver(public void com.test.regression.cub.testscripts.FindAStore.setStoreAuthorizedZipcode())</a>
               </td>
               <td nowrap="true">15:29:30</td>
               <td nowrap="true" align="right">3s
                  
               </td>
               <td nowrap="true">
                   
                  
               </td>
            </tr>
            <tr>
               <td colspan="4" class="detailsBox">
                  <div id="com.test.regression.cub.testscripts.FindAStore_closeDriver_byStatus_passed_PASS11_details"
                       class="testMethodDetails">
                     <div>
                        <b>Name: </b>closeDriver
                     </div>
                     <div>
                        <b>Signature: </b>closeDriver(java.lang.reflect.Method)[pri:0, instance:com.test.regression.cub.testscripts.FindAStore@2b9627bc]
                     </div>
                     <div>
                        <b>Parameters: </b>
                        
                        public void com.test.regression.cub.testscripts.FindAStore.setStoreAuthorizedZipcode()
                        
                        
                     </div>
                     <div>
                        <b>Start time: </b>15:29:30
                     </div>
                     <div>
                        <b>End time: </b>15:29:33
                     </div>
                     <div>
                        <b>Duration: </b>3s
                        
                     </div>
                  </div>
               </td>
            </tr>
            <tr></tr>
            <tr id="com.test.regression.cub.testscripts.FindAStore_initialization_byStatus_passed_PASS12_row"
                class="testMethodStatusPASS testMethodStatusCONF">
               <td width="100%" class="firstMethodCell">
                  <a onclick="toggleDetailsVisibility('com.test.regression.cub.testscripts.FindAStore_initialization_byStatus_passed_PASS12_details')">initialization(public void com.test.regression.cub.testscripts.FindAStore.setStoreAuthorizedCityState())</a>
               </td>
               <td nowrap="true">15:29:33</td>
               <td nowrap="true" align="right">18s
                  
               </td>
               <td nowrap="true">
                   
                  
               </td>
            </tr>
            <tr>
               <td colspan="4" class="detailsBox">
                  <div id="com.test.regression.cub.testscripts.FindAStore_initialization_byStatus_passed_PASS12_details"
                       class="testMethodDetails">
                     <div>
                        <b>Name: </b>initialization
                     </div>
                     <div>
                        <b>Signature: </b>initialization(java.lang.reflect.Method)[pri:0, instance:com.test.regression.cub.testscripts.FindAStore@2b9627bc]
                     </div>
                     <div>
                        <b>Parameters: </b>
                        
                        public void com.test.regression.cub.testscripts.FindAStore.setStoreAuthorizedCityState()
                        
                        
                     </div>
                     <div>
                        <b>Start time: </b>15:29:33
                     </div>
                     <div>
                        <b>End time: </b>15:29:52
                     </div>
                     <div>
                        <b>Duration: </b>18s
                        
                     </div>
                  </div>
               </td>
            </tr>
            <tr></tr>
            <tr id="com.test.regression.cub.testscripts.FindAStore_breakDown_byStatus_passed_PASS13_row"
                class="testMethodStatusPASS testMethodStatusCONF">
               <td width="100%" class="firstMethodCell">
                  <a onclick="toggleDetailsVisibility('com.test.regression.cub.testscripts.FindAStore_breakDown_byStatus_passed_PASS13_details')">breakDown([TestResult name=setStoreAuthorizedCityState status=FAILURE method=FindAStore.setStoreAuthorizedCityState()[pri:0,
                     instance:com.test.regression.cub.testscripts.FindAStore@2b9627bc] output={null}])
                  </a>
               </td>
               <td nowrap="true">15:30:44</td>
               <td nowrap="true" align="right">293 ms
                  
               </td>
               <td nowrap="true">
                   
                  
               </td>
            </tr>
            <tr>
               <td colspan="4" class="detailsBox">
                  <div id="com.test.regression.cub.testscripts.FindAStore_breakDown_byStatus_passed_PASS13_details"
                       class="testMethodDetails">
                     <div>
                        <b>Name: </b>breakDown
                     </div>
                     <div>
                        <b>Signature: </b>breakDown(org.testng.ITestResult)[pri:0, instance:com.test.regression.cub.testscripts.FindAStore@2b9627bc]
                     </div>
                     <div>
                        <b>Parameters: </b>
                        
                        [TestResult name=setStoreAuthorizedCityState status=FAILURE method=FindAStore.setStoreAuthorizedCityState()[pri:0, instance:com.test.regression.cub.testscripts.FindAStore@2b9627bc]
                        output={null}]
                        
                        
                     </div>
                     <div>
                        <b>Start time: </b>15:30:44
                     </div>
                     <div>
                        <b>End time: </b>15:30:44
                     </div>
                     <div>
                        <b>Duration: </b>293 ms
                        
                     </div>
                  </div>
               </td>
            </tr>
            <tr></tr>
            <tr id="com.test.regression.cub.testscripts.FindAStore_closeDriver_byStatus_passed_PASS14_row"
                class="testMethodStatusPASS testMethodStatusCONF">
               <td width="100%" class="firstMethodCell">
                  <a onclick="toggleDetailsVisibility('com.test.regression.cub.testscripts.FindAStore_closeDriver_byStatus_passed_PASS14_details')">closeDriver(public void com.test.regression.cub.testscripts.FindAStore.setStoreAuthorizedCityState())</a>
               </td>
               <td nowrap="true">15:30:44</td>
               <td nowrap="true" align="right">3s
                  
               </td>
               <td nowrap="true">
                   
                  
               </td>
            </tr>
            <tr>
               <td colspan="4" class="detailsBox">
                  <div id="com.test.regression.cub.testscripts.FindAStore_closeDriver_byStatus_passed_PASS14_details"
                       class="testMethodDetails">
                     <div>
                        <b>Name: </b>closeDriver
                     </div>
                     <div>
                        <b>Signature: </b>closeDriver(java.lang.reflect.Method)[pri:0, instance:com.test.regression.cub.testscripts.FindAStore@2b9627bc]
                     </div>
                     <div>
                        <b>Parameters: </b>
                        
                        public void com.test.regression.cub.testscripts.FindAStore.setStoreAuthorizedCityState()
                        
                        
                     </div>
                     <div>
                        <b>Start time: </b>15:30:44
                     </div>
                     <div>
                        <b>End time: </b>15:30:47
                     </div>
                     <div>
                        <b>Duration: </b>3s
                        
                     </div>
                  </div>
               </td>
            </tr>
            <tr></tr>
            <tr id="com.test.regression.cub.testscripts.FindAStore_initialization_byStatus_passed_PASS15_row"
                class="testMethodStatusPASS testMethodStatusCONF">
               <td width="100%" class="firstMethodCell">
                  <a onclick="toggleDetailsVisibility('com.test.regression.cub.testscripts.FindAStore_initialization_byStatus_passed_PASS15_details')">initialization(public void com.test.regression.cub.testscripts.FindAStore.Miles20())</a>
               </td>
               <td nowrap="true">15:30:47</td>
               <td nowrap="true" align="right">25s
                  
               </td>
               <td nowrap="true">
                   
                  
               </td>
            </tr>
            <tr>
               <td colspan="4" class="detailsBox">
                  <div id="com.test.regression.cub.testscripts.FindAStore_initialization_byStatus_passed_PASS15_details"
                       class="testMethodDetails">
                     <div>
                        <b>Name: </b>initialization
                     </div>
                     <div>
                        <b>Signature: </b>initialization(java.lang.reflect.Method)[pri:0, instance:com.test.regression.cub.testscripts.FindAStore@2b9627bc]
                     </div>
                     <div>
                        <b>Parameters: </b>
                        
                        public void com.test.regression.cub.testscripts.FindAStore.Miles20()
                        
                        
                     </div>
                     <div>
                        <b>Start time: </b>15:30:47
                     </div>
                     <div>
                        <b>End time: </b>15:31:13
                     </div>
                     <div>
                        <b>Duration: </b>25s
                        
                     </div>
                  </div>
               </td>
            </tr>
            <tr></tr>
            <tr id="com.test.regression.cub.testscripts.FindAStore_Miles20_byStatus_passed_PASS16_row"
                class="testMethodStatusPASS">
               <td width="100%" class="firstMethodCell">
                  <a onclick="toggleDetailsVisibility('com.test.regression.cub.testscripts.FindAStore_Miles20_byStatus_passed_PASS16_details')">Miles20()</a>
               </td>
               <td nowrap="true">15:31:13</td>
               <td nowrap="true" align="right">44s
                  
               </td>
               <td nowrap="true">
                   
                  
               </td>
            </tr>
            <tr>
               <td colspan="4" class="detailsBox">
                  <div id="com.test.regression.cub.testscripts.FindAStore_Miles20_byStatus_passed_PASS16_details"
                       class="testMethodDetails">
                     <div>
                        <b>Name: </b>Miles20
                     </div>
                     <div>
                        <b>Signature: </b>Miles20()[pri:0, instance:com.test.regression.cub.testscripts.FindAStore@2b9627bc]
                     </div>
                     <div>
                        <b>Start time: </b>15:31:13
                     </div>
                     <div>
                        <b>End time: </b>15:31:57
                     </div>
                     <div>
                        <b>Duration: </b>44s
                        
                     </div>
                  </div>
               </td>
            </tr>
            <tr></tr>
            <tr id="com.test.regression.cub.testscripts.FindAStore_closeDriver_byStatus_passed_PASS17_row"
                class="testMethodStatusPASS testMethodStatusCONF">
               <td width="100%" class="firstMethodCell">
                  <a onclick="toggleDetailsVisibility('com.test.regression.cub.testscripts.FindAStore_closeDriver_byStatus_passed_PASS17_details')">closeDriver(public void com.test.regression.cub.testscripts.FindAStore.Miles20())</a>
               </td>
               <td nowrap="true">15:31:57</td>
               <td nowrap="true" align="right">3s
                  
               </td>
               <td nowrap="true">
                   
                  
               </td>
            </tr>
            <tr>
               <td colspan="4" class="detailsBox">
                  <div id="com.test.regression.cub.testscripts.FindAStore_closeDriver_byStatus_passed_PASS17_details"
                       class="testMethodDetails">
                     <div>
                        <b>Name: </b>closeDriver
                     </div>
                     <div>
                        <b>Signature: </b>closeDriver(java.lang.reflect.Method)[pri:0, instance:com.test.regression.cub.testscripts.FindAStore@2b9627bc]
                     </div>
                     <div>
                        <b>Parameters: </b>
                        
                        public void com.test.regression.cub.testscripts.FindAStore.Miles20()
                        
                        
                     </div>
                     <div>
                        <b>Start time: </b>15:31:57
                     </div>
                     <div>
                        <b>End time: </b>15:32:01
                     </div>
                     <div>
                        <b>Duration: </b>3s
                        
                     </div>
                  </div>
               </td>
            </tr>
            <tr></tr>
            <tr id="com.test.regression.cub.testscripts.FindAStore_breakDown_byStatus_passed_PASS18_row"
                class="testMethodStatusPASS testMethodStatusCONF">
               <td width="100%" class="firstMethodCell">
                  <a onclick="toggleDetailsVisibility('com.test.regression.cub.testscripts.FindAStore_breakDown_byStatus_passed_PASS18_details')">breakDown([TestResult name=Miles20 status=SUCCESS method=FindAStore.Miles20()[pri:0, instance:com.test.regression.cub.testscripts.FindAStore@2b9627bc]
                     output={null}])
                  </a>
               </td>
               <td nowrap="true">15:31:57</td>
               <td nowrap="true" align="right">0 ms
                  
               </td>
               <td nowrap="true">
                   
                  
               </td>
            </tr>
            <tr>
               <td colspan="4" class="detailsBox">
                  <div id="com.test.regression.cub.testscripts.FindAStore_breakDown_byStatus_passed_PASS18_details"
                       class="testMethodDetails">
                     <div>
                        <b>Name: </b>breakDown
                     </div>
                     <div>
                        <b>Signature: </b>breakDown(org.testng.ITestResult)[pri:0, instance:com.test.regression.cub.testscripts.FindAStore@2b9627bc]
                     </div>
                     <div>
                        <b>Parameters: </b>
                        
                        [TestResult name=Miles20 status=SUCCESS method=FindAStore.Miles20()[pri:0, instance:com.test.regression.cub.testscripts.FindAStore@2b9627bc]
                        output={null}]
                        
                        
                     </div>
                     <div>
                        <b>Start time: </b>15:31:57
                     </div>
                     <div>
                        <b>End time: </b>15:31:57
                     </div>
                     <div>
                        <b>Duration: </b>0 ms
                        
                     </div>
                  </div>
               </td>
            </tr>
            <tr></tr>
            <tr id="com.test.regression.cub.testscripts.FindAStore_initialization_byStatus_passed_PASS19_row"
                class="testMethodStatusPASS testMethodStatusCONF">
               <td width="100%" class="firstMethodCell">
                  <a onclick="toggleDetailsVisibility('com.test.regression.cub.testscripts.FindAStore_initialization_byStatus_passed_PASS19_details')">initialization(public void com.test.regression.cub.testscripts.FindAStore.Miles50())</a>
               </td>
               <td nowrap="true">15:32:01</td>
               <td nowrap="true" align="right">21s
                  
               </td>
               <td nowrap="true">
                   
                  
               </td>
            </tr>
            <tr>
               <td colspan="4" class="detailsBox">
                  <div id="com.test.regression.cub.testscripts.FindAStore_initialization_byStatus_passed_PASS19_details"
                       class="testMethodDetails">
                     <div>
                        <b>Name: </b>initialization
                     </div>
                     <div>
                        <b>Signature: </b>initialization(java.lang.reflect.Method)[pri:0, instance:com.test.regression.cub.testscripts.FindAStore@2b9627bc]
                     </div>
                     <div>
                        <b>Parameters: </b>
                        
                        public void com.test.regression.cub.testscripts.FindAStore.Miles50()
                        
                        
                     </div>
                     <div>
                        <b>Start time: </b>15:32:01
                     </div>
                     <div>
                        <b>End time: </b>15:32:22
                     </div>
                     <div>
                        <b>Duration: </b>21s
                        
                     </div>
                  </div>
               </td>
            </tr>
            <tr></tr>
            <tr id="com.test.regression.cub.testscripts.FindAStore_Miles50_byStatus_passed_PASS20_row"
                class="testMethodStatusPASS">
               <td width="100%" class="firstMethodCell">
                  <a onclick="toggleDetailsVisibility('com.test.regression.cub.testscripts.FindAStore_Miles50_byStatus_passed_PASS20_details')">Miles50()</a>
               </td>
               <td nowrap="true">15:32:22</td>
               <td nowrap="true" align="right">34s
                  
               </td>
               <td nowrap="true">
                   
                  
               </td>
            </tr>
            <tr>
               <td colspan="4" class="detailsBox">
                  <div id="com.test.regression.cub.testscripts.FindAStore_Miles50_byStatus_passed_PASS20_details"
                       class="testMethodDetails">
                     <div>
                        <b>Name: </b>Miles50
                     </div>
                     <div>
                        <b>Signature: </b>Miles50()[pri:0, instance:com.test.regression.cub.testscripts.FindAStore@2b9627bc]
                     </div>
                     <div>
                        <b>Start time: </b>15:32:22
                     </div>
                     <div>
                        <b>End time: </b>15:32:56
                     </div>
                     <div>
                        <b>Duration: </b>34s
                        
                     </div>
                  </div>
               </td>
            </tr>
            <tr></tr>
            <tr id="com.test.regression.cub.testscripts.FindAStore_closeDriver_byStatus_passed_PASS21_row"
                class="testMethodStatusPASS testMethodStatusCONF">
               <td width="100%" class="firstMethodCell">
                  <a onclick="toggleDetailsVisibility('com.test.regression.cub.testscripts.FindAStore_closeDriver_byStatus_passed_PASS21_details')">closeDriver(public void com.test.regression.cub.testscripts.FindAStore.Miles50())</a>
               </td>
               <td nowrap="true">15:32:56</td>
               <td nowrap="true" align="right">3s
                  
               </td>
               <td nowrap="true">
                   
                  
               </td>
            </tr>
            <tr>
               <td colspan="4" class="detailsBox">
                  <div id="com.test.regression.cub.testscripts.FindAStore_closeDriver_byStatus_passed_PASS21_details"
                       class="testMethodDetails">
                     <div>
                        <b>Name: </b>closeDriver
                     </div>
                     <div>
                        <b>Signature: </b>closeDriver(java.lang.reflect.Method)[pri:0, instance:com.test.regression.cub.testscripts.FindAStore@2b9627bc]
                     </div>
                     <div>
                        <b>Parameters: </b>
                        
                        public void com.test.regression.cub.testscripts.FindAStore.Miles50()
                        
                        
                     </div>
                     <div>
                        <b>Start time: </b>15:32:56
                     </div>
                     <div>
                        <b>End time: </b>15:32:59
                     </div>
                     <div>
                        <b>Duration: </b>3s
                        
                     </div>
                  </div>
               </td>
            </tr>
            <tr></tr>
            <tr id="com.test.regression.cub.testscripts.FindAStore_breakDown_byStatus_passed_PASS22_row"
                class="testMethodStatusPASS testMethodStatusCONF">
               <td width="100%" class="firstMethodCell">
                  <a onclick="toggleDetailsVisibility('com.test.regression.cub.testscripts.FindAStore_breakDown_byStatus_passed_PASS22_details')">breakDown([TestResult name=Miles50 status=SUCCESS method=FindAStore.Miles50()[pri:0, instance:com.test.regression.cub.testscripts.FindAStore@2b9627bc]
                     output={null}])
                  </a>
               </td>
               <td nowrap="true">15:32:56</td>
               <td nowrap="true" align="right">0 ms
                  
               </td>
               <td nowrap="true">
                   
                  
               </td>
            </tr>
            <tr>
               <td colspan="4" class="detailsBox">
                  <div id="com.test.regression.cub.testscripts.FindAStore_breakDown_byStatus_passed_PASS22_details"
                       class="testMethodDetails">
                     <div>
                        <b>Name: </b>breakDown
                     </div>
                     <div>
                        <b>Signature: </b>breakDown(org.testng.ITestResult)[pri:0, instance:com.test.regression.cub.testscripts.FindAStore@2b9627bc]
                     </div>
                     <div>
                        <b>Parameters: </b>
                        
                        [TestResult name=Miles50 status=SUCCESS method=FindAStore.Miles50()[pri:0, instance:com.test.regression.cub.testscripts.FindAStore@2b9627bc]
                        output={null}]
                        
                        
                     </div>
                     <div>
                        <b>Start time: </b>15:32:56
                     </div>
                     <div>
                        <b>End time: </b>15:32:56
                     </div>
                     <div>
                        <b>Duration: </b>0 ms
                        
                     </div>
                  </div>
               </td>
            </tr>
            <tr></tr>
            <tr id="com.test.regression.cub.testscripts.FindAStore_initialization_byStatus_passed_PASS23_row"
                class="testMethodStatusPASS testMethodStatusCONF">
               <td width="100%" class="firstMethodCell">
                  <a onclick="toggleDetailsVisibility('com.test.regression.cub.testscripts.FindAStore_initialization_byStatus_passed_PASS23_details')">initialization(public void com.test.regression.cub.testscripts.FindAStore.changeStoreFromDifferentPages())</a>
               </td>
               <td nowrap="true">15:32:59</td>
               <td nowrap="true" align="right">16s
                  
               </td>
               <td nowrap="true">
                   
                  
               </td>
            </tr>
            <tr>
               <td colspan="4" class="detailsBox">
                  <div id="com.test.regression.cub.testscripts.FindAStore_initialization_byStatus_passed_PASS23_details"
                       class="testMethodDetails">
                     <div>
                        <b>Name: </b>initialization
                     </div>
                     <div>
                        <b>Signature: </b>initialization(java.lang.reflect.Method)[pri:0, instance:com.test.regression.cub.testscripts.FindAStore@2b9627bc]
                     </div>
                     <div>
                        <b>Parameters: </b>
                        
                        public void com.test.regression.cub.testscripts.FindAStore.changeStoreFromDifferentPages()
                        
                        
                     </div>
                     <div>
                        <b>Start time: </b>15:32:59
                     </div>
                     <div>
                        <b>End time: </b>15:33:16
                     </div>
                     <div>
                        <b>Duration: </b>16s
                        
                     </div>
                  </div>
               </td>
            </tr>
            <tr></tr>
            <tr id="com.test.regression.cub.testscripts.FindAStore_breakDown_byStatus_passed_PASS24_row"
                class="testMethodStatusPASS testMethodStatusCONF">
               <td width="100%" class="firstMethodCell">
                  <a onclick="toggleDetailsVisibility('com.test.regression.cub.testscripts.FindAStore_breakDown_byStatus_passed_PASS24_details')">breakDown([TestResult name=changeStoreFromDifferentPages status=FAILURE method=FindAStore.changeStoreFromDifferentPages()[pri:0,
                     instance:com.test.regression.cub.testscripts.FindAStore@2b9627bc] output={null}])
                  </a>
               </td>
               <td nowrap="true">15:33:51</td>
               <td nowrap="true" align="right">921 ms
                  
               </td>
               <td nowrap="true">
                   
                  
               </td>
            </tr>
            <tr>
               <td colspan="4" class="detailsBox">
                  <div id="com.test.regression.cub.testscripts.FindAStore_breakDown_byStatus_passed_PASS24_details"
                       class="testMethodDetails">
                     <div>
                        <b>Name: </b>breakDown
                     </div>
                     <div>
                        <b>Signature: </b>breakDown(org.testng.ITestResult)[pri:0, instance:com.test.regression.cub.testscripts.FindAStore@2b9627bc]
                     </div>
                     <div>
                        <b>Parameters: </b>
                        
                        [TestResult name=changeStoreFromDifferentPages status=FAILURE method=FindAStore.changeStoreFromDifferentPages()[pri:0, instance:com.test.regression.cub.testscripts.FindAStore@2b9627bc]
                        output={null}]
                        
                        
                     </div>
                     <div>
                        <b>Start time: </b>15:33:51
                     </div>
                     <div>
                        <b>End time: </b>15:33:52
                     </div>
                     <div>
                        <b>Duration: </b>921 ms
                        
                     </div>
                  </div>
               </td>
            </tr>
            <tr></tr>
            <tr id="com.test.regression.cub.testscripts.FindAStore_closeDriver_byStatus_passed_PASS25_row"
                class="testMethodStatusPASS testMethodStatusCONF">
               <td width="100%" class="firstMethodCell">
                  <a onclick="toggleDetailsVisibility('com.test.regression.cub.testscripts.FindAStore_closeDriver_byStatus_passed_PASS25_details')">closeDriver(public void com.test.regression.cub.testscripts.FindAStore.changeStoreFromDifferentPages())</a>
               </td>
               <td nowrap="true">15:33:52</td>
               <td nowrap="true" align="right">5s
                  
               </td>
               <td nowrap="true">
                   
                  
               </td>
            </tr>
            <tr>
               <td colspan="4" class="detailsBox">
                  <div id="com.test.regression.cub.testscripts.FindAStore_closeDriver_byStatus_passed_PASS25_details"
                       class="testMethodDetails">
                     <div>
                        <b>Name: </b>closeDriver
                     </div>
                     <div>
                        <b>Signature: </b>closeDriver(java.lang.reflect.Method)[pri:0, instance:com.test.regression.cub.testscripts.FindAStore@2b9627bc]
                     </div>
                     <div>
                        <b>Parameters: </b>
                        
                        public void com.test.regression.cub.testscripts.FindAStore.changeStoreFromDifferentPages()
                        
                        
                     </div>
                     <div>
                        <b>Start time: </b>15:33:52
                     </div>
                     <div>
                        <b>End time: </b>15:33:58
                     </div>
                     <div>
                        <b>Duration: </b>5s
                        
                     </div>
                  </div>
               </td>
            </tr>
            <tr></tr>
            <tr id="com.test.regression.cub.testscripts.FindAStore_initialization_byStatus_passed_PASS26_row"
                class="testMethodStatusPASS testMethodStatusCONF">
               <td width="100%" class="firstMethodCell">
                  <a onclick="toggleDetailsVisibility('com.test.regression.cub.testscripts.FindAStore_initialization_byStatus_passed_PASS26_details')">initialization(public void com.test.regression.cub.testscripts.FindAStore.StoresbyState())</a>
               </td>
               <td nowrap="true">15:33:58</td>
               <td nowrap="true" align="right">17s
                  
               </td>
               <td nowrap="true">
                   
                  
               </td>
            </tr>
            <tr>
               <td colspan="4" class="detailsBox">
                  <div id="com.test.regression.cub.testscripts.FindAStore_initialization_byStatus_passed_PASS26_details"
                       class="testMethodDetails">
                     <div>
                        <b>Name: </b>initialization
                     </div>
                     <div>
                        <b>Signature: </b>initialization(java.lang.reflect.Method)[pri:0, instance:com.test.regression.cub.testscripts.FindAStore@2b9627bc]
                     </div>
                     <div>
                        <b>Parameters: </b>
                        
                        public void com.test.regression.cub.testscripts.FindAStore.StoresbyState()
                        
                        
                     </div>
                     <div>
                        <b>Start time: </b>15:33:58
                     </div>
                     <div>
                        <b>End time: </b>15:34:16
                     </div>
                     <div>
                        <b>Duration: </b>17s
                        
                     </div>
                  </div>
               </td>
            </tr>
            <tr></tr>
            <tr id="com.test.regression.cub.testscripts.FindAStore_StoresbyState_byStatus_passed_PASS27_row"
                class="testMethodStatusPASS">
               <td width="100%" class="firstMethodCell">
                  <a onclick="toggleDetailsVisibility('com.test.regression.cub.testscripts.FindAStore_StoresbyState_byStatus_passed_PASS27_details')">StoresbyState()</a>
               </td>
               <td nowrap="true">15:34:16</td>
               <td nowrap="true" align="right">39s
                  
               </td>
               <td nowrap="true">
                   
                  
               </td>
            </tr>
            <tr>
               <td colspan="4" class="detailsBox">
                  <div id="com.test.regression.cub.testscripts.FindAStore_StoresbyState_byStatus_passed_PASS27_details"
                       class="testMethodDetails">
                     <div>
                        <b>Name: </b>StoresbyState
                     </div>
                     <div>
                        <b>Signature: </b>StoresbyState()[pri:0, instance:com.test.regression.cub.testscripts.FindAStore@2b9627bc]
                     </div>
                     <div>
                        <b>Start time: </b>15:34:16
                     </div>
                     <div>
                        <b>End time: </b>15:34:56
                     </div>
                     <div>
                        <b>Duration: </b>39s
                        
                     </div>
                  </div>
               </td>
            </tr>
            <tr></tr>
            <tr id="com.test.regression.cub.testscripts.FindAStore_breakDown_byStatus_passed_PASS28_row"
                class="testMethodStatusPASS testMethodStatusCONF">
               <td width="100%" class="firstMethodCell">
                  <a onclick="toggleDetailsVisibility('com.test.regression.cub.testscripts.FindAStore_breakDown_byStatus_passed_PASS28_details')">breakDown([TestResult name=StoresbyState status=SUCCESS method=FindAStore.StoresbyState()[pri:0, instance:com.test.regression.cub.testscripts.FindAStore@2b9627bc]
                     output={null}])
                  </a>
               </td>
               <td nowrap="true">15:34:56</td>
               <td nowrap="true" align="right">0 ms
                  
               </td>
               <td nowrap="true">
                   
                  
               </td>
            </tr>
            <tr>
               <td colspan="4" class="detailsBox">
                  <div id="com.test.regression.cub.testscripts.FindAStore_breakDown_byStatus_passed_PASS28_details"
                       class="testMethodDetails">
                     <div>
                        <b>Name: </b>breakDown
                     </div>
                     <div>
                        <b>Signature: </b>breakDown(org.testng.ITestResult)[pri:0, instance:com.test.regression.cub.testscripts.FindAStore@2b9627bc]
                     </div>
                     <div>
                        <b>Parameters: </b>
                        
                        [TestResult name=StoresbyState status=SUCCESS method=FindAStore.StoresbyState()[pri:0, instance:com.test.regression.cub.testscripts.FindAStore@2b9627bc]
                        output={null}]
                        
                        
                     </div>
                     <div>
                        <b>Start time: </b>15:34:56
                     </div>
                     <div>
                        <b>End time: </b>15:34:56
                     </div>
                     <div>
                        <b>Duration: </b>0 ms
                        
                     </div>
                  </div>
               </td>
            </tr>
            <tr></tr>
            <tr id="com.test.regression.cub.testscripts.FindAStore_closeDriver_byStatus_passed_PASS29_row"
                class="testMethodStatusPASS testMethodStatusCONF">
               <td width="100%" class="firstMethodCell">
                  <a onclick="toggleDetailsVisibility('com.test.regression.cub.testscripts.FindAStore_closeDriver_byStatus_passed_PASS29_details')">closeDriver(public void com.test.regression.cub.testscripts.FindAStore.StoresbyState())</a>
               </td>
               <td nowrap="true">15:34:56</td>
               <td nowrap="true" align="right">4s
                  
               </td>
               <td nowrap="true">
                   
                  
               </td>
            </tr>
            <tr>
               <td colspan="4" class="detailsBox">
                  <div id="com.test.regression.cub.testscripts.FindAStore_closeDriver_byStatus_passed_PASS29_details"
                       class="testMethodDetails">
                     <div>
                        <b>Name: </b>closeDriver
                     </div>
                     <div>
                        <b>Signature: </b>closeDriver(java.lang.reflect.Method)[pri:0, instance:com.test.regression.cub.testscripts.FindAStore@2b9627bc]
                     </div>
                     <div>
                        <b>Parameters: </b>
                        
                        public void com.test.regression.cub.testscripts.FindAStore.StoresbyState()
                        
                        
                     </div>
                     <div>
                        <b>Start time: </b>15:34:56
                     </div>
                     <div>
                        <b>End time: </b>15:35:01
                     </div>
                     <div>
                        <b>Duration: </b>4s
                        
                     </div>
                  </div>
               </td>
            </tr>
            <tr></tr>
         </table>
      </div>
      <div id="testMethodsByClass">
         <table class="testMethodsTable" cellpadding="0" cellspacing="0">
            <tr>
               <td colspan="4">
                  <h3 style="display: inline;">com.test.regression.cub.testscripts.FindAStore</h3>
               </td>
            </tr>
            <tr class="methodsTableHeader">
               <td width="100%">Name</td>
               <td nowrap="true">Started</td>
               <td nowrap="true">Duration</td>
               <td>Exception</td>
            </tr>
            <tr id="com.test.regression.cub.testscripts.FindAStore_initialization_byClass_PASS1_row"
                class="testMethodStatusPASS testMethodStatusCONF">
               <td width="100%" class="firstMethodCell">
                  <a onclick="toggleDetailsVisibility('com.test.regression.cub.testscripts.FindAStore_initialization_byClass_PASS1_details')">initialization(public void com.test.regression.cub.testscripts.FindAStore.setStoreGuestZipCode())</a>
               </td>
               <td nowrap="true">15:26:09</td>
               <td nowrap="true" align="right">20s
                  
               </td>
               <td nowrap="true">
                   
                  
               </td>
            </tr>
            <tr>
               <td colspan="4" class="detailsBox">
                  <div id="com.test.regression.cub.testscripts.FindAStore_initialization_byClass_PASS1_details"
                       class="testMethodDetails">
                     <div>
                        <b>Name: </b>initialization
                     </div>
                     <div>
                        <b>Signature: </b>initialization(java.lang.reflect.Method)[pri:0, instance:com.test.regression.cub.testscripts.FindAStore@2b9627bc]
                     </div>
                     <div>
                        <b>Parameters: </b>
                        
                        public void com.test.regression.cub.testscripts.FindAStore.setStoreGuestZipCode()
                        
                        
                     </div>
                     <div>
                        <b>Start time: </b>15:26:09
                     </div>
                     <div>
                        <b>End time: </b>15:26:29
                     </div>
                     <div>
                        <b>Duration: </b>20s
                        
                     </div>
                  </div>
               </td>
            </tr>
            <tr></tr>
            <tr id="com.test.regression.cub.testscripts.FindAStore_setStoreGuestZipCode_byClass_PASS2_row"
                class="testMethodStatusPASS">
               <td width="100%" class="firstMethodCell">
                  <a onclick="toggleDetailsVisibility('com.test.regression.cub.testscripts.FindAStore_setStoreGuestZipCode_byClass_PASS2_details')">setStoreGuestZipCode()</a>
               </td>
               <td nowrap="true">15:26:29</td>
               <td nowrap="true" align="right">26s
                  
               </td>
               <td nowrap="true">
                   
                  
               </td>
            </tr>
            <tr>
               <td colspan="4" class="detailsBox">
                  <div id="com.test.regression.cub.testscripts.FindAStore_setStoreGuestZipCode_byClass_PASS2_details"
                       class="testMethodDetails">
                     <div>
                        <b>Name: </b>setStoreGuestZipCode
                     </div>
                     <div>
                        <b>Signature: </b>setStoreGuestZipCode()[pri:0, instance:com.test.regression.cub.testscripts.FindAStore@2b9627bc]
                     </div>
                     <div>
                        <b>Start time: </b>15:26:29
                     </div>
                     <div>
                        <b>End time: </b>15:26:55
                     </div>
                     <div>
                        <b>Duration: </b>26s
                        
                     </div>
                  </div>
               </td>
            </tr>
            <tr></tr>
            <tr id="com.test.regression.cub.testscripts.FindAStore_breakDown_byClass_PASS3_row"
                class="testMethodStatusPASS testMethodStatusCONF">
               <td width="100%" class="firstMethodCell">
                  <a onclick="toggleDetailsVisibility('com.test.regression.cub.testscripts.FindAStore_breakDown_byClass_PASS3_details')">breakDown([TestResult name=setStoreGuestZipCode status=SUCCESS method=FindAStore.setStoreGuestZipCode()[pri:0, instance:com.test.regression.cub.testscripts.FindAStore@2b9627bc]
                     output={null}])
                  </a>
               </td>
               <td nowrap="true">15:26:55</td>
               <td nowrap="true" align="right">1 ms
                  
               </td>
               <td nowrap="true">
                   
                  
               </td>
            </tr>
            <tr>
               <td colspan="4" class="detailsBox">
                  <div id="com.test.regression.cub.testscripts.FindAStore_breakDown_byClass_PASS3_details"
                       class="testMethodDetails">
                     <div>
                        <b>Name: </b>breakDown
                     </div>
                     <div>
                        <b>Signature: </b>breakDown(org.testng.ITestResult)[pri:0, instance:com.test.regression.cub.testscripts.FindAStore@2b9627bc]
                     </div>
                     <div>
                        <b>Parameters: </b>
                        
                        [TestResult name=setStoreGuestZipCode status=SUCCESS method=FindAStore.setStoreGuestZipCode()[pri:0, instance:com.test.regression.cub.testscripts.FindAStore@2b9627bc]
                        output={null}]
                        
                        
                     </div>
                     <div>
                        <b>Start time: </b>15:26:55
                     </div>
                     <div>
                        <b>End time: </b>15:26:55
                     </div>
                     <div>
                        <b>Duration: </b>1 ms
                        
                     </div>
                  </div>
               </td>
            </tr>
            <tr></tr>
            <tr id="com.test.regression.cub.testscripts.FindAStore_closeDriver_byClass_PASS4_row"
                class="testMethodStatusPASS testMethodStatusCONF">
               <td width="100%" class="firstMethodCell">
                  <a onclick="toggleDetailsVisibility('com.test.regression.cub.testscripts.FindAStore_closeDriver_byClass_PASS4_details')">closeDriver(public void com.test.regression.cub.testscripts.FindAStore.setStoreGuestZipCode())</a>
               </td>
               <td nowrap="true">15:26:55</td>
               <td nowrap="true" align="right">3s
                  
               </td>
               <td nowrap="true">
                   
                  
               </td>
            </tr>
            <tr>
               <td colspan="4" class="detailsBox">
                  <div id="com.test.regression.cub.testscripts.FindAStore_closeDriver_byClass_PASS4_details"
                       class="testMethodDetails">
                     <div>
                        <b>Name: </b>closeDriver
                     </div>
                     <div>
                        <b>Signature: </b>closeDriver(java.lang.reflect.Method)[pri:0, instance:com.test.regression.cub.testscripts.FindAStore@2b9627bc]
                     </div>
                     <div>
                        <b>Parameters: </b>
                        
                        public void com.test.regression.cub.testscripts.FindAStore.setStoreGuestZipCode()
                        
                        
                     </div>
                     <div>
                        <b>Start time: </b>15:26:55
                     </div>
                     <div>
                        <b>End time: </b>15:26:59
                     </div>
                     <div>
                        <b>Duration: </b>3s
                        
                     </div>
                  </div>
               </td>
            </tr>
            <tr></tr>
            <tr id="com.test.regression.cub.testscripts.FindAStore_initialization_byClass_PASS5_row"
                class="testMethodStatusPASS testMethodStatusCONF">
               <td width="100%" class="firstMethodCell">
                  <a onclick="toggleDetailsVisibility('com.test.regression.cub.testscripts.FindAStore_initialization_byClass_PASS5_details')">initialization(public void com.test.regression.cub.testscripts.FindAStore.setStoreGuestCityState())</a>
               </td>
               <td nowrap="true">15:26:59</td>
               <td nowrap="true" align="right">18s
                  
               </td>
               <td nowrap="true">
                   
                  
               </td>
            </tr>
            <tr>
               <td colspan="4" class="detailsBox">
                  <div id="com.test.regression.cub.testscripts.FindAStore_initialization_byClass_PASS5_details"
                       class="testMethodDetails">
                     <div>
                        <b>Name: </b>initialization
                     </div>
                     <div>
                        <b>Signature: </b>initialization(java.lang.reflect.Method)[pri:0, instance:com.test.regression.cub.testscripts.FindAStore@2b9627bc]
                     </div>
                     <div>
                        <b>Parameters: </b>
                        
                        public void com.test.regression.cub.testscripts.FindAStore.setStoreGuestCityState()
                        
                        
                     </div>
                     <div>
                        <b>Start time: </b>15:26:59
                     </div>
                     <div>
                        <b>End time: </b>15:27:17
                     </div>
                     <div>
                        <b>Duration: </b>18s
                        
                     </div>
                  </div>
               </td>
            </tr>
            <tr></tr>
            <tr id="com.test.regression.cub.testscripts.FindAStore_setStoreGuestCityState_byClass_PASS6_row"
                class="testMethodStatusPASS">
               <td width="100%" class="firstMethodCell">
                  <a onclick="toggleDetailsVisibility('com.test.regression.cub.testscripts.FindAStore_setStoreGuestCityState_byClass_PASS6_details')">setStoreGuestCityState()</a>
               </td>
               <td nowrap="true">15:27:17</td>
               <td nowrap="true" align="right">28s
                  
               </td>
               <td nowrap="true">
                   
                  
               </td>
            </tr>
            <tr>
               <td colspan="4" class="detailsBox">
                  <div id="com.test.regression.cub.testscripts.FindAStore_setStoreGuestCityState_byClass_PASS6_details"
                       class="testMethodDetails">
                     <div>
                        <b>Name: </b>setStoreGuestCityState
                     </div>
                     <div>
                        <b>Signature: </b>setStoreGuestCityState()[pri:0, instance:com.test.regression.cub.testscripts.FindAStore@2b9627bc]
                     </div>
                     <div>
                        <b>Start time: </b>15:27:17
                     </div>
                     <div>
                        <b>End time: </b>15:27:46
                     </div>
                     <div>
                        <b>Duration: </b>28s
                        
                     </div>
                  </div>
               </td>
            </tr>
            <tr></tr>
            <tr id="com.test.regression.cub.testscripts.FindAStore_closeDriver_byClass_PASS7_row"
                class="testMethodStatusPASS testMethodStatusCONF">
               <td width="100%" class="firstMethodCell">
                  <a onclick="toggleDetailsVisibility('com.test.regression.cub.testscripts.FindAStore_closeDriver_byClass_PASS7_details')">closeDriver(public void com.test.regression.cub.testscripts.FindAStore.setStoreGuestCityState())</a>
               </td>
               <td nowrap="true">15:27:46</td>
               <td nowrap="true" align="right">8s
                  
               </td>
               <td nowrap="true">
                   
                  
               </td>
            </tr>
            <tr>
               <td colspan="4" class="detailsBox">
                  <div id="com.test.regression.cub.testscripts.FindAStore_closeDriver_byClass_PASS7_details"
                       class="testMethodDetails">
                     <div>
                        <b>Name: </b>closeDriver
                     </div>
                     <div>
                        <b>Signature: </b>closeDriver(java.lang.reflect.Method)[pri:0, instance:com.test.regression.cub.testscripts.FindAStore@2b9627bc]
                     </div>
                     <div>
                        <b>Parameters: </b>
                        
                        public void com.test.regression.cub.testscripts.FindAStore.setStoreGuestCityState()
                        
                        
                     </div>
                     <div>
                        <b>Start time: </b>15:27:46
                     </div>
                     <div>
                        <b>End time: </b>15:27:54
                     </div>
                     <div>
                        <b>Duration: </b>8s
                        
                     </div>
                  </div>
               </td>
            </tr>
            <tr></tr>
            <tr id="com.test.regression.cub.testscripts.FindAStore_breakDown_byClass_PASS8_row"
                class="testMethodStatusPASS testMethodStatusCONF">
               <td width="100%" class="firstMethodCell">
                  <a onclick="toggleDetailsVisibility('com.test.regression.cub.testscripts.FindAStore_breakDown_byClass_PASS8_details')">breakDown([TestResult name=setStoreGuestCityState status=SUCCESS method=FindAStore.setStoreGuestCityState()[pri:0, instance:com.test.regression.cub.testscripts.FindAStore@2b9627bc]
                     output={null}])
                  </a>
               </td>
               <td nowrap="true">15:27:46</td>
               <td nowrap="true" align="right">0 ms
                  
               </td>
               <td nowrap="true">
                   
                  
               </td>
            </tr>
            <tr>
               <td colspan="4" class="detailsBox">
                  <div id="com.test.regression.cub.testscripts.FindAStore_breakDown_byClass_PASS8_details"
                       class="testMethodDetails">
                     <div>
                        <b>Name: </b>breakDown
                     </div>
                     <div>
                        <b>Signature: </b>breakDown(org.testng.ITestResult)[pri:0, instance:com.test.regression.cub.testscripts.FindAStore@2b9627bc]
                     </div>
                     <div>
                        <b>Parameters: </b>
                        
                        [TestResult name=setStoreGuestCityState status=SUCCESS method=FindAStore.setStoreGuestCityState()[pri:0, instance:com.test.regression.cub.testscripts.FindAStore@2b9627bc]
                        output={null}]
                        
                        
                     </div>
                     <div>
                        <b>Start time: </b>15:27:46
                     </div>
                     <div>
                        <b>End time: </b>15:27:46
                     </div>
                     <div>
                        <b>Duration: </b>0 ms
                        
                     </div>
                  </div>
               </td>
            </tr>
            <tr></tr>
            <tr id="com.test.regression.cub.testscripts.FindAStore_initialization_byClass_PASS9_row"
                class="testMethodStatusPASS testMethodStatusCONF">
               <td width="100%" class="firstMethodCell">
                  <a onclick="toggleDetailsVisibility('com.test.regression.cub.testscripts.FindAStore_initialization_byClass_PASS9_details')">initialization(public void com.test.regression.cub.testscripts.FindAStore.setStoreAuthorizedZipcode())</a>
               </td>
               <td nowrap="true">15:27:54</td>
               <td nowrap="true" align="right">18s
                  
               </td>
               <td nowrap="true">
                   
                  
               </td>
            </tr>
            <tr>
               <td colspan="4" class="detailsBox">
                  <div id="com.test.regression.cub.testscripts.FindAStore_initialization_byClass_PASS9_details"
                       class="testMethodDetails">
                     <div>
                        <b>Name: </b>initialization
                     </div>
                     <div>
                        <b>Signature: </b>initialization(java.lang.reflect.Method)[pri:0, instance:com.test.regression.cub.testscripts.FindAStore@2b9627bc]
                     </div>
                     <div>
                        <b>Parameters: </b>
                        
                        public void com.test.regression.cub.testscripts.FindAStore.setStoreAuthorizedZipcode()
                        
                        
                     </div>
                     <div>
                        <b>Start time: </b>15:27:54
                     </div>
                     <div>
                        <b>End time: </b>15:28:13
                     </div>
                     <div>
                        <b>Duration: </b>18s
                        
                     </div>
                  </div>
               </td>
            </tr>
            <tr></tr>
            <tr id="com.test.regression.cub.testscripts.FindAStore_setStoreAuthorizedZipcode_byClass_FAIL10_row"
                class="testMethodStatusFAIL">
               <td width="100%" class="firstMethodCell">
                  <a onclick="toggleDetailsVisibility('com.test.regression.cub.testscripts.FindAStore_setStoreAuthorizedZipcode_byClass_FAIL10_details')">setStoreAuthorizedZipcode()</a>
               </td>
               <td nowrap="true">15:28:13</td>
               <td nowrap="true" align="right">1m
                  16s
                  
               </td>
               <td nowrap="true">
                  <a onclick="toggleDetailsVisibility('com.test.regression.cub.testscripts.FindAStore_setStoreAuthorizedZipcode_byClass_FAIL10_exception')">java.lang.AssertionError: 
                     no such element: Unable to locate element: {"method":"xpath","selector":"//*[@id='store-search-result']/tbody/tr[1]/td[4]/div/a"}
                     (Session info: chrome=51.0.2704.103)
                     (Driver info: chromedriver=2.22.397933 (1cab651507b88dec79b2b2a22d1943c01833cc1b),platform=Windows NT 6.1.7601 SP1 x86_64)
                     (WARNING: The server did not provide any stacktrace information)
                     Command duration or timeout: 20.22 seconds
                     For documentation on this error, please visit: http://seleniumhq.org/exceptions/no_such_element.html
                     Build info: version: '2.53.0', revision: '35ae25b1534ae328c771e0856c93e187490ca824', time: '2016-03-15 10:43:46'
                     System info: host: 'SDEVPCSVU7112', ip: '10.15.142.48', os.name: 'Windows 7', os.arch: 'amd64', os.version: '6.1', java.version:
                     '1.8.0_91'
                     Driver info: org.openqa.selenium.chrome.ChromeDriver
                     Capabilities [{applicationCacheEnabled=false, rotatable=false, mobileEmulationEnabled=false, chrome={chromedriverVersion=2.22.397933
                     (1cab651507b88dec79b2b2a22d1943c01833cc1b), userDataDir=C:\Users\jrag00m\AppData\Local\Temp\scoped_dir734292_21425}, takesHeapSnapshot=true,
                     databaseEnabled=false, handlesAlerts=true, hasTouchScreen=false, version=51.0.2704.103, platform=XP, browserConnectionEnabled=false,
                     nativeEvents=true, acceptSslCerts=true, locationContextEnabled=true, webStorageEnabled=true, browserName=chrome, takesScreenshot=true,
                     javascriptEnabled=true, cssSelectorsEnabled=true}]
                     Session ID: f7570eb43467b27cad3ca9efe18f06ca
                     *** Element info: {Using=xpath, value=//*[@id='store-search-result']/tbody/tr[1]/td[4]/div/a}
                     
                  </a>
                   
                  
               </td>
            </tr>
            <tr>
               <td colspan="4" class="detailsBox">
                  <div id="com.test.regression.cub.testscripts.FindAStore_setStoreAuthorizedZipcode_byClass_FAIL10_details"
                       class="testMethodDetails">
                     <div>
                        <b>Name: </b>setStoreAuthorizedZipcode
                     </div>
                     <div>
                        <b>Signature: </b>setStoreAuthorizedZipcode()[pri:0, instance:com.test.regression.cub.testscripts.FindAStore@2b9627bc]
                     </div>
                     <div>
                        <b>Start time: </b>15:28:13
                     </div>
                     <div>
                        <b>End time: </b>15:29:29
                     </div>
                     <div>
                        <b>Duration: </b>1m
                        16s
                        
                     </div>
                  </div>
               </td>
            </tr>
            <tr>
               <td colspan="4" class="detailsBox">
                  <div id="com.test.regression.cub.testscripts.FindAStore_setStoreAuthorizedZipcode_byClass_FAIL10_exception"
                       class="testMethodDetails">
                     <pre style="padding: 5px; margin: 0;">java.lang.AssertionError: no such element: Unable to locate element: {"method":"xpath","selector":"//*[@id='store-search-result']/tbody/tr[1]/td[4]/div/a"}
                        (Session info: chrome=51.0.2704.103)
                        (Driver info: chromedriver=2.22.397933 (1cab651507b88dec79b2b2a22d1943c01833cc1b),platform=Windows NT 6.1.7601 SP1 x86_64)
                        (WARNING: The server did not provide any stacktrace information)
                        Command duration or timeout: 20.22 seconds
                        For documentation on this error, please visit: http://seleniumhq.org/exceptions/no_such_element.html
                        Build info: version: '2.53.0', revision: '35ae25b1534ae328c771e0856c93e187490ca824', time: '2016-03-15 10:43:46'
                        System info: host: 'SDEVPCSVU7112', ip: '10.15.142.48', os.name: 'Windows 7', os.arch: 'amd64', os.version: '6.1', java.version:
                        '1.8.0_91'
                        Driver info: org.openqa.selenium.chrome.ChromeDriver
                        Capabilities [{applicationCacheEnabled=false, rotatable=false, mobileEmulationEnabled=false, chrome={chromedriverVersion=2.22.397933
                        (1cab651507b88dec79b2b2a22d1943c01833cc1b), userDataDir=C:\Users\jrag00m\AppData\Local\Temp\scoped_dir734292_21425}, takesHeapSnapshot=true,
                        databaseEnabled=false, handlesAlerts=true, hasTouchScreen=false, version=51.0.2704.103, platform=XP, browserConnectionEnabled=false,
                        nativeEvents=true, acceptSslCerts=true, locationContextEnabled=true, webStorageEnabled=true, browserName=chrome, takesScreenshot=true,
                        javascriptEnabled=true, cssSelectorsEnabled=true}]
                        Session ID: f7570eb43467b27cad3ca9efe18f06ca
                        *** Element info: {Using=xpath, value=//*[@id='store-search-result']/tbody/tr[1]/td[4]/div/a}
                        	at org.testng.Assert.fail(Assert.java:94)
                        	at com.test.regression.cub.testscripts.FindAStore.setStoreAuthorizedZipcode(FindAStore.java:192)
                        	at sun.reflect.NativeMethodAccessorImpl.invoke0(Native Method)
                        	at sun.reflect.NativeMethodAccessorImpl.invoke(Unknown Source)
                        	at sun.reflect.DelegatingMethodAccessorImpl.invoke(Unknown Source)
                        	at java.lang.reflect.Method.invoke(Unknown Source)
                        	at org.testng.internal.MethodInvocationHelper.invokeMethod(MethodInvocationHelper.java:80)
                        	at org.testng.internal.Invoker.invokeMethod(Invoker.java:714)
                        	at org.testng.internal.Invoker.invokeTestMethod(Invoker.java:901)
                        	at org.testng.internal.Invoker.invokeTestMethods(Invoker.java:1231)
                        	at org.testng.internal.TestMethodWorker.invokeTestMethods(TestMethodWorker.java:127)
                        	at org.testng.internal.TestMethodWorker.run(TestMethodWorker.java:111)
                        	at org.testng.TestRunner.privateRun(TestRunner.java:767)
                        	at org.testng.TestRunner.run(TestRunner.java:617)
                        	at org.testng.SuiteRunner.runTest(SuiteRunner.java:334)
                        	at org.testng.SuiteRunner.runSequentially(SuiteRunner.java:329)
                        	at org.testng.SuiteRunner.privateRun(SuiteRunner.java:291)
                        	at org.testng.SuiteRunner.run(SuiteRunner.java:240)
                        	at org.testng.SuiteRunnerWorker.runSuite(SuiteRunnerWorker.java:52)
                        	at org.testng.SuiteRunnerWorker.run(SuiteRunnerWorker.java:86)
                        	at org.testng.TestNG.runSuitesSequentially(TestNG.java:1198)
                        	at org.testng.TestNG.runSuitesLocally(TestNG.java:1123)
                        	at org.testng.TestNG.run(TestNG.java:1031)
                        	at org.testng.remote.AbstractRemoteTestNG.run(AbstractRemoteTestNG.java:126)
                        	at org.testng.remote.RemoteTestNG.initAndRun(RemoteTestNG.java:75)
                        	at org.testng.remote.RemoteTestNG.main(RemoteTestNG.java:46)
                     </pre>
                  </div>
               </td>
            </tr>
            <tr id="com.test.regression.cub.testscripts.FindAStore_breakDown_byClass_PASS11_row"
                class="testMethodStatusPASS testMethodStatusCONF">
               <td width="100%" class="firstMethodCell">
                  <a onclick="toggleDetailsVisibility('com.test.regression.cub.testscripts.FindAStore_breakDown_byClass_PASS11_details')">breakDown([TestResult name=setStoreAuthorizedZipcode status=FAILURE method=FindAStore.setStoreAuthorizedZipcode()[pri:0, instance:com.test.regression.cub.testscripts.FindAStore@2b9627bc]
                     output={null}])
                  </a>
               </td>
               <td nowrap="true">15:29:29</td>
               <td nowrap="true" align="right">566 ms
                  
               </td>
               <td nowrap="true">
                   
                  
               </td>
            </tr>
            <tr>
               <td colspan="4" class="detailsBox">
                  <div id="com.test.regression.cub.testscripts.FindAStore_breakDown_byClass_PASS11_details"
                       class="testMethodDetails">
                     <div>
                        <b>Name: </b>breakDown
                     </div>
                     <div>
                        <b>Signature: </b>breakDown(org.testng.ITestResult)[pri:0, instance:com.test.regression.cub.testscripts.FindAStore@2b9627bc]
                     </div>
                     <div>
                        <b>Parameters: </b>
                        
                        [TestResult name=setStoreAuthorizedZipcode status=FAILURE method=FindAStore.setStoreAuthorizedZipcode()[pri:0, instance:com.test.regression.cub.testscripts.FindAStore@2b9627bc]
                        output={null}]
                        
                        
                     </div>
                     <div>
                        <b>Start time: </b>15:29:29
                     </div>
                     <div>
                        <b>End time: </b>15:29:30
                     </div>
                     <div>
                        <b>Duration: </b>566 ms
                        
                     </div>
                  </div>
               </td>
            </tr>
            <tr></tr>
            <tr id="com.test.regression.cub.testscripts.FindAStore_closeDriver_byClass_PASS12_row"
                class="testMethodStatusPASS testMethodStatusCONF">
               <td width="100%" class="firstMethodCell">
                  <a onclick="toggleDetailsVisibility('com.test.regression.cub.testscripts.FindAStore_closeDriver_byClass_PASS12_details')">closeDriver(public void com.test.regression.cub.testscripts.FindAStore.setStoreAuthorizedZipcode())</a>
               </td>
               <td nowrap="true">15:29:30</td>
               <td nowrap="true" align="right">3s
                  
               </td>
               <td nowrap="true">
                   
                  
               </td>
            </tr>
            <tr>
               <td colspan="4" class="detailsBox">
                  <div id="com.test.regression.cub.testscripts.FindAStore_closeDriver_byClass_PASS12_details"
                       class="testMethodDetails">
                     <div>
                        <b>Name: </b>closeDriver
                     </div>
                     <div>
                        <b>Signature: </b>closeDriver(java.lang.reflect.Method)[pri:0, instance:com.test.regression.cub.testscripts.FindAStore@2b9627bc]
                     </div>
                     <div>
                        <b>Parameters: </b>
                        
                        public void com.test.regression.cub.testscripts.FindAStore.setStoreAuthorizedZipcode()
                        
                        
                     </div>
                     <div>
                        <b>Start time: </b>15:29:30
                     </div>
                     <div>
                        <b>End time: </b>15:29:33
                     </div>
                     <div>
                        <b>Duration: </b>3s
                        
                     </div>
                  </div>
               </td>
            </tr>
            <tr></tr>
            <tr id="com.test.regression.cub.testscripts.FindAStore_initialization_byClass_PASS13_row"
                class="testMethodStatusPASS testMethodStatusCONF">
               <td width="100%" class="firstMethodCell">
                  <a onclick="toggleDetailsVisibility('com.test.regression.cub.testscripts.FindAStore_initialization_byClass_PASS13_details')">initialization(public void com.test.regression.cub.testscripts.FindAStore.setStoreAuthorizedCityState())</a>
               </td>
               <td nowrap="true">15:29:33</td>
               <td nowrap="true" align="right">18s
                  
               </td>
               <td nowrap="true">
                   
                  
               </td>
            </tr>
            <tr>
               <td colspan="4" class="detailsBox">
                  <div id="com.test.regression.cub.testscripts.FindAStore_initialization_byClass_PASS13_details"
                       class="testMethodDetails">
                     <div>
                        <b>Name: </b>initialization
                     </div>
                     <div>
                        <b>Signature: </b>initialization(java.lang.reflect.Method)[pri:0, instance:com.test.regression.cub.testscripts.FindAStore@2b9627bc]
                     </div>
                     <div>
                        <b>Parameters: </b>
                        
                        public void com.test.regression.cub.testscripts.FindAStore.setStoreAuthorizedCityState()
                        
                        
                     </div>
                     <div>
                        <b>Start time: </b>15:29:33
                     </div>
                     <div>
                        <b>End time: </b>15:29:52
                     </div>
                     <div>
                        <b>Duration: </b>18s
                        
                     </div>
                  </div>
               </td>
            </tr>
            <tr></tr>
            <tr id="com.test.regression.cub.testscripts.FindAStore_setStoreAuthorizedCityState_byClass_FAIL14_row"
                class="testMethodStatusFAIL">
               <td width="100%" class="firstMethodCell">
                  <a onclick="toggleDetailsVisibility('com.test.regression.cub.testscripts.FindAStore_setStoreAuthorizedCityState_byClass_FAIL14_details')">setStoreAuthorizedCityState()</a>
               </td>
               <td nowrap="true">15:29:52</td>
               <td nowrap="true" align="right">51s
                  
               </td>
               <td nowrap="true">
                  <a onclick="toggleDetailsVisibility('com.test.regression.cub.testscripts.FindAStore_setStoreAuthorizedCityState_byClass_FAIL14_exception')">java.lang.AssertionError: 
                     expected [Cub Foods - Store Search Results] but found [Cub Foods - View Store]
                     
                  </a>
                   
                  
               </td>
            </tr>
            <tr>
               <td colspan="4" class="detailsBox">
                  <div id="com.test.regression.cub.testscripts.FindAStore_setStoreAuthorizedCityState_byClass_FAIL14_details"
                       class="testMethodDetails">
                     <div>
                        <b>Name: </b>setStoreAuthorizedCityState
                     </div>
                     <div>
                        <b>Signature: </b>setStoreAuthorizedCityState()[pri:0, instance:com.test.regression.cub.testscripts.FindAStore@2b9627bc]
                     </div>
                     <div>
                        <b>Start time: </b>15:29:52
                     </div>
                     <div>
                        <b>End time: </b>15:30:44
                     </div>
                     <div>
                        <b>Duration: </b>51s
                        
                     </div>
                  </div>
               </td>
            </tr>
            <tr>
               <td colspan="4" class="detailsBox">
                  <div id="com.test.regression.cub.testscripts.FindAStore_setStoreAuthorizedCityState_byClass_FAIL14_exception"
                       class="testMethodDetails">
                     <pre style="padding: 5px; margin: 0;">java.lang.AssertionError: expected [Cub Foods - Store Search Results] but found [Cub Foods - View Store]
                        	at org.testng.Assert.fail(Assert.java:94)
                        	at org.testng.Assert.failNotEquals(Assert.java:494)
                        	at org.testng.Assert.assertEquals(Assert.java:123)
                        	at org.testng.Assert.assertEquals(Assert.java:176)
                        	at org.testng.Assert.assertEquals(Assert.java:186)
                        	at com.test.regression.cub.testscripts.FindAStore.setStoreAuthorizedCityState(FindAStore.java:253)
                        	at sun.reflect.NativeMethodAccessorImpl.invoke0(Native Method)
                        	at sun.reflect.NativeMethodAccessorImpl.invoke(Unknown Source)
                        	at sun.reflect.DelegatingMethodAccessorImpl.invoke(Unknown Source)
                        	at java.lang.reflect.Method.invoke(Unknown Source)
                        	at org.testng.internal.MethodInvocationHelper.invokeMethod(MethodInvocationHelper.java:80)
                        	at org.testng.internal.Invoker.invokeMethod(Invoker.java:714)
                        	at org.testng.internal.Invoker.invokeTestMethod(Invoker.java:901)
                        	at org.testng.internal.Invoker.invokeTestMethods(Invoker.java:1231)
                        	at org.testng.internal.TestMethodWorker.invokeTestMethods(TestMethodWorker.java:127)
                        	at org.testng.internal.TestMethodWorker.run(TestMethodWorker.java:111)
                        	at org.testng.TestRunner.privateRun(TestRunner.java:767)
                        	at org.testng.TestRunner.run(TestRunner.java:617)
                        	at org.testng.SuiteRunner.runTest(SuiteRunner.java:334)
                        	at org.testng.SuiteRunner.runSequentially(SuiteRunner.java:329)
                        	at org.testng.SuiteRunner.privateRun(SuiteRunner.java:291)
                        	at org.testng.SuiteRunner.run(SuiteRunner.java:240)
                        	at org.testng.SuiteRunnerWorker.runSuite(SuiteRunnerWorker.java:52)
                        	at org.testng.SuiteRunnerWorker.run(SuiteRunnerWorker.java:86)
                        	at org.testng.TestNG.runSuitesSequentially(TestNG.java:1198)
                        	at org.testng.TestNG.runSuitesLocally(TestNG.java:1123)
                        	at org.testng.TestNG.run(TestNG.java:1031)
                        	at org.testng.remote.AbstractRemoteTestNG.run(AbstractRemoteTestNG.java:126)
                        	at org.testng.remote.RemoteTestNG.initAndRun(RemoteTestNG.java:75)
                        	at org.testng.remote.RemoteTestNG.main(RemoteTestNG.java:46)
                     </pre>
                  </div>
               </td>
            </tr>
            <tr id="com.test.regression.cub.testscripts.FindAStore_breakDown_byClass_PASS15_row"
                class="testMethodStatusPASS testMethodStatusCONF">
               <td width="100%" class="firstMethodCell">
                  <a onclick="toggleDetailsVisibility('com.test.regression.cub.testscripts.FindAStore_breakDown_byClass_PASS15_details')">breakDown([TestResult name=setStoreAuthorizedCityState status=FAILURE method=FindAStore.setStoreAuthorizedCityState()[pri:0,
                     instance:com.test.regression.cub.testscripts.FindAStore@2b9627bc] output={null}])
                  </a>
               </td>
               <td nowrap="true">15:30:44</td>
               <td nowrap="true" align="right">293 ms
                  
               </td>
               <td nowrap="true">
                   
                  
               </td>
            </tr>
            <tr>
               <td colspan="4" class="detailsBox">
                  <div id="com.test.regression.cub.testscripts.FindAStore_breakDown_byClass_PASS15_details"
                       class="testMethodDetails">
                     <div>
                        <b>Name: </b>breakDown
                     </div>
                     <div>
                        <b>Signature: </b>breakDown(org.testng.ITestResult)[pri:0, instance:com.test.regression.cub.testscripts.FindAStore@2b9627bc]
                     </div>
                     <div>
                        <b>Parameters: </b>
                        
                        [TestResult name=setStoreAuthorizedCityState status=FAILURE method=FindAStore.setStoreAuthorizedCityState()[pri:0, instance:com.test.regression.cub.testscripts.FindAStore@2b9627bc]
                        output={null}]
                        
                        
                     </div>
                     <div>
                        <b>Start time: </b>15:30:44
                     </div>
                     <div>
                        <b>End time: </b>15:30:44
                     </div>
                     <div>
                        <b>Duration: </b>293 ms
                        
                     </div>
                  </div>
               </td>
            </tr>
            <tr></tr>
            <tr id="com.test.regression.cub.testscripts.FindAStore_closeDriver_byClass_PASS16_row"
                class="testMethodStatusPASS testMethodStatusCONF">
               <td width="100%" class="firstMethodCell">
                  <a onclick="toggleDetailsVisibility('com.test.regression.cub.testscripts.FindAStore_closeDriver_byClass_PASS16_details')">closeDriver(public void com.test.regression.cub.testscripts.FindAStore.setStoreAuthorizedCityState())</a>
               </td>
               <td nowrap="true">15:30:44</td>
               <td nowrap="true" align="right">3s
                  
               </td>
               <td nowrap="true">
                   
                  
               </td>
            </tr>
            <tr>
               <td colspan="4" class="detailsBox">
                  <div id="com.test.regression.cub.testscripts.FindAStore_closeDriver_byClass_PASS16_details"
                       class="testMethodDetails">
                     <div>
                        <b>Name: </b>closeDriver
                     </div>
                     <div>
                        <b>Signature: </b>closeDriver(java.lang.reflect.Method)[pri:0, instance:com.test.regression.cub.testscripts.FindAStore@2b9627bc]
                     </div>
                     <div>
                        <b>Parameters: </b>
                        
                        public void com.test.regression.cub.testscripts.FindAStore.setStoreAuthorizedCityState()
                        
                        
                     </div>
                     <div>
                        <b>Start time: </b>15:30:44
                     </div>
                     <div>
                        <b>End time: </b>15:30:47
                     </div>
                     <div>
                        <b>Duration: </b>3s
                        
                     </div>
                  </div>
               </td>
            </tr>
            <tr></tr>
            <tr id="com.test.regression.cub.testscripts.FindAStore_initialization_byClass_PASS17_row"
                class="testMethodStatusPASS testMethodStatusCONF">
               <td width="100%" class="firstMethodCell">
                  <a onclick="toggleDetailsVisibility('com.test.regression.cub.testscripts.FindAStore_initialization_byClass_PASS17_details')">initialization(public void com.test.regression.cub.testscripts.FindAStore.Miles20())</a>
               </td>
               <td nowrap="true">15:30:47</td>
               <td nowrap="true" align="right">25s
                  
               </td>
               <td nowrap="true">
                   
                  
               </td>
            </tr>
            <tr>
               <td colspan="4" class="detailsBox">
                  <div id="com.test.regression.cub.testscripts.FindAStore_initialization_byClass_PASS17_details"
                       class="testMethodDetails">
                     <div>
                        <b>Name: </b>initialization
                     </div>
                     <div>
                        <b>Signature: </b>initialization(java.lang.reflect.Method)[pri:0, instance:com.test.regression.cub.testscripts.FindAStore@2b9627bc]
                     </div>
                     <div>
                        <b>Parameters: </b>
                        
                        public void com.test.regression.cub.testscripts.FindAStore.Miles20()
                        
                        
                     </div>
                     <div>
                        <b>Start time: </b>15:30:47
                     </div>
                     <div>
                        <b>End time: </b>15:31:13
                     </div>
                     <div>
                        <b>Duration: </b>25s
                        
                     </div>
                  </div>
               </td>
            </tr>
            <tr></tr>
            <tr id="com.test.regression.cub.testscripts.FindAStore_Miles20_byClass_PASS18_row"
                class="testMethodStatusPASS">
               <td width="100%" class="firstMethodCell">
                  <a onclick="toggleDetailsVisibility('com.test.regression.cub.testscripts.FindAStore_Miles20_byClass_PASS18_details')">Miles20()</a>
               </td>
               <td nowrap="true">15:31:13</td>
               <td nowrap="true" align="right">44s
                  
               </td>
               <td nowrap="true">
                   
                  
               </td>
            </tr>
            <tr>
               <td colspan="4" class="detailsBox">
                  <div id="com.test.regression.cub.testscripts.FindAStore_Miles20_byClass_PASS18_details"
                       class="testMethodDetails">
                     <div>
                        <b>Name: </b>Miles20
                     </div>
                     <div>
                        <b>Signature: </b>Miles20()[pri:0, instance:com.test.regression.cub.testscripts.FindAStore@2b9627bc]
                     </div>
                     <div>
                        <b>Start time: </b>15:31:13
                     </div>
                     <div>
                        <b>End time: </b>15:31:57
                     </div>
                     <div>
                        <b>Duration: </b>44s
                        
                     </div>
                  </div>
               </td>
            </tr>
            <tr></tr>
            <tr id="com.test.regression.cub.testscripts.FindAStore_closeDriver_byClass_PASS19_row"
                class="testMethodStatusPASS testMethodStatusCONF">
               <td width="100%" class="firstMethodCell">
                  <a onclick="toggleDetailsVisibility('com.test.regression.cub.testscripts.FindAStore_closeDriver_byClass_PASS19_details')">closeDriver(public void com.test.regression.cub.testscripts.FindAStore.Miles20())</a>
               </td>
               <td nowrap="true">15:31:57</td>
               <td nowrap="true" align="right">3s
                  
               </td>
               <td nowrap="true">
                   
                  
               </td>
            </tr>
            <tr>
               <td colspan="4" class="detailsBox">
                  <div id="com.test.regression.cub.testscripts.FindAStore_closeDriver_byClass_PASS19_details"
                       class="testMethodDetails">
                     <div>
                        <b>Name: </b>closeDriver
                     </div>
                     <div>
                        <b>Signature: </b>closeDriver(java.lang.reflect.Method)[pri:0, instance:com.test.regression.cub.testscripts.FindAStore@2b9627bc]
                     </div>
                     <div>
                        <b>Parameters: </b>
                        
                        public void com.test.regression.cub.testscripts.FindAStore.Miles20()
                        
                        
                     </div>
                     <div>
                        <b>Start time: </b>15:31:57
                     </div>
                     <div>
                        <b>End time: </b>15:32:01
                     </div>
                     <div>
                        <b>Duration: </b>3s
                        
                     </div>
                  </div>
               </td>
            </tr>
            <tr></tr>
            <tr id="com.test.regression.cub.testscripts.FindAStore_breakDown_byClass_PASS20_row"
                class="testMethodStatusPASS testMethodStatusCONF">
               <td width="100%" class="firstMethodCell">
                  <a onclick="toggleDetailsVisibility('com.test.regression.cub.testscripts.FindAStore_breakDown_byClass_PASS20_details')">breakDown([TestResult name=Miles20 status=SUCCESS method=FindAStore.Miles20()[pri:0, instance:com.test.regression.cub.testscripts.FindAStore@2b9627bc]
                     output={null}])
                  </a>
               </td>
               <td nowrap="true">15:31:57</td>
               <td nowrap="true" align="right">0 ms
                  
               </td>
               <td nowrap="true">
                   
                  
               </td>
            </tr>
            <tr>
               <td colspan="4" class="detailsBox">
                  <div id="com.test.regression.cub.testscripts.FindAStore_breakDown_byClass_PASS20_details"
                       class="testMethodDetails">
                     <div>
                        <b>Name: </b>breakDown
                     </div>
                     <div>
                        <b>Signature: </b>breakDown(org.testng.ITestResult)[pri:0, instance:com.test.regression.cub.testscripts.FindAStore@2b9627bc]
                     </div>
                     <div>
                        <b>Parameters: </b>
                        
                        [TestResult name=Miles20 status=SUCCESS method=FindAStore.Miles20()[pri:0, instance:com.test.regression.cub.testscripts.FindAStore@2b9627bc]
                        output={null}]
                        
                        
                     </div>
                     <div>
                        <b>Start time: </b>15:31:57
                     </div>
                     <div>
                        <b>End time: </b>15:31:57
                     </div>
                     <div>
                        <b>Duration: </b>0 ms
                        
                     </div>
                  </div>
               </td>
            </tr>
            <tr></tr>
            <tr id="com.test.regression.cub.testscripts.FindAStore_initialization_byClass_PASS21_row"
                class="testMethodStatusPASS testMethodStatusCONF">
               <td width="100%" class="firstMethodCell">
                  <a onclick="toggleDetailsVisibility('com.test.regression.cub.testscripts.FindAStore_initialization_byClass_PASS21_details')">initialization(public void com.test.regression.cub.testscripts.FindAStore.Miles50())</a>
               </td>
               <td nowrap="true">15:32:01</td>
               <td nowrap="true" align="right">21s
                  
               </td>
               <td nowrap="true">
                   
                  
               </td>
            </tr>
            <tr>
               <td colspan="4" class="detailsBox">
                  <div id="com.test.regression.cub.testscripts.FindAStore_initialization_byClass_PASS21_details"
                       class="testMethodDetails">
                     <div>
                        <b>Name: </b>initialization
                     </div>
                     <div>
                        <b>Signature: </b>initialization(java.lang.reflect.Method)[pri:0, instance:com.test.regression.cub.testscripts.FindAStore@2b9627bc]
                     </div>
                     <div>
                        <b>Parameters: </b>
                        
                        public void com.test.regression.cub.testscripts.FindAStore.Miles50()
                        
                        
                     </div>
                     <div>
                        <b>Start time: </b>15:32:01
                     </div>
                     <div>
                        <b>End time: </b>15:32:22
                     </div>
                     <div>
                        <b>Duration: </b>21s
                        
                     </div>
                  </div>
               </td>
            </tr>
            <tr></tr>
            <tr id="com.test.regression.cub.testscripts.FindAStore_Miles50_byClass_PASS22_row"
                class="testMethodStatusPASS">
               <td width="100%" class="firstMethodCell">
                  <a onclick="toggleDetailsVisibility('com.test.regression.cub.testscripts.FindAStore_Miles50_byClass_PASS22_details')">Miles50()</a>
               </td>
               <td nowrap="true">15:32:22</td>
               <td nowrap="true" align="right">34s
                  
               </td>
               <td nowrap="true">
                   
                  
               </td>
            </tr>
            <tr>
               <td colspan="4" class="detailsBox">
                  <div id="com.test.regression.cub.testscripts.FindAStore_Miles50_byClass_PASS22_details"
                       class="testMethodDetails">
                     <div>
                        <b>Name: </b>Miles50
                     </div>
                     <div>
                        <b>Signature: </b>Miles50()[pri:0, instance:com.test.regression.cub.testscripts.FindAStore@2b9627bc]
                     </div>
                     <div>
                        <b>Start time: </b>15:32:22
                     </div>
                     <div>
                        <b>End time: </b>15:32:56
                     </div>
                     <div>
                        <b>Duration: </b>34s
                        
                     </div>
                  </div>
               </td>
            </tr>
            <tr></tr>
            <tr id="com.test.regression.cub.testscripts.FindAStore_closeDriver_byClass_PASS23_row"
                class="testMethodStatusPASS testMethodStatusCONF">
               <td width="100%" class="firstMethodCell">
                  <a onclick="toggleDetailsVisibility('com.test.regression.cub.testscripts.FindAStore_closeDriver_byClass_PASS23_details')">closeDriver(public void com.test.regression.cub.testscripts.FindAStore.Miles50())</a>
               </td>
               <td nowrap="true">15:32:56</td>
               <td nowrap="true" align="right">3s
                  
               </td>
               <td nowrap="true">
                   
                  
               </td>
            </tr>
            <tr>
               <td colspan="4" class="detailsBox">
                  <div id="com.test.regression.cub.testscripts.FindAStore_closeDriver_byClass_PASS23_details"
                       class="testMethodDetails">
                     <div>
                        <b>Name: </b>closeDriver
                     </div>
                     <div>
                        <b>Signature: </b>closeDriver(java.lang.reflect.Method)[pri:0, instance:com.test.regression.cub.testscripts.FindAStore@2b9627bc]
                     </div>
                     <div>
                        <b>Parameters: </b>
                        
                        public void com.test.regression.cub.testscripts.FindAStore.Miles50()
                        
                        
                     </div>
                     <div>
                        <b>Start time: </b>15:32:56
                     </div>
                     <div>
                        <b>End time: </b>15:32:59
                     </div>
                     <div>
                        <b>Duration: </b>3s
                        
                     </div>
                  </div>
               </td>
            </tr>
            <tr></tr>
            <tr id="com.test.regression.cub.testscripts.FindAStore_breakDown_byClass_PASS24_row"
                class="testMethodStatusPASS testMethodStatusCONF">
               <td width="100%" class="firstMethodCell">
                  <a onclick="toggleDetailsVisibility('com.test.regression.cub.testscripts.FindAStore_breakDown_byClass_PASS24_details')">breakDown([TestResult name=Miles50 status=SUCCESS method=FindAStore.Miles50()[pri:0, instance:com.test.regression.cub.testscripts.FindAStore@2b9627bc]
                     output={null}])
                  </a>
               </td>
               <td nowrap="true">15:32:56</td>
               <td nowrap="true" align="right">0 ms
                  
               </td>
               <td nowrap="true">
                   
                  
               </td>
            </tr>
            <tr>
               <td colspan="4" class="detailsBox">
                  <div id="com.test.regression.cub.testscripts.FindAStore_breakDown_byClass_PASS24_details"
                       class="testMethodDetails">
                     <div>
                        <b>Name: </b>breakDown
                     </div>
                     <div>
                        <b>Signature: </b>breakDown(org.testng.ITestResult)[pri:0, instance:com.test.regression.cub.testscripts.FindAStore@2b9627bc]
                     </div>
                     <div>
                        <b>Parameters: </b>
                        
                        [TestResult name=Miles50 status=SUCCESS method=FindAStore.Miles50()[pri:0, instance:com.test.regression.cub.testscripts.FindAStore@2b9627bc]
                        output={null}]
                        
                        
                     </div>
                     <div>
                        <b>Start time: </b>15:32:56
                     </div>
                     <div>
                        <b>End time: </b>15:32:56
                     </div>
                     <div>
                        <b>Duration: </b>0 ms
                        
                     </div>
                  </div>
               </td>
            </tr>
            <tr></tr>
            <tr id="com.test.regression.cub.testscripts.FindAStore_initialization_byClass_PASS25_row"
                class="testMethodStatusPASS testMethodStatusCONF">
               <td width="100%" class="firstMethodCell">
                  <a onclick="toggleDetailsVisibility('com.test.regression.cub.testscripts.FindAStore_initialization_byClass_PASS25_details')">initialization(public void com.test.regression.cub.testscripts.FindAStore.changeStoreFromDifferentPages())</a>
               </td>
               <td nowrap="true">15:32:59</td>
               <td nowrap="true" align="right">16s
                  
               </td>
               <td nowrap="true">
                   
                  
               </td>
            </tr>
            <tr>
               <td colspan="4" class="detailsBox">
                  <div id="com.test.regression.cub.testscripts.FindAStore_initialization_byClass_PASS25_details"
                       class="testMethodDetails">
                     <div>
                        <b>Name: </b>initialization
                     </div>
                     <div>
                        <b>Signature: </b>initialization(java.lang.reflect.Method)[pri:0, instance:com.test.regression.cub.testscripts.FindAStore@2b9627bc]
                     </div>
                     <div>
                        <b>Parameters: </b>
                        
                        public void com.test.regression.cub.testscripts.FindAStore.changeStoreFromDifferentPages()
                        
                        
                     </div>
                     <div>
                        <b>Start time: </b>15:32:59
                     </div>
                     <div>
                        <b>End time: </b>15:33:16
                     </div>
                     <div>
                        <b>Duration: </b>16s
                        
                     </div>
                  </div>
               </td>
            </tr>
            <tr></tr>
            <tr id="com.test.regression.cub.testscripts.FindAStore_changeStoreFromDifferentPages_byClass_FAIL26_row"
                class="testMethodStatusFAIL">
               <td width="100%" class="firstMethodCell">
                  <a onclick="toggleDetailsVisibility('com.test.regression.cub.testscripts.FindAStore_changeStoreFromDifferentPages_byClass_FAIL26_details')">changeStoreFromDifferentPages()</a>
               </td>
               <td nowrap="true">15:33:16</td>
               <td nowrap="true" align="right">35s
                  
               </td>
               <td nowrap="true">
                  <a onclick="toggleDetailsVisibility('com.test.regression.cub.testscripts.FindAStore_changeStoreFromDifferentPages_byClass_FAIL26_exception')">java.lang.AssertionError: 
                     expected [true] but found [false]
                     
                  </a>
                   
                  
               </td>
            </tr>
            <tr>
               <td colspan="4" class="detailsBox">
                  <div id="com.test.regression.cub.testscripts.FindAStore_changeStoreFromDifferentPages_byClass_FAIL26_details"
                       class="testMethodDetails">
                     <div>
                        <b>Name: </b>changeStoreFromDifferentPages
                     </div>
                     <div>
                        <b>Signature: </b>changeStoreFromDifferentPages()[pri:0, instance:com.test.regression.cub.testscripts.FindAStore@2b9627bc]
                     </div>
                     <div>
                        <b>Start time: </b>15:33:16
                     </div>
                     <div>
                        <b>End time: </b>15:33:51
                     </div>
                     <div>
                        <b>Duration: </b>35s
                        
                     </div>
                  </div>
               </td>
            </tr>
            <tr>
               <td colspan="4" class="detailsBox">
                  <div id="com.test.regression.cub.testscripts.FindAStore_changeStoreFromDifferentPages_byClass_FAIL26_exception"
                       class="testMethodDetails">
                     <pre style="padding: 5px; margin: 0;">java.lang.AssertionError: expected [true] but found [false]
                        	at org.testng.Assert.fail(Assert.java:94)
                        	at org.testng.Assert.failNotEquals(Assert.java:494)
                        	at org.testng.Assert.assertTrue(Assert.java:42)
                        	at org.testng.Assert.assertTrue(Assert.java:52)
                        	at com.test.regression.cub.testscripts.FindAStore.changeStoreFromDifferentPages(FindAStore.java:427)
                        	at sun.reflect.NativeMethodAccessorImpl.invoke0(Native Method)
                        	at sun.reflect.NativeMethodAccessorImpl.invoke(Unknown Source)
                        	at sun.reflect.DelegatingMethodAccessorImpl.invoke(Unknown Source)
                        	at java.lang.reflect.Method.invoke(Unknown Source)
                        	at org.testng.internal.MethodInvocationHelper.invokeMethod(MethodInvocationHelper.java:80)
                        	at org.testng.internal.Invoker.invokeMethod(Invoker.java:714)
                        	at org.testng.internal.Invoker.invokeTestMethod(Invoker.java:901)
                        	at org.testng.internal.Invoker.invokeTestMethods(Invoker.java:1231)
                        	at org.testng.internal.TestMethodWorker.invokeTestMethods(TestMethodWorker.java:127)
                        	at org.testng.internal.TestMethodWorker.run(TestMethodWorker.java:111)
                        	at org.testng.TestRunner.privateRun(TestRunner.java:767)
                        	at org.testng.TestRunner.run(TestRunner.java:617)
                        	at org.testng.SuiteRunner.runTest(SuiteRunner.java:334)
                        	at org.testng.SuiteRunner.runSequentially(SuiteRunner.java:329)
                        	at org.testng.SuiteRunner.privateRun(SuiteRunner.java:291)
                        	at org.testng.SuiteRunner.run(SuiteRunner.java:240)
                        	at org.testng.SuiteRunnerWorker.runSuite(SuiteRunnerWorker.java:52)
                        	at org.testng.SuiteRunnerWorker.run(SuiteRunnerWorker.java:86)
                        	at org.testng.TestNG.runSuitesSequentially(TestNG.java:1198)
                        	at org.testng.TestNG.runSuitesLocally(TestNG.java:1123)
                        	at org.testng.TestNG.run(TestNG.java:1031)
                        	at org.testng.remote.AbstractRemoteTestNG.run(AbstractRemoteTestNG.java:126)
                        	at org.testng.remote.RemoteTestNG.initAndRun(RemoteTestNG.java:75)
                        	at org.testng.remote.RemoteTestNG.main(RemoteTestNG.java:46)
                     </pre>
                  </div>
               </td>
            </tr>
            <tr id="com.test.regression.cub.testscripts.FindAStore_breakDown_byClass_PASS27_row"
                class="testMethodStatusPASS testMethodStatusCONF">
               <td width="100%" class="firstMethodCell">
                  <a onclick="toggleDetailsVisibility('com.test.regression.cub.testscripts.FindAStore_breakDown_byClass_PASS27_details')">breakDown([TestResult name=changeStoreFromDifferentPages status=FAILURE method=FindAStore.changeStoreFromDifferentPages()[pri:0,
                     instance:com.test.regression.cub.testscripts.FindAStore@2b9627bc] output={null}])
                  </a>
               </td>
               <td nowrap="true">15:33:51</td>
               <td nowrap="true" align="right">921 ms
                  
               </td>
               <td nowrap="true">
                   
                  
               </td>
            </tr>
            <tr>
               <td colspan="4" class="detailsBox">
                  <div id="com.test.regression.cub.testscripts.FindAStore_breakDown_byClass_PASS27_details"
                       class="testMethodDetails">
                     <div>
                        <b>Name: </b>breakDown
                     </div>
                     <div>
                        <b>Signature: </b>breakDown(org.testng.ITestResult)[pri:0, instance:com.test.regression.cub.testscripts.FindAStore@2b9627bc]
                     </div>
                     <div>
                        <b>Parameters: </b>
                        
                        [TestResult name=changeStoreFromDifferentPages status=FAILURE method=FindAStore.changeStoreFromDifferentPages()[pri:0, instance:com.test.regression.cub.testscripts.FindAStore@2b9627bc]
                        output={null}]
                        
                        
                     </div>
                     <div>
                        <b>Start time: </b>15:33:51
                     </div>
                     <div>
                        <b>End time: </b>15:33:52
                     </div>
                     <div>
                        <b>Duration: </b>921 ms
                        
                     </div>
                  </div>
               </td>
            </tr>
            <tr></tr>
            <tr id="com.test.regression.cub.testscripts.FindAStore_closeDriver_byClass_PASS28_row"
                class="testMethodStatusPASS testMethodStatusCONF">
               <td width="100%" class="firstMethodCell">
                  <a onclick="toggleDetailsVisibility('com.test.regression.cub.testscripts.FindAStore_closeDriver_byClass_PASS28_details')">closeDriver(public void com.test.regression.cub.testscripts.FindAStore.changeStoreFromDifferentPages())</a>
               </td>
               <td nowrap="true">15:33:52</td>
               <td nowrap="true" align="right">5s
                  
               </td>
               <td nowrap="true">
                   
                  
               </td>
            </tr>
            <tr>
               <td colspan="4" class="detailsBox">
                  <div id="com.test.regression.cub.testscripts.FindAStore_closeDriver_byClass_PASS28_details"
                       class="testMethodDetails">
                     <div>
                        <b>Name: </b>closeDriver
                     </div>
                     <div>
                        <b>Signature: </b>closeDriver(java.lang.reflect.Method)[pri:0, instance:com.test.regression.cub.testscripts.FindAStore@2b9627bc]
                     </div>
                     <div>
                        <b>Parameters: </b>
                        
                        public void com.test.regression.cub.testscripts.FindAStore.changeStoreFromDifferentPages()
                        
                        
                     </div>
                     <div>
                        <b>Start time: </b>15:33:52
                     </div>
                     <div>
                        <b>End time: </b>15:33:58
                     </div>
                     <div>
                        <b>Duration: </b>5s
                        
                     </div>
                  </div>
               </td>
            </tr>
            <tr></tr>
            <tr id="com.test.regression.cub.testscripts.FindAStore_initialization_byClass_PASS29_row"
                class="testMethodStatusPASS testMethodStatusCONF">
               <td width="100%" class="firstMethodCell">
                  <a onclick="toggleDetailsVisibility('com.test.regression.cub.testscripts.FindAStore_initialization_byClass_PASS29_details')">initialization(public void com.test.regression.cub.testscripts.FindAStore.StoresbyState())</a>
               </td>
               <td nowrap="true">15:33:58</td>
               <td nowrap="true" align="right">17s
                  
               </td>
               <td nowrap="true">
                   
                  
               </td>
            </tr>
            <tr>
               <td colspan="4" class="detailsBox">
                  <div id="com.test.regression.cub.testscripts.FindAStore_initialization_byClass_PASS29_details"
                       class="testMethodDetails">
                     <div>
                        <b>Name: </b>initialization
                     </div>
                     <div>
                        <b>Signature: </b>initialization(java.lang.reflect.Method)[pri:0, instance:com.test.regression.cub.testscripts.FindAStore@2b9627bc]
                     </div>
                     <div>
                        <b>Parameters: </b>
                        
                        public void com.test.regression.cub.testscripts.FindAStore.StoresbyState()
                        
                        
                     </div>
                     <div>
                        <b>Start time: </b>15:33:58
                     </div>
                     <div>
                        <b>End time: </b>15:34:16
                     </div>
                     <div>
                        <b>Duration: </b>17s
                        
                     </div>
                  </div>
               </td>
            </tr>
            <tr></tr>
            <tr id="com.test.regression.cub.testscripts.FindAStore_StoresbyState_byClass_PASS30_row"
                class="testMethodStatusPASS">
               <td width="100%" class="firstMethodCell">
                  <a onclick="toggleDetailsVisibility('com.test.regression.cub.testscripts.FindAStore_StoresbyState_byClass_PASS30_details')">StoresbyState()</a>
               </td>
               <td nowrap="true">15:34:16</td>
               <td nowrap="true" align="right">39s
                  
               </td>
               <td nowrap="true">
                   
                  
               </td>
            </tr>
            <tr>
               <td colspan="4" class="detailsBox">
                  <div id="com.test.regression.cub.testscripts.FindAStore_StoresbyState_byClass_PASS30_details"
                       class="testMethodDetails">
                     <div>
                        <b>Name: </b>StoresbyState
                     </div>
                     <div>
                        <b>Signature: </b>StoresbyState()[pri:0, instance:com.test.regression.cub.testscripts.FindAStore@2b9627bc]
                     </div>
                     <div>
                        <b>Start time: </b>15:34:16
                     </div>
                     <div>
                        <b>End time: </b>15:34:56
                     </div>
                     <div>
                        <b>Duration: </b>39s
                        
                     </div>
                  </div>
               </td>
            </tr>
            <tr></tr>
            <tr id="com.test.regression.cub.testscripts.FindAStore_breakDown_byClass_PASS31_row"
                class="testMethodStatusPASS testMethodStatusCONF">
               <td width="100%" class="firstMethodCell">
                  <a onclick="toggleDetailsVisibility('com.test.regression.cub.testscripts.FindAStore_breakDown_byClass_PASS31_details')">breakDown([TestResult name=StoresbyState status=SUCCESS method=FindAStore.StoresbyState()[pri:0, instance:com.test.regression.cub.testscripts.FindAStore@2b9627bc]
                     output={null}])
                  </a>
               </td>
               <td nowrap="true">15:34:56</td>
               <td nowrap="true" align="right">0 ms
                  
               </td>
               <td nowrap="true">
                   
                  
               </td>
            </tr>
            <tr>
               <td colspan="4" class="detailsBox">
                  <div id="com.test.regression.cub.testscripts.FindAStore_breakDown_byClass_PASS31_details"
                       class="testMethodDetails">
                     <div>
                        <b>Name: </b>breakDown
                     </div>
                     <div>
                        <b>Signature: </b>breakDown(org.testng.ITestResult)[pri:0, instance:com.test.regression.cub.testscripts.FindAStore@2b9627bc]
                     </div>
                     <div>
                        <b>Parameters: </b>
                        
                        [TestResult name=StoresbyState status=SUCCESS method=FindAStore.StoresbyState()[pri:0, instance:com.test.regression.cub.testscripts.FindAStore@2b9627bc]
                        output={null}]
                        
                        
                     </div>
                     <div>
                        <b>Start time: </b>15:34:56
                     </div>
                     <div>
                        <b>End time: </b>15:34:56
                     </div>
                     <div>
                        <b>Duration: </b>0 ms
                        
                     </div>
                  </div>
               </td>
            </tr>
            <tr></tr>
            <tr id="com.test.regression.cub.testscripts.FindAStore_closeDriver_byClass_PASS32_row"
                class="testMethodStatusPASS testMethodStatusCONF">
               <td width="100%" class="firstMethodCell">
                  <a onclick="toggleDetailsVisibility('com.test.regression.cub.testscripts.FindAStore_closeDriver_byClass_PASS32_details')">closeDriver(public void com.test.regression.cub.testscripts.FindAStore.StoresbyState())</a>
               </td>
               <td nowrap="true">15:34:56</td>
               <td nowrap="true" align="right">4s
                  
               </td>
               <td nowrap="true">
                   
                  
               </td>
            </tr>
            <tr>
               <td colspan="4" class="detailsBox">
                  <div id="com.test.regression.cub.testscripts.FindAStore_closeDriver_byClass_PASS32_details"
                       class="testMethodDetails">
                     <div>
                        <b>Name: </b>closeDriver
                     </div>
                     <div>
                        <b>Signature: </b>closeDriver(java.lang.reflect.Method)[pri:0, instance:com.test.regression.cub.testscripts.FindAStore@2b9627bc]
                     </div>
                     <div>
                        <b>Parameters: </b>
                        
                        public void com.test.regression.cub.testscripts.FindAStore.StoresbyState()
                        
                        
                     </div>
                     <div>
                        <b>Start time: </b>15:34:56
                     </div>
                     <div>
                        <b>End time: </b>15:35:01
                     </div>
                     <div>
                        <b>Duration: </b>4s
                        
                     </div>
                  </div>
               </td>
            </tr>
            <tr></tr>
         </table>
         <br></br>
      </div>
      <div style="margin-top: 15px; color: gray; text-align: center; font-size: 9px;">
         Generated with
         
         <a href="http://code.google.com/p/testng-xslt/" style="color: #8888aa;"
            target="_blank">
            TestNG XSLT
            
         </a>
      </div>
   </body>
</html>