<?xml version="1.0" encoding="UTF-8"?>
<testng-results skipped="0" failed="0" total="1" passed="1">
  <reporter-output>
  </reporter-output>
  <suite name="Default suite" duration-ms="176196" started-at="2016-10-07T09:20:05Z" finished-at="2016-10-07T09:23:01Z">
    <groups>
    </groups>
    <test name="Default test" duration-ms="176196" started-at="2016-10-07T09:20:05Z" finished-at="2016-10-07T09:23:01Z">
      <class name="com.test.regression.eDeals.testscripts.CouponContentValidationFlow">
        <test-method status="PASS" signature="initialization(java.lang.reflect.Method)[pri:0, instance:com.test.regression.eDeals.testscripts.CouponContentValidationFlow@3f1f39]" name="initialization" is-config="true" duration-ms="16447" started-at="2016-10-07T14:50:05Z" finished-at="2016-10-07T14:50:21Z">
          <params>
            <param index="0">
              <value>
                <![CDATA[public void com.test.regression.eDeals.testscripts.CouponContentValidationFlow.couponContentValidation() throws java.lang.InterruptedException,javax.xml.xpath.XPathExpressionException,javax.xml.parsers.ParserConfigurationException,org.xml.sax.SAXException,java.io.IOException]]>
              </value>
            </param>
          </params>
          <reporter-output>
          </reporter-output>
        </test-method> <!-- initialization -->
        <test-method status="PASS" signature="couponContentValidation()[pri:0, instance:com.test.regression.eDeals.testscripts.CouponContentValidationFlow@3f1f39]" name="couponContentValidation" duration-ms="156220" started-at="2016-10-07T14:50:21Z" finished-at="2016-10-07T14:52:57Z">
          <reporter-output>
          </reporter-output>
        </test-method> <!-- couponContentValidation -->
        <test-method status="PASS" signature="closeDriver(java.lang.reflect.Method)[pri:0, instance:com.test.regression.eDeals.testscripts.CouponContentValidationFlow@3f1f39]" name="closeDriver" is-config="true" duration-ms="3485" started-at="2016-10-07T14:52:57Z" finished-at="2016-10-07T14:53:01Z">
          <params>
            <param index="0">
              <value>
                <![CDATA[public void com.test.regression.eDeals.testscripts.CouponContentValidationFlow.couponContentValidation() throws java.lang.InterruptedException,javax.xml.xpath.XPathExpressionException,javax.xml.parsers.ParserConfigurationException,org.xml.sax.SAXException,java.io.IOException]]>
              </value>
            </param>
          </params>
          <reporter-output>
          </reporter-output>
        </test-method> <!-- closeDriver -->
      </class> <!-- com.test.regression.eDeals.testscripts.CouponContentValidationFlow -->
    </test> <!-- Default test -->
  </suite> <!-- Default suite -->
</testng-results>
