<?xml version="1.0" encoding="UTF-8"?>
<testng-results skipped="5" failed="0" total="5" passed="0">
  <reporter-output>
  </reporter-output>
  <suite name="Suite" duration-ms="237" started-at="2016-10-18T06:12:20Z" finished-at="2016-10-18T06:12:20Z">
    <groups>
    </groups>
    <test name="eDeals Regression" duration-ms="237" started-at="2016-10-18T06:12:20Z" finished-at="2016-10-18T06:12:20Z">
      <class name="com.test.regression.eDeals.testscripts.NegativeFlow">
        <test-method status="SKIP" signature="initialization(java.lang.reflect.Method)[pri:0, instance:com.test.regression.eDeals.testscripts.NegativeFlow@1d159e4]" name="initialization" is-config="true" duration-ms="0" started-at="2016-10-18T11:42:20Z" finished-at="2016-10-18T11:42:20Z">
          <reporter-output>
          </reporter-output>
        </test-method> <!-- initialization -->
        <test-method status="SKIP" signature="NegDeal()[pri:0, instance:com.test.regression.eDeals.testscripts.NegativeFlow@1d159e4]" name="NegDeal" duration-ms="3" started-at="2016-10-18T11:42:20Z" finished-at="2016-10-18T11:42:20Z">
          <reporter-output>
          </reporter-output>
        </test-method> <!-- NegDeal -->
        <test-method status="SKIP" signature="closeDriver(java.lang.reflect.Method)[pri:0, instance:com.test.regression.eDeals.testscripts.NegativeFlow@1d159e4]" name="closeDriver" is-config="true" duration-ms="0" started-at="2016-10-18T11:42:20Z" finished-at="2016-10-18T11:42:20Z">
          <reporter-output>
          </reporter-output>
        </test-method> <!-- closeDriver -->
        <test-method status="SKIP" signature="initialization(java.lang.reflect.Method)[pri:0, instance:com.test.regression.eDeals.testscripts.NegativeFlow@1d159e4]" name="initialization" is-config="true" duration-ms="0" started-at="2016-10-18T11:42:20Z" finished-at="2016-10-18T11:42:20Z">
          <reporter-output>
          </reporter-output>
        </test-method> <!-- initialization -->
        <test-method status="SKIP" signature="Disabled()[pri:0, instance:com.test.regression.eDeals.testscripts.NegativeFlow@1d159e4]" name="Disabled" duration-ms="9" started-at="2016-10-18T11:42:20Z" finished-at="2016-10-18T11:42:20Z">
          <reporter-output>
          </reporter-output>
        </test-method> <!-- Disabled -->
        <test-method status="SKIP" signature="closeDriver(java.lang.reflect.Method)[pri:0, instance:com.test.regression.eDeals.testscripts.NegativeFlow@1d159e4]" name="closeDriver" is-config="true" duration-ms="0" started-at="2016-10-18T11:42:20Z" finished-at="2016-10-18T11:42:20Z">
          <reporter-output>
          </reporter-output>
        </test-method> <!-- closeDriver -->
      </class> <!-- com.test.regression.eDeals.testscripts.NegativeFlow -->
      <class name="com.test.regression.eDeals.testscripts.ReviewFlow">
        <test-method status="SKIP" signature="initialization(java.lang.reflect.Method)[pri:0, instance:com.test.regression.eDeals.testscripts.ReviewFlow@8420c8]" name="initialization" is-config="true" duration-ms="0" started-at="2016-10-18T11:42:20Z" finished-at="2016-10-18T11:42:20Z">
          <reporter-output>
          </reporter-output>
        </test-method> <!-- initialization -->
        <test-method status="SKIP" signature="reviewDeal()[pri:0, instance:com.test.regression.eDeals.testscripts.ReviewFlow@8420c8]" name="reviewDeal" duration-ms="4" started-at="2016-10-18T11:42:20Z" finished-at="2016-10-18T11:42:20Z">
          <reporter-output>
          </reporter-output>
        </test-method> <!-- reviewDeal -->
        <test-method status="SKIP" signature="closeDriver(java.lang.reflect.Method)[pri:0, instance:com.test.regression.eDeals.testscripts.ReviewFlow@8420c8]" name="closeDriver" is-config="true" duration-ms="0" started-at="2016-10-18T11:42:20Z" finished-at="2016-10-18T11:42:20Z">
          <reporter-output>
          </reporter-output>
        </test-method> <!-- closeDriver -->
      </class> <!-- com.test.regression.eDeals.testscripts.ReviewFlow -->
      <class name="com.test.regression.eDeals.testscripts.CreateFlow">
        <test-method status="FAIL" signature="initialization(java.lang.reflect.Method)[pri:0, instance:com.test.regression.eDeals.testscripts.CreateFlow@80a22]" name="initialization" is-config="true" duration-ms="0" started-at="2016-10-18T11:42:20Z" finished-at="2016-10-18T11:42:20Z">
          <params>
            <param index="0">
              <value>
                <![CDATA[public void com.test.regression.eDeals.testscripts.CreateFlow.createDeal() throws java.lang.InterruptedException,javax.xml.xpath.XPathExpressionException,javax.xml.parsers.ParserConfigurationException,org.xml.sax.SAXException,java.io.IOException]]>
              </value>
            </param>
          </params>
          <exception class="java.lang.NullPointerException">
            <full-stacktrace>
              <![CDATA[java.lang.NullPointerException
	at com.test.regression.eDeals.utils.SuiteBase.InitializeDriver(SuiteBase.java:120)
	at com.test.regression.eDeals.utils.SuiteBase.initialization(SuiteBase.java:70)
	at sun.reflect.NativeMethodAccessorImpl.invoke0(Native Method)
	at sun.reflect.NativeMethodAccessorImpl.invoke(Unknown Source)
	at sun.reflect.DelegatingMethodAccessorImpl.invoke(Unknown Source)
	at java.lang.reflect.Method.invoke(Unknown Source)
	at org.testng.internal.MethodInvocationHelper.invokeMethod(MethodInvocationHelper.java:80)
	at org.testng.internal.Invoker.invokeConfigurationMethod(Invoker.java:564)
	at org.testng.internal.Invoker.invokeConfigurations(Invoker.java:213)
	at org.testng.internal.Invoker.invokeMethod(Invoker.java:653)
	at org.testng.internal.Invoker.invokeTestMethod(Invoker.java:901)
	at org.testng.internal.Invoker.invokeTestMethods(Invoker.java:1231)
	at org.testng.internal.TestMethodWorker.invokeTestMethods(TestMethodWorker.java:127)
	at org.testng.internal.TestMethodWorker.run(TestMethodWorker.java:111)
	at org.testng.TestRunner.privateRun(TestRunner.java:767)
	at org.testng.TestRunner.run(TestRunner.java:617)
	at org.testng.SuiteRunner.runTest(SuiteRunner.java:334)
	at org.testng.SuiteRunner.runSequentially(SuiteRunner.java:329)
	at org.testng.SuiteRunner.privateRun(SuiteRunner.java:291)
	at org.testng.SuiteRunner.run(SuiteRunner.java:240)
	at org.testng.SuiteRunnerWorker.runSuite(SuiteRunnerWorker.java:52)
	at org.testng.SuiteRunnerWorker.run(SuiteRunnerWorker.java:86)
	at org.testng.TestNG.runSuitesSequentially(TestNG.java:1198)
	at org.testng.TestNG.runSuitesLocally(TestNG.java:1123)
	at org.testng.TestNG.run(TestNG.java:1031)
	at org.testng.remote.AbstractRemoteTestNG.run(AbstractRemoteTestNG.java:126)
	at org.testng.remote.RemoteTestNG.initAndRun(RemoteTestNG.java:152)
	at org.testng.remote.RemoteTestNG.main(RemoteTestNG.java:57)
]]>
            </full-stacktrace>
          </exception> <!-- java.lang.NullPointerException -->
          <reporter-output>
          </reporter-output>
        </test-method> <!-- initialization -->
        <test-method status="SKIP" signature="createDeal()[pri:0, instance:com.test.regression.eDeals.testscripts.CreateFlow@80a22]" name="createDeal" duration-ms="12" started-at="2016-10-18T11:42:20Z" finished-at="2016-10-18T11:42:20Z">
          <reporter-output>
          </reporter-output>
        </test-method> <!-- createDeal -->
        <test-method status="SKIP" signature="closeDriver(java.lang.reflect.Method)[pri:0, instance:com.test.regression.eDeals.testscripts.CreateFlow@80a22]" name="closeDriver" is-config="true" duration-ms="0" started-at="2016-10-18T11:42:20Z" finished-at="2016-10-18T11:42:20Z">
          <reporter-output>
          </reporter-output>
        </test-method> <!-- closeDriver -->
      </class> <!-- com.test.regression.eDeals.testscripts.CreateFlow -->
      <class name="com.test.regression.eDeals.testscripts.CouponContentValidationFlow">
        <test-method status="SKIP" signature="initialization(java.lang.reflect.Method)[pri:0, instance:com.test.regression.eDeals.testscripts.CouponContentValidationFlow@164ad98]" name="initialization" is-config="true" duration-ms="0" started-at="2016-10-18T11:42:20Z" finished-at="2016-10-18T11:42:20Z">
          <reporter-output>
          </reporter-output>
        </test-method> <!-- initialization -->
        <test-method status="SKIP" signature="couponContentValidation()[pri:0, instance:com.test.regression.eDeals.testscripts.CouponContentValidationFlow@164ad98]" name="couponContentValidation" duration-ms="3" started-at="2016-10-18T11:42:20Z" finished-at="2016-10-18T11:42:20Z">
          <reporter-output>
          </reporter-output>
        </test-method> <!-- couponContentValidation -->
        <test-method status="SKIP" signature="closeDriver(java.lang.reflect.Method)[pri:0, instance:com.test.regression.eDeals.testscripts.CouponContentValidationFlow@164ad98]" name="closeDriver" is-config="true" duration-ms="0" started-at="2016-10-18T11:42:20Z" finished-at="2016-10-18T11:42:20Z">
          <reporter-output>
          </reporter-output>
        </test-method> <!-- closeDriver -->
      </class> <!-- com.test.regression.eDeals.testscripts.CouponContentValidationFlow -->
    </test> <!-- eDeals Regression -->
  </suite> <!-- Suite -->
</testng-results>
